TpTrace Verbose: 0 : 17828, 1, 2024/02/16, 21:33:25.421, 873075014266, vstest.console.dll, Version: 17.8.0-release-23523-03 Current process architecture: X64
TpTrace Verbose: 0 : 17828, 1, 2024/02/16, 21:33:25.424, 873075044305, vstest.console.dll, Runtime location: C:\Program Files\dotnet\shared\Microsoft.NETCore.App\8.0.0
TpTrace Verbose: 0 : 17828, 1, 2024/02/16, 21:33:25.425, 873075062217, vstest.console.dll, ArtifactProcessingPostProcessModeProcessorExecutor.Initialize: ArtifactProcessingMode.Collect
TpTrace Verbose: 0 : 17828, 1, 2024/02/16, 21:33:25.426, 873075063589, vstest.console.dll, TestSessionCorrelationIdProcessorModeProcessorExecutor.Initialize: TestSessionCorrelationId '10356_cfb8fa91-f86d-4f2e-a0a8-5d431c79a914'
TpTrace Information: 0 : 17828, 1, 2024/02/16, 21:33:25.434, 873075152843, vstest.console.dll, FilePatternParser: The given file D:\Visual Studio Projects\Back-End Technologies Basics - January 2024\13.02.24 Code Coverage\MyArrayExample\MyArrayExample\MyArrayExample.Tests\bin\Debug\net8.0\fine-code-coverage\build-output\MyArrayExample.Tests.dll is a full path.
TpTrace Verbose: 0 : 17828, 1, 2024/02/16, 21:33:25.438, 873075190746, vstest.console.dll, TestPluginCache.DiscoverTestExtensions: finding test extensions in assemblies ends with: RuntimeProvider.dll TPluginInfo: Microsoft.VisualStudio.TestPlatform.Common.ExtensionFramework.Utilities.TestRuntimePluginInformation TExtension: Microsoft.VisualStudio.TestPlatform.ObjectModel.Host.ITestRuntimeProvider
TpTrace Verbose: 0 : 17828, 1, 2024/02/16, 21:33:25.439, 873075194114, vstest.console.dll, TestPluginCache.GetExtensionPaths: Filtered extension paths: 
TpTrace Verbose: 0 : 17828, 1, 2024/02/16, 21:33:25.439, 873075195009, vstest.console.dll, TestPluginCache.GetExtensionPaths: Added default extension paths: C:\Program Files\dotnet\sdk\8.0.100\Extensions\Microsoft.Diagnostics.NETCore.Client.dll
C:\Program Files\dotnet\sdk\8.0.100\Extensions\Microsoft.TestPlatform.Extensions.BlameDataCollector.dll
C:\Program Files\dotnet\sdk\8.0.100\Extensions\Microsoft.TestPlatform.Extensions.EventLogCollector.dll
C:\Program Files\dotnet\sdk\8.0.100\Extensions\Microsoft.TestPlatform.TestHostRuntimeProvider.dll
C:\Program Files\dotnet\sdk\8.0.100\Extensions\Microsoft.VisualStudio.TestPlatform.Extensions.Html.TestLogger.dll
C:\Program Files\dotnet\sdk\8.0.100\Extensions\Microsoft.VisualStudio.TestPlatform.Extensions.Trx.TestLogger.dll
TpTrace Verbose: 0 : 17828, 1, 2024/02/16, 21:33:25.439, 873075195432, vstest.console.dll, TestPluginCache.GetExtensionPaths: Added unfilterableExtensionPaths: 
TpTrace Information: 0 : 17828, 1, 2024/02/16, 21:33:25.439, 873075201060, vstest.console.dll, AssemblyResolver.ctor: Creating AssemblyResolver with searchDirectories C:\Program Files\dotnet\sdk\8.0.100\Extensions,C:\Program Files\dotnet\sdk\8.0.100
TpTrace Verbose: 0 : 17828, 1, 2024/02/16, 21:33:25.440, 873075212365, vstest.console.dll, TestPluginCache.DiscoverTestExtensions: Discovering the extensions using extension path.
TpTrace Verbose: 0 : 17828, 1, 2024/02/16, 21:33:25.441, 873075213611, vstest.console.dll, TestPluginCache.GetExtensionPaths: Filtered extension paths: 
TpTrace Verbose: 0 : 17828, 1, 2024/02/16, 21:33:25.441, 873075214171, vstest.console.dll, TestPluginCache.GetExtensionPaths: Added default extension paths: C:\Program Files\dotnet\sdk\8.0.100\Extensions\Microsoft.Diagnostics.NETCore.Client.dll
C:\Program Files\dotnet\sdk\8.0.100\Extensions\Microsoft.TestPlatform.Extensions.BlameDataCollector.dll
C:\Program Files\dotnet\sdk\8.0.100\Extensions\Microsoft.TestPlatform.Extensions.EventLogCollector.dll
C:\Program Files\dotnet\sdk\8.0.100\Extensions\Microsoft.TestPlatform.TestHostRuntimeProvider.dll
C:\Program Files\dotnet\sdk\8.0.100\Extensions\Microsoft.VisualStudio.TestPlatform.Extensions.Html.TestLogger.dll
C:\Program Files\dotnet\sdk\8.0.100\Extensions\Microsoft.VisualStudio.TestPlatform.Extensions.Trx.TestLogger.dll
TpTrace Verbose: 0 : 17828, 1, 2024/02/16, 21:33:25.441, 873075214547, vstest.console.dll, TestPluginCache.GetExtensionPaths: Added unfilterableExtensionPaths: 
TpTrace Verbose: 0 : 17828, 1, 2024/02/16, 21:33:25.441, 873075215764, vstest.console.dll, TestPluginCache.DiscoverTestExtensions: Discovering the extensions using allExtensionPaths: C:\Program Files\dotnet\sdk\8.0.100\Extensions\Microsoft.Diagnostics.NETCore.Client.dll
C:\Program Files\dotnet\sdk\8.0.100\Extensions\Microsoft.TestPlatform.Extensions.BlameDataCollector.dll
C:\Program Files\dotnet\sdk\8.0.100\Extensions\Microsoft.TestPlatform.Extensions.EventLogCollector.dll
C:\Program Files\dotnet\sdk\8.0.100\Extensions\Microsoft.TestPlatform.TestHostRuntimeProvider.dll
C:\Program Files\dotnet\sdk\8.0.100\Extensions\Microsoft.VisualStudio.TestPlatform.Extensions.Html.TestLogger.dll
C:\Program Files\dotnet\sdk\8.0.100\Extensions\Microsoft.VisualStudio.TestPlatform.Extensions.Trx.TestLogger.dll
TpTrace Information: 0 : 17828, 1, 2024/02/16, 21:33:25.441, 873075216878, vstest.console.dll, AssemblyResolver.AddSearchDirectories: Adding more searchDirectories C:\Program Files\dotnet\sdk\8.0.100\Extensions,C:\Program Files\dotnet\sdk\8.0.100
TpTrace Information: 0 : 17828, 1, 2024/02/16, 21:33:25.441, 873075217543, vstest.console.dll, AssemblyResolver.AddSearchDirectories: Adding more searchDirectories C:\Program Files\dotnet\sdk\8.0.100\Extensions,C:\Program Files\dotnet\sdk\8.0.100
TpTrace Information: 0 : 17828, 1, 2024/02/16, 21:33:25.441, 873075218001, vstest.console.dll, AssemblyResolver.AddSearchDirectories: Adding more searchDirectories C:\Program Files\dotnet\sdk\8.0.100\Extensions,C:\Program Files\dotnet\sdk\8.0.100
TpTrace Information: 0 : 17828, 1, 2024/02/16, 21:33:25.441, 873075218615, vstest.console.dll, AssemblyResolver.AddSearchDirectories: Adding more searchDirectories C:\Program Files\dotnet\sdk\8.0.100\Extensions,C:\Program Files\dotnet\sdk\8.0.100
TpTrace Information: 0 : 17828, 1, 2024/02/16, 21:33:25.441, 873075219223, vstest.console.dll, AssemblyResolver.AddSearchDirectories: Adding more searchDirectories C:\Program Files\dotnet\sdk\8.0.100\Extensions,C:\Program Files\dotnet\sdk\8.0.100
TpTrace Information: 0 : 17828, 1, 2024/02/16, 21:33:25.441, 873075219647, vstest.console.dll, AssemblyResolver.AddSearchDirectories: Adding more searchDirectories C:\Program Files\dotnet\sdk\8.0.100\Extensions,C:\Program Files\dotnet\sdk\8.0.100
TpTrace Information: 0 : 17828, 1, 2024/02/16, 21:33:25.442, 873075224123, vstest.console.dll, AssemblyResolver.OnResolve: Microsoft.Diagnostics.NETCore.Client: Resolving assembly.
TpTrace Information: 0 : 17828, 1, 2024/02/16, 21:33:25.442, 873075224951, vstest.console.dll, AssemblyResolver.OnResolve: Microsoft.Diagnostics.NETCore.Client: Searching in: 'C:\Program Files\dotnet\sdk\8.0.100\Extensions'.
TpTrace Information: 0 : 17828, 1, 2024/02/16, 21:33:25.447, 873075281376, vstest.console.dll, AssemblyResolver.OnResolve: Microsoft.Diagnostics.NETCore.Client: Loading assembly 'C:\Program Files\dotnet\sdk\8.0.100\Extensions\Microsoft.Diagnostics.NETCore.Client.dll'.
TpTrace Information: 0 : 17828, 1, 2024/02/16, 21:33:25.448, 873075286414, vstest.console.dll, AssemblyResolver.OnResolve: Resolved assembly: Microsoft.Diagnostics.NETCore.Client, from path: C:\Program Files\dotnet\sdk\8.0.100\Extensions\Microsoft.Diagnostics.NETCore.Client.dll
TpTrace Verbose: 0 : 17828, 1, 2024/02/16, 21:33:25.452, 873075328583, vstest.console.dll, MetadataReaderExtensionsHelper: Discovering extensions inside assembly 'Microsoft.Diagnostics.NETCore.Client, Version=0.2.8.21101, Culture=neutral, PublicKeyToken=31bf3856ad364e35' file path 'C:\Program Files\dotnet\sdk\8.0.100\Extensions\Microsoft.Diagnostics.NETCore.Client.dll'
TpTrace Information: 0 : 17828, 1, 2024/02/16, 21:33:25.455, 873075363117, vstest.console.dll, AssemblyResolver.OnResolve: Microsoft.Bcl.AsyncInterfaces: Resolving assembly.
TpTrace Information: 0 : 17828, 1, 2024/02/16, 21:33:25.456, 873075364147, vstest.console.dll, AssemblyResolver.OnResolve: Microsoft.Bcl.AsyncInterfaces: Searching in: 'C:\Program Files\dotnet\sdk\8.0.100\Extensions'.
TpTrace Information: 0 : 17828, 1, 2024/02/16, 21:33:25.456, 873075365014, vstest.console.dll, AssemblyResolver.OnResolve: Microsoft.Bcl.AsyncInterfaces: Assembly path does not exist: 'C:\Program Files\dotnet\sdk\8.0.100\Extensions\Microsoft.Bcl.AsyncInterfaces.dll', returning.
TpTrace Information: 0 : 17828, 1, 2024/02/16, 21:33:25.456, 873075366099, vstest.console.dll, AssemblyResolver.OnResolve: Microsoft.Bcl.AsyncInterfaces: Assembly path does not exist: 'C:\Program Files\dotnet\sdk\8.0.100\Extensions\Microsoft.Bcl.AsyncInterfaces.exe', returning.
TpTrace Information: 0 : 17828, 1, 2024/02/16, 21:33:25.456, 873075366680, vstest.console.dll, AssemblyResolver.OnResolve: Microsoft.Bcl.AsyncInterfaces: Searching in: 'C:\Program Files\dotnet\sdk\8.0.100'.
TpTrace Information: 0 : 17828, 1, 2024/02/16, 21:33:25.456, 873075367311, vstest.console.dll, AssemblyResolver.OnResolve: Microsoft.Bcl.AsyncInterfaces: Assembly path does not exist: 'C:\Program Files\dotnet\sdk\8.0.100\Microsoft.Bcl.AsyncInterfaces.dll', returning.
TpTrace Information: 0 : 17828, 1, 2024/02/16, 21:33:25.456, 873075368002, vstest.console.dll, AssemblyResolver.OnResolve: Microsoft.Bcl.AsyncInterfaces: Assembly path does not exist: 'C:\Program Files\dotnet\sdk\8.0.100\Microsoft.Bcl.AsyncInterfaces.exe', returning.
TpTrace Information: 0 : 17828, 1, 2024/02/16, 21:33:25.456, 873075368375, vstest.console.dll, AssemblyResolver.OnResolve: Microsoft.Bcl.AsyncInterfaces: Failed to load assembly.
TpTrace Verbose: 0 : 17828, 1, 2024/02/16, 21:33:25.456, 873075368784, vstest.console.dll, CurrentDomainAssemblyResolve: Resolving assembly 'Microsoft.Bcl.AsyncInterfaces'.
TpTrace Information: 0 : 17828, 1, 2024/02/16, 21:33:25.456, 873075369533, vstest.console.dll, AssemblyResolver.OnResolve: Microsoft.Bcl.AsyncInterfaces: Resolving assembly.
TpTrace Information: 0 : 17828, 1, 2024/02/16, 21:33:25.456, 873075370022, vstest.console.dll, AssemblyResolver.OnResolve: Microsoft.Bcl.AsyncInterfaces: Resolved from cache.
TpTrace Verbose: 0 : 17828, 1, 2024/02/16, 21:33:25.456, 873075370426, vstest.console.dll, CurrentDomainAssemblyResolve: Resolving assembly 'Microsoft.Bcl.AsyncInterfaces'.
TpTrace Verbose: 0 : 17828, 1, 2024/02/16, 21:33:25.456, 873075370877, vstest.console.dll, CurrentDomainAssemblyResolve: Failed to resolve assembly 'Microsoft.Bcl.AsyncInterfaces'.
TpTrace Verbose: 0 : 17828, 1, 2024/02/16, 21:33:25.457, 873075377016, vstest.console.dll, CurrentDomainAssemblyResolve: Failed to resolve assembly 'Microsoft.Bcl.AsyncInterfaces'.
TpTrace Warning: 0 : 17828, 1, 2024/02/16, 21:33:25.464, 873075452631, vstest.console.dll, TestPluginDiscoverer: Failed to get types from assembly 'Microsoft.Diagnostics.NETCore.Client, Version=0.2.8.21101, Culture=neutral, PublicKeyToken=31bf3856ad364e35'. Error: System.Reflection.ReflectionTypeLoadException: Unable to load one or more of the requested types.
Could not load file or assembly 'Microsoft.Bcl.AsyncInterfaces, Version=1.0.0.0, Culture=neutral, PublicKeyToken=cc7b13ffcd2ddd51'. The system cannot find the file specified.
   at System.Reflection.RuntimeModule.GetTypes(RuntimeModule module)
   at System.Reflection.RuntimeModule.GetTypes()
   at Microsoft.VisualStudio.TestPlatform.Common.ExtensionFramework.TestPluginDiscoverer.GetTestExtensionsFromAssembly[TPluginInfo,TExtension](Assembly assembly, Dictionary`2 pluginInfos, String filePath) in /_/src/Microsoft.TestPlatform.Common/ExtensionFramework/TestPluginDiscoverer.cs:line 158
System.IO.FileNotFoundException: Could not load file or assembly 'Microsoft.Bcl.AsyncInterfaces, Version=1.0.0.0, Culture=neutral, PublicKeyToken=cc7b13ffcd2ddd51'. The system cannot find the file specified.
File name: 'Microsoft.Bcl.AsyncInterfaces, Version=1.0.0.0, Culture=neutral, PublicKeyToken=cc7b13ffcd2ddd51'
 ---> System.IO.FileNotFoundException: Could not load file or assembly 'Microsoft.Bcl.AsyncInterfaces, Culture=neutral, PublicKeyToken=null'. The system cannot find the file specified.
File name: 'Microsoft.Bcl.AsyncInterfaces, Culture=neutral, PublicKeyToken=null'
   at System.Reflection.RuntimeAssembly.InternalLoad(AssemblyName assemblyName, StackCrawlMark& stackMark, AssemblyLoadContext assemblyLoadContext, RuntimeAssembly requestingAssembly, Boolean throwOnFileNotFound)
   at System.Reflection.Assembly.Load(AssemblyName assemblyRef)
   at Microsoft.VisualStudio.TestPlatform.Common.ExtensionFramework.TestPluginCache.CurrentDomainAssemblyResolve(Object sender, AssemblyResolveEventArgs args) in /_/src/Microsoft.TestPlatform.Common/ExtensionFramework/TestPluginCache.cs:line 513
   at System.Runtime.Loader.AssemblyLoadContext.GetFirstResolvedAssemblyFromResolvingEvent(AssemblyName assemblyName)
   at System.Runtime.Loader.AssemblyLoadContext.ResolveUsingEvent(AssemblyName assemblyName)
   at System.Runtime.Loader.AssemblyLoadContext.ResolveUsingResolvingEvent(IntPtr gchManagedAssemblyLoadContext, AssemblyName assemblyName)
TpTrace Warning: 0 : 17828, 1, 2024/02/16, 21:33:25.465, 873075457009, vstest.console.dll, LoaderExceptions: System.IO.FileNotFoundException: Could not load file or assembly 'Microsoft.Bcl.AsyncInterfaces, Version=1.0.0.0, Culture=neutral, PublicKeyToken=cc7b13ffcd2ddd51'. The system cannot find the file specified.
File name: 'Microsoft.Bcl.AsyncInterfaces, Version=1.0.0.0, Culture=neutral, PublicKeyToken=cc7b13ffcd2ddd51'
 ---> System.IO.FileNotFoundException: Could not load file or assembly 'Microsoft.Bcl.AsyncInterfaces, Culture=neutral, PublicKeyToken=null'. The system cannot find the file specified.
File name: 'Microsoft.Bcl.AsyncInterfaces, Culture=neutral, PublicKeyToken=null'
   at System.Reflection.RuntimeAssembly.InternalLoad(AssemblyName assemblyName, StackCrawlMark& stackMark, AssemblyLoadContext assemblyLoadContext, RuntimeAssembly requestingAssembly, Boolean throwOnFileNotFound)
   at System.Reflection.Assembly.Load(AssemblyName assemblyRef)
   at Microsoft.VisualStudio.TestPlatform.Common.ExtensionFramework.TestPluginCache.CurrentDomainAssemblyResolve(Object sender, AssemblyResolveEventArgs args) in /_/src/Microsoft.TestPlatform.Common/ExtensionFramework/TestPluginCache.cs:line 513
   at System.Runtime.Loader.AssemblyLoadContext.GetFirstResolvedAssemblyFromResolvingEvent(AssemblyName assemblyName)
   at System.Runtime.Loader.AssemblyLoadContext.ResolveUsingEvent(AssemblyName assemblyName)
   at System.Runtime.Loader.AssemblyLoadContext.ResolveUsingResolvingEvent(IntPtr gchManagedAssemblyLoadContext, AssemblyName assemblyName)
TpTrace Information: 0 : 17828, 1, 2024/02/16, 21:33:25.465, 873075458630, vstest.console.dll, AssemblyResolver.OnResolve: Microsoft.TestPlatform.Extensions.BlameDataCollector: Resolving assembly.
TpTrace Information: 0 : 17828, 1, 2024/02/16, 21:33:25.465, 873075459170, vstest.console.dll, AssemblyResolver.OnResolve: Microsoft.TestPlatform.Extensions.BlameDataCollector: Searching in: 'C:\Program Files\dotnet\sdk\8.0.100\Extensions'.
TpTrace Information: 0 : 17828, 1, 2024/02/16, 21:33:25.465, 873075462645, vstest.console.dll, AssemblyResolver.OnResolve: Microsoft.TestPlatform.Extensions.BlameDataCollector: Loading assembly 'C:\Program Files\dotnet\sdk\8.0.100\Extensions\Microsoft.TestPlatform.Extensions.BlameDataCollector.dll'.
TpTrace Information: 0 : 17828, 1, 2024/02/16, 21:33:25.466, 873075466300, vstest.console.dll, AssemblyResolver.OnResolve: Resolved assembly: Microsoft.TestPlatform.Extensions.BlameDataCollector, from path: C:\Program Files\dotnet\sdk\8.0.100\Extensions\Microsoft.TestPlatform.Extensions.BlameDataCollector.dll
TpTrace Verbose: 0 : 17828, 1, 2024/02/16, 21:33:25.466, 873075467309, vstest.console.dll, MetadataReaderExtensionsHelper: Discovering extensions inside assembly 'Microsoft.TestPlatform.Extensions.BlameDataCollector, Version=15.0.0.0, Culture=neutral, PublicKeyToken=b03f5f7f11d50a3a' file path 'C:\Program Files\dotnet\sdk\8.0.100\Extensions\Microsoft.TestPlatform.Extensions.BlameDataCollector.dll'
TpTrace Information: 0 : 17828, 1, 2024/02/16, 21:33:25.467, 873075478390, vstest.console.dll, AssemblyResolver.OnResolve: Microsoft.TestPlatform.Extensions.EventLogCollector: Resolving assembly.
TpTrace Information: 0 : 17828, 1, 2024/02/16, 21:33:25.467, 873075479341, vstest.console.dll, AssemblyResolver.OnResolve: Microsoft.TestPlatform.Extensions.EventLogCollector: Searching in: 'C:\Program Files\dotnet\sdk\8.0.100\Extensions'.
TpTrace Information: 0 : 17828, 1, 2024/02/16, 21:33:25.467, 873075482814, vstest.console.dll, AssemblyResolver.OnResolve: Microsoft.TestPlatform.Extensions.EventLogCollector: Loading assembly 'C:\Program Files\dotnet\sdk\8.0.100\Extensions\Microsoft.TestPlatform.Extensions.EventLogCollector.dll'.
TpTrace Information: 0 : 17828, 1, 2024/02/16, 21:33:25.468, 873075485733, vstest.console.dll, AssemblyResolver.OnResolve: Resolved assembly: Microsoft.TestPlatform.Extensions.EventLogCollector, from path: C:\Program Files\dotnet\sdk\8.0.100\Extensions\Microsoft.TestPlatform.Extensions.EventLogCollector.dll
TpTrace Verbose: 0 : 17828, 1, 2024/02/16, 21:33:25.468, 873075486586, vstest.console.dll, MetadataReaderExtensionsHelper: Discovering extensions inside assembly 'Microsoft.TestPlatform.Extensions.EventLogCollector, Version=15.0.0.0, Culture=neutral, PublicKeyToken=b03f5f7f11d50a3a' file path 'C:\Program Files\dotnet\sdk\8.0.100\Extensions\Microsoft.TestPlatform.Extensions.EventLogCollector.dll'
TpTrace Information: 0 : 17828, 1, 2024/02/16, 21:33:25.469, 873075499647, vstest.console.dll, AssemblyResolver.OnResolve: Microsoft.TestPlatform.TestHostRuntimeProvider: Resolving assembly.
TpTrace Information: 0 : 17828, 1, 2024/02/16, 21:33:25.469, 873075500543, vstest.console.dll, AssemblyResolver.OnResolve: Microsoft.TestPlatform.TestHostRuntimeProvider: Searching in: 'C:\Program Files\dotnet\sdk\8.0.100\Extensions'.
TpTrace Information: 0 : 17828, 1, 2024/02/16, 21:33:25.469, 873075502592, vstest.console.dll, AssemblyResolver.OnResolve: Microsoft.TestPlatform.TestHostRuntimeProvider: Loading assembly 'C:\Program Files\dotnet\sdk\8.0.100\Extensions\Microsoft.TestPlatform.TestHostRuntimeProvider.dll'.
TpTrace Information: 0 : 17828, 1, 2024/02/16, 21:33:25.470, 873075505992, vstest.console.dll, AssemblyResolver.OnResolve: Resolved assembly: Microsoft.TestPlatform.TestHostRuntimeProvider, from path: C:\Program Files\dotnet\sdk\8.0.100\Extensions\Microsoft.TestPlatform.TestHostRuntimeProvider.dll
TpTrace Verbose: 0 : 17828, 1, 2024/02/16, 21:33:25.470, 873075506855, vstest.console.dll, MetadataReaderExtensionsHelper: Discovering extensions inside assembly 'Microsoft.TestPlatform.TestHostRuntimeProvider, Version=15.0.0.0, Culture=neutral, PublicKeyToken=b03f5f7f11d50a3a' file path 'C:\Program Files\dotnet\sdk\8.0.100\Extensions\Microsoft.TestPlatform.TestHostRuntimeProvider.dll'
TpTrace Information: 0 : 17828, 1, 2024/02/16, 21:33:25.471, 873075521719, vstest.console.dll, GetTestExtensionFromType: Register extension with identifier data 'HostProvider://DefaultTestHost' and type 'Microsoft.VisualStudio.TestPlatform.CrossPlatEngine.Hosting.DefaultTestHostManager, Microsoft.TestPlatform.TestHostRuntimeProvider, Version=15.0.0.0, Culture=neutral, PublicKeyToken=b03f5f7f11d50a3a' inside file 'C:\Program Files\dotnet\sdk\8.0.100\Extensions\Microsoft.TestPlatform.TestHostRuntimeProvider.dll'
TpTrace Information: 0 : 17828, 1, 2024/02/16, 21:33:25.472, 873075524709, vstest.console.dll, GetTestExtensionFromType: Register extension with identifier data 'HostProvider://DotnetTestHost' and type 'Microsoft.VisualStudio.TestPlatform.CrossPlatEngine.Hosting.DotnetTestHostManager, Microsoft.TestPlatform.TestHostRuntimeProvider, Version=15.0.0.0, Culture=neutral, PublicKeyToken=b03f5f7f11d50a3a' inside file 'C:\Program Files\dotnet\sdk\8.0.100\Extensions\Microsoft.TestPlatform.TestHostRuntimeProvider.dll'
TpTrace Information: 0 : 17828, 1, 2024/02/16, 21:33:25.472, 873075525953, vstest.console.dll, AssemblyResolver.OnResolve: Microsoft.VisualStudio.TestPlatform.Extensions.Html.TestLogger: Resolving assembly.
TpTrace Information: 0 : 17828, 1, 2024/02/16, 21:33:25.472, 873075527012, vstest.console.dll, AssemblyResolver.OnResolve: Microsoft.VisualStudio.TestPlatform.Extensions.Html.TestLogger: Searching in: 'C:\Program Files\dotnet\sdk\8.0.100\Extensions'.
TpTrace Information: 0 : 17828, 1, 2024/02/16, 21:33:25.472, 873075529958, vstest.console.dll, AssemblyResolver.OnResolve: Microsoft.VisualStudio.TestPlatform.Extensions.Html.TestLogger: Loading assembly 'C:\Program Files\dotnet\sdk\8.0.100\Extensions\Microsoft.VisualStudio.TestPlatform.Extensions.Html.TestLogger.dll'.
TpTrace Information: 0 : 17828, 1, 2024/02/16, 21:33:25.473, 873075534430, vstest.console.dll, AssemblyResolver.OnResolve: Resolved assembly: Microsoft.VisualStudio.TestPlatform.Extensions.Html.TestLogger, from path: C:\Program Files\dotnet\sdk\8.0.100\Extensions\Microsoft.VisualStudio.TestPlatform.Extensions.Html.TestLogger.dll
TpTrace Verbose: 0 : 17828, 1, 2024/02/16, 21:33:25.473, 873075535430, vstest.console.dll, MetadataReaderExtensionsHelper: Discovering extensions inside assembly 'Microsoft.VisualStudio.TestPlatform.Extensions.Html.TestLogger, Version=15.0.0.0, Culture=neutral, PublicKeyToken=b03f5f7f11d50a3a' file path 'C:\Program Files\dotnet\sdk\8.0.100\Extensions\Microsoft.VisualStudio.TestPlatform.Extensions.Html.TestLogger.dll'
TpTrace Information: 0 : 17828, 1, 2024/02/16, 21:33:25.473, 873075540959, vstest.console.dll, AssemblyResolver.OnResolve: Microsoft.VisualStudio.TestPlatform.Extensions.Trx.TestLogger: Resolving assembly.
TpTrace Information: 0 : 17828, 1, 2024/02/16, 21:33:25.473, 873075541866, vstest.console.dll, AssemblyResolver.OnResolve: Microsoft.VisualStudio.TestPlatform.Extensions.Trx.TestLogger: Searching in: 'C:\Program Files\dotnet\sdk\8.0.100\Extensions'.
TpTrace Information: 0 : 17828, 1, 2024/02/16, 21:33:25.474, 873075544012, vstest.console.dll, AssemblyResolver.OnResolve: Microsoft.VisualStudio.TestPlatform.Extensions.Trx.TestLogger: Loading assembly 'C:\Program Files\dotnet\sdk\8.0.100\Extensions\Microsoft.VisualStudio.TestPlatform.Extensions.Trx.TestLogger.dll'.
TpTrace Information: 0 : 17828, 1, 2024/02/16, 21:33:25.474, 873075549714, vstest.console.dll, AssemblyResolver.OnResolve: Resolved assembly: Microsoft.VisualStudio.TestPlatform.Extensions.Trx.TestLogger, from path: C:\Program Files\dotnet\sdk\8.0.100\Extensions\Microsoft.VisualStudio.TestPlatform.Extensions.Trx.TestLogger.dll
TpTrace Verbose: 0 : 17828, 1, 2024/02/16, 21:33:25.474, 873075550671, vstest.console.dll, MetadataReaderExtensionsHelper: Discovering extensions inside assembly 'Microsoft.VisualStudio.TestPlatform.Extensions.Trx.TestLogger, Version=15.0.0.0, Culture=neutral, PublicKeyToken=b03f5f7f11d50a3a' file path 'C:\Program Files\dotnet\sdk\8.0.100\Extensions\Microsoft.VisualStudio.TestPlatform.Extensions.Trx.TestLogger.dll'
TpTrace Verbose: 0 : 17828, 1, 2024/02/16, 21:33:25.476, 873075563364, vstest.console.dll, TestPluginCache: Discovered the extensions using extension path ''.
TpTrace Verbose: 0 : 17828, 1, 2024/02/16, 21:33:25.476, 873075565208, vstest.console.dll, TestPluginCache: Discoverers are ''.
TpTrace Verbose: 0 : 17828, 1, 2024/02/16, 21:33:25.476, 873075565732, vstest.console.dll, TestPluginCache: Executors are ''.
TpTrace Verbose: 0 : 17828, 1, 2024/02/16, 21:33:25.476, 873075566024, vstest.console.dll, TestPluginCache: Executors2 are ''.
TpTrace Verbose: 0 : 17828, 1, 2024/02/16, 21:33:25.476, 873075566690, vstest.console.dll, TestPluginCache: Setting providers are ''.
TpTrace Verbose: 0 : 17828, 1, 2024/02/16, 21:33:25.476, 873075567095, vstest.console.dll, TestPluginCache: Loggers are ''.
TpTrace Verbose: 0 : 17828, 1, 2024/02/16, 21:33:25.476, 873075570440, vstest.console.dll, TestPluginCache: TestHosts are 'HostProvider://DefaultTestHost,HostProvider://DotnetTestHost'.
TpTrace Verbose: 0 : 17828, 1, 2024/02/16, 21:33:25.476, 873075571150, vstest.console.dll, TestPluginCache: DataCollectors are ''.
TpTrace Information: 0 : 17828, 1, 2024/02/16, 21:33:25.487, 873075678886, vstest.console.dll, RunTestsArgumentProcessor:Execute: Test run is starting.
TpTrace Verbose: 0 : 17828, 1, 2024/02/16, 21:33:25.487, 873075680189, vstest.console.dll, RunTestsArgumentProcessor:Execute: Queuing Test run.
TpTrace Information: 0 : 17828, 1, 2024/02/16, 21:33:25.488, 873075684183, vstest.console.dll, TestRequestManager.RunTests: run tests started.
TpTrace Information: 0 : 17828, 1, 2024/02/16, 21:33:25.496, 873075764482, vstest.console.dll, AssemblyMetadataProvider.GetFrameworkName: Determined framework:'.NETCoreApp,Version=v8.0' for source: 'D:\Visual Studio Projects\Back-End Technologies Basics - January 2024\13.02.24 Code Coverage\MyArrayExample\MyArrayExample\MyArrayExample.Tests\bin\Debug\net8.0\fine-code-coverage\build-output\MyArrayExample.Tests.dll'
TpTrace Information: 0 : 17828, 1, 2024/02/16, 21:33:25.496, 873075766808, vstest.console.dll, Determined framework for all sources: .NETCoreApp,Version=v8.0
TpTrace Verbose: 0 : 17828, 1, 2024/02/16, 21:33:25.496, 873075770341, vstest.console.dll, TestRequestManager.UpdateRunSettingsIfRequired: Default architecture: X64 IsDefaultTargetArchitecture: True, Current process architecture: X64 OperatingSystem: Windows.
TpTrace Information: 0 : 17828, 1, 2024/02/16, 21:33:25.498, 873075783749, vstest.console.dll, AssemblyMetadataProvider.GetArchitecture: Determined architecture:AnyCPU info for assembly: D:\Visual Studio Projects\Back-End Technologies Basics - January 2024\13.02.24 Code Coverage\MyArrayExample\MyArrayExample\MyArrayExample.Tests\bin\Debug\net8.0\fine-code-coverage\build-output\MyArrayExample.Tests.dll
TpTrace Information: 0 : 17828, 1, 2024/02/16, 21:33:25.498, 873075784360, vstest.console.dll, Determined platform for source 'D:\Visual Studio Projects\Back-End Technologies Basics - January 2024\13.02.24 Code Coverage\MyArrayExample\MyArrayExample\MyArrayExample.Tests\bin\Debug\net8.0\fine-code-coverage\build-output\MyArrayExample.Tests.dll' was AnyCPU and it will use the default plaform X64.
TpTrace Information: 0 : 17828, 1, 2024/02/16, 21:33:25.498, 873075784696, vstest.console.dll, None of the sources provided any runnable platform, using the default platform: X64
TpTrace Information: 0 : 17828, 1, 2024/02/16, 21:33:25.498, 873075785598, vstest.console.dll, Platform was updated to 'X64'.
TpTrace Information: 0 : 17828, 1, 2024/02/16, 21:33:25.501, 873075822396, vstest.console.dll, InferRunSettingsHelper.IsTestSettingsEnabled: Unable to navigate to RunSettings/MSTest. Current node: RunSettings
TpTrace Information: 0 : 17828, 1, 2024/02/16, 21:33:25.502, 873075830057, vstest.console.dll, AssemblyResolver.OnResolve: Microsoft.VisualStudio.TestPlatform.Fakes: Resolving assembly.
TpTrace Information: 0 : 17828, 1, 2024/02/16, 21:33:25.502, 873075831321, vstest.console.dll, AssemblyResolver.OnResolve: Microsoft.VisualStudio.TestPlatform.Fakes: Searching in: 'C:\Program Files\dotnet\sdk\8.0.100\Extensions'.
TpTrace Information: 0 : 17828, 1, 2024/02/16, 21:33:25.502, 873075832667, vstest.console.dll, AssemblyResolver.OnResolve: Microsoft.VisualStudio.TestPlatform.Fakes: Assembly path does not exist: 'C:\Program Files\dotnet\sdk\8.0.100\Extensions\Microsoft.VisualStudio.TestPlatform.Fakes.dll', returning.
TpTrace Information: 0 : 17828, 1, 2024/02/16, 21:33:25.503, 873075833551, vstest.console.dll, AssemblyResolver.OnResolve: Microsoft.VisualStudio.TestPlatform.Fakes: Assembly path does not exist: 'C:\Program Files\dotnet\sdk\8.0.100\Extensions\Microsoft.VisualStudio.TestPlatform.Fakes.exe', returning.
TpTrace Information: 0 : 17828, 1, 2024/02/16, 21:33:25.503, 873075834046, vstest.console.dll, AssemblyResolver.OnResolve: Microsoft.VisualStudio.TestPlatform.Fakes: Searching in: 'C:\Program Files\dotnet\sdk\8.0.100'.
TpTrace Information: 0 : 17828, 1, 2024/02/16, 21:33:25.503, 873075834737, vstest.console.dll, AssemblyResolver.OnResolve: Microsoft.VisualStudio.TestPlatform.Fakes: Assembly path does not exist: 'C:\Program Files\dotnet\sdk\8.0.100\Microsoft.VisualStudio.TestPlatform.Fakes.dll', returning.
TpTrace Information: 0 : 17828, 1, 2024/02/16, 21:33:25.503, 873075835423, vstest.console.dll, AssemblyResolver.OnResolve: Microsoft.VisualStudio.TestPlatform.Fakes: Assembly path does not exist: 'C:\Program Files\dotnet\sdk\8.0.100\Microsoft.VisualStudio.TestPlatform.Fakes.exe', returning.
TpTrace Information: 0 : 17828, 1, 2024/02/16, 21:33:25.503, 873075835955, vstest.console.dll, AssemblyResolver.OnResolve: Microsoft.VisualStudio.TestPlatform.Fakes: Failed to load assembly.
TpTrace Information: 0 : 17828, 1, 2024/02/16, 21:33:25.503, 873075838428, vstest.console.dll, Failed to load assembly Microsoft.VisualStudio.TestPlatform.Fakes, Version=17.0.0.0, Culture=neutral. Reason:System.IO.FileNotFoundException: Could not load file or assembly 'Microsoft.VisualStudio.TestPlatform.Fakes, Version=17.0.0.0, Culture=neutral, PublicKeyToken=null'. The system cannot find the file specified.
File name: 'Microsoft.VisualStudio.TestPlatform.Fakes, Version=17.0.0.0, Culture=neutral, PublicKeyToken=null'
   at System.Reflection.RuntimeAssembly.InternalLoad(AssemblyName assemblyName, StackCrawlMark& stackMark, AssemblyLoadContext assemblyLoadContext, RuntimeAssembly requestingAssembly, Boolean throwOnFileNotFound)
   at System.Reflection.Assembly.Load(AssemblyName assemblyRef)
   at Microsoft.VisualStudio.TestPlatform.Common.Utilities.FakesUtilities.LoadTestPlatformAssembly() in /_/src/Microsoft.TestPlatform.Common/Utilities/FakesUtilities.cs:line 272
TpTrace Verbose: 0 : 17828, 1, 2024/02/16, 21:33:25.506, 873075864178, vstest.console.dll, TestPluginCache.DiscoverTestExtensions: finding test extensions in assemblies ends with: TestLogger.dll TPluginInfo: Microsoft.VisualStudio.TestPlatform.Common.ExtensionFramework.Utilities.TestLoggerPluginInformation TExtension: Microsoft.VisualStudio.TestPlatform.ObjectModel.Client.ITestLogger
TpTrace Verbose: 0 : 17828, 1, 2024/02/16, 21:33:25.506, 873075865182, vstest.console.dll, TestPluginCache.GetExtensionPaths: Filtered extension paths: 
TpTrace Verbose: 0 : 17828, 1, 2024/02/16, 21:33:25.506, 873075865579, vstest.console.dll, TestPluginCache.GetExtensionPaths: Added default extension paths: C:\Program Files\dotnet\sdk\8.0.100\Extensions\Microsoft.Diagnostics.NETCore.Client.dll
C:\Program Files\dotnet\sdk\8.0.100\Extensions\Microsoft.TestPlatform.Extensions.BlameDataCollector.dll
C:\Program Files\dotnet\sdk\8.0.100\Extensions\Microsoft.TestPlatform.Extensions.EventLogCollector.dll
C:\Program Files\dotnet\sdk\8.0.100\Extensions\Microsoft.TestPlatform.TestHostRuntimeProvider.dll
C:\Program Files\dotnet\sdk\8.0.100\Extensions\Microsoft.VisualStudio.TestPlatform.Extensions.Html.TestLogger.dll
C:\Program Files\dotnet\sdk\8.0.100\Extensions\Microsoft.VisualStudio.TestPlatform.Extensions.Trx.TestLogger.dll
TpTrace Verbose: 0 : 17828, 1, 2024/02/16, 21:33:25.506, 873075866002, vstest.console.dll, TestPluginCache.GetExtensionPaths: Added unfilterableExtensionPaths: 
TpTrace Information: 0 : 17828, 1, 2024/02/16, 21:33:25.506, 873075867239, vstest.console.dll, AssemblyResolver.AddSearchDirectories: Adding more searchDirectories C:\Program Files\dotnet\sdk\8.0.100\Extensions,C:\Program Files\dotnet\sdk\8.0.100
TpTrace Verbose: 0 : 17828, 1, 2024/02/16, 21:33:25.506, 873075867929, vstest.console.dll, TestPluginCache.DiscoverTestExtensions: Discovering the extensions using extension path.
TpTrace Verbose: 0 : 17828, 1, 2024/02/16, 21:33:25.506, 873075868409, vstest.console.dll, TestPluginCache.GetExtensionPaths: Filtered extension paths: 
TpTrace Verbose: 0 : 17828, 1, 2024/02/16, 21:33:25.506, 873075868857, vstest.console.dll, TestPluginCache.GetExtensionPaths: Added default extension paths: C:\Program Files\dotnet\sdk\8.0.100\Extensions\Microsoft.Diagnostics.NETCore.Client.dll
C:\Program Files\dotnet\sdk\8.0.100\Extensions\Microsoft.TestPlatform.Extensions.BlameDataCollector.dll
C:\Program Files\dotnet\sdk\8.0.100\Extensions\Microsoft.TestPlatform.Extensions.EventLogCollector.dll
C:\Program Files\dotnet\sdk\8.0.100\Extensions\Microsoft.TestPlatform.TestHostRuntimeProvider.dll
C:\Program Files\dotnet\sdk\8.0.100\Extensions\Microsoft.VisualStudio.TestPlatform.Extensions.Html.TestLogger.dll
C:\Program Files\dotnet\sdk\8.0.100\Extensions\Microsoft.VisualStudio.TestPlatform.Extensions.Trx.TestLogger.dll
TpTrace Verbose: 0 : 17828, 1, 2024/02/16, 21:33:25.506, 873075869214, vstest.console.dll, TestPluginCache.GetExtensionPaths: Added unfilterableExtensionPaths: 
TpTrace Verbose: 0 : 17828, 1, 2024/02/16, 21:33:25.506, 873075870401, vstest.console.dll, TestPluginCache.DiscoverTestExtensions: Discovering the extensions using allExtensionPaths: C:\Program Files\dotnet\sdk\8.0.100\Extensions\Microsoft.Diagnostics.NETCore.Client.dll
C:\Program Files\dotnet\sdk\8.0.100\Extensions\Microsoft.TestPlatform.Extensions.BlameDataCollector.dll
C:\Program Files\dotnet\sdk\8.0.100\Extensions\Microsoft.TestPlatform.Extensions.EventLogCollector.dll
C:\Program Files\dotnet\sdk\8.0.100\Extensions\Microsoft.TestPlatform.TestHostRuntimeProvider.dll
C:\Program Files\dotnet\sdk\8.0.100\Extensions\Microsoft.VisualStudio.TestPlatform.Extensions.Html.TestLogger.dll
C:\Program Files\dotnet\sdk\8.0.100\Extensions\Microsoft.VisualStudio.TestPlatform.Extensions.Trx.TestLogger.dll
TpTrace Information: 0 : 17828, 1, 2024/02/16, 21:33:25.506, 873075871091, vstest.console.dll, AssemblyResolver.AddSearchDirectories: Adding more searchDirectories C:\Program Files\dotnet\sdk\8.0.100\Extensions,C:\Program Files\dotnet\sdk\8.0.100
TpTrace Information: 0 : 17828, 1, 2024/02/16, 21:33:25.506, 873075871886, vstest.console.dll, AssemblyResolver.AddSearchDirectories: Adding more searchDirectories C:\Program Files\dotnet\sdk\8.0.100\Extensions,C:\Program Files\dotnet\sdk\8.0.100
TpTrace Information: 0 : 17828, 1, 2024/02/16, 21:33:25.506, 873075872292, vstest.console.dll, AssemblyResolver.AddSearchDirectories: Adding more searchDirectories C:\Program Files\dotnet\sdk\8.0.100\Extensions,C:\Program Files\dotnet\sdk\8.0.100
TpTrace Information: 0 : 17828, 1, 2024/02/16, 21:33:25.506, 873075872669, vstest.console.dll, AssemblyResolver.AddSearchDirectories: Adding more searchDirectories C:\Program Files\dotnet\sdk\8.0.100\Extensions,C:\Program Files\dotnet\sdk\8.0.100
TpTrace Information: 0 : 17828, 1, 2024/02/16, 21:33:25.507, 873075873189, vstest.console.dll, AssemblyResolver.AddSearchDirectories: Adding more searchDirectories C:\Program Files\dotnet\sdk\8.0.100\Extensions,C:\Program Files\dotnet\sdk\8.0.100
TpTrace Information: 0 : 17828, 1, 2024/02/16, 21:33:25.507, 873075873801, vstest.console.dll, AssemblyResolver.AddSearchDirectories: Adding more searchDirectories C:\Program Files\dotnet\sdk\8.0.100\Extensions,C:\Program Files\dotnet\sdk\8.0.100
TpTrace Verbose: 0 : 17828, 1, 2024/02/16, 21:33:25.507, 873075875213, vstest.console.dll, MetadataReaderExtensionsHelper: Discovering extensions inside assembly 'Microsoft.Diagnostics.NETCore.Client, Version=0.2.8.21101, Culture=neutral, PublicKeyToken=31bf3856ad364e35' file path 'C:\Program Files\dotnet\sdk\8.0.100\Extensions\Microsoft.Diagnostics.NETCore.Client.dll'
TpTrace Information: 0 : 17828, 1, 2024/02/16, 21:33:25.508, 873075883546, vstest.console.dll, AssemblyResolver.OnResolve: Microsoft.Bcl.AsyncInterfaces: Resolving assembly.
TpTrace Information: 0 : 17828, 1, 2024/02/16, 21:33:25.508, 873075884400, vstest.console.dll, AssemblyResolver.OnResolve: Microsoft.Bcl.AsyncInterfaces: Resolved from cache.
TpTrace Verbose: 0 : 17828, 1, 2024/02/16, 21:33:25.508, 873075884838, vstest.console.dll, CurrentDomainAssemblyResolve: Resolving assembly 'Microsoft.Bcl.AsyncInterfaces'.
TpTrace Information: 0 : 17828, 1, 2024/02/16, 21:33:25.508, 873075885489, vstest.console.dll, AssemblyResolver.OnResolve: Microsoft.Bcl.AsyncInterfaces: Resolving assembly.
TpTrace Information: 0 : 17828, 1, 2024/02/16, 21:33:25.508, 873075885909, vstest.console.dll, AssemblyResolver.OnResolve: Microsoft.Bcl.AsyncInterfaces: Resolved from cache.
TpTrace Verbose: 0 : 17828, 1, 2024/02/16, 21:33:25.508, 873075886316, vstest.console.dll, CurrentDomainAssemblyResolve: Resolving assembly 'Microsoft.Bcl.AsyncInterfaces'.
TpTrace Verbose: 0 : 17828, 1, 2024/02/16, 21:33:25.508, 873075886713, vstest.console.dll, CurrentDomainAssemblyResolve: Failed to resolve assembly 'Microsoft.Bcl.AsyncInterfaces'.
TpTrace Verbose: 0 : 17828, 1, 2024/02/16, 21:33:25.508, 873075888238, vstest.console.dll, CurrentDomainAssemblyResolve: Failed to resolve assembly 'Microsoft.Bcl.AsyncInterfaces'.
TpTrace Warning: 0 : 17828, 1, 2024/02/16, 21:33:25.508, 873075891948, vstest.console.dll, TestPluginDiscoverer: Failed to get types from assembly 'Microsoft.Diagnostics.NETCore.Client, Version=0.2.8.21101, Culture=neutral, PublicKeyToken=31bf3856ad364e35'. Error: System.Reflection.ReflectionTypeLoadException: Unable to load one or more of the requested types.
Could not load file or assembly 'Microsoft.Bcl.AsyncInterfaces, Version=1.0.0.0, Culture=neutral, PublicKeyToken=cc7b13ffcd2ddd51'. The system cannot find the file specified.
   at System.Reflection.RuntimeModule.GetTypes(RuntimeModule module)
   at System.Reflection.RuntimeModule.GetTypes()
   at Microsoft.VisualStudio.TestPlatform.Common.ExtensionFramework.TestPluginDiscoverer.GetTestExtensionsFromAssembly[TPluginInfo,TExtension](Assembly assembly, Dictionary`2 pluginInfos, String filePath) in /_/src/Microsoft.TestPlatform.Common/ExtensionFramework/TestPluginDiscoverer.cs:line 158
System.IO.FileNotFoundException: Could not load file or assembly 'Microsoft.Bcl.AsyncInterfaces, Version=1.0.0.0, Culture=neutral, PublicKeyToken=cc7b13ffcd2ddd51'. The system cannot find the file specified.
File name: 'Microsoft.Bcl.AsyncInterfaces, Version=1.0.0.0, Culture=neutral, PublicKeyToken=cc7b13ffcd2ddd51'
 ---> System.IO.FileNotFoundException: Could not load file or assembly 'Microsoft.Bcl.AsyncInterfaces, Culture=neutral, PublicKeyToken=null'. The system cannot find the file specified.
File name: 'Microsoft.Bcl.AsyncInterfaces, Culture=neutral, PublicKeyToken=null'
   at System.Reflection.RuntimeAssembly.InternalLoad(AssemblyName assemblyName, StackCrawlMark& stackMark, AssemblyLoadContext assemblyLoadContext, RuntimeAssembly requestingAssembly, Boolean throwOnFileNotFound)
   at System.Reflection.Assembly.Load(AssemblyName assemblyRef)
   at Microsoft.VisualStudio.TestPlatform.Common.ExtensionFramework.TestPluginCache.CurrentDomainAssemblyResolve(Object sender, AssemblyResolveEventArgs args) in /_/src/Microsoft.TestPlatform.Common/ExtensionFramework/TestPluginCache.cs:line 513
   at System.Runtime.Loader.AssemblyLoadContext.GetFirstResolvedAssemblyFromResolvingEvent(AssemblyName assemblyName)
   at System.Runtime.Loader.AssemblyLoadContext.ResolveUsingEvent(AssemblyName assemblyName)
   at System.Runtime.Loader.AssemblyLoadContext.ResolveUsingResolvingEvent(IntPtr gchManagedAssemblyLoadContext, AssemblyName assemblyName)
TpTrace Warning: 0 : 17828, 1, 2024/02/16, 21:33:25.509, 873075893982, vstest.console.dll, LoaderExceptions: System.IO.FileNotFoundException: Could not load file or assembly 'Microsoft.Bcl.AsyncInterfaces, Version=1.0.0.0, Culture=neutral, PublicKeyToken=cc7b13ffcd2ddd51'. The system cannot find the file specified.
File name: 'Microsoft.Bcl.AsyncInterfaces, Version=1.0.0.0, Culture=neutral, PublicKeyToken=cc7b13ffcd2ddd51'
 ---> System.IO.FileNotFoundException: Could not load file or assembly 'Microsoft.Bcl.AsyncInterfaces, Culture=neutral, PublicKeyToken=null'. The system cannot find the file specified.
File name: 'Microsoft.Bcl.AsyncInterfaces, Culture=neutral, PublicKeyToken=null'
   at System.Reflection.RuntimeAssembly.InternalLoad(AssemblyName assemblyName, StackCrawlMark& stackMark, AssemblyLoadContext assemblyLoadContext, RuntimeAssembly requestingAssembly, Boolean throwOnFileNotFound)
   at System.Reflection.Assembly.Load(AssemblyName assemblyRef)
   at Microsoft.VisualStudio.TestPlatform.Common.ExtensionFramework.TestPluginCache.CurrentDomainAssemblyResolve(Object sender, AssemblyResolveEventArgs args) in /_/src/Microsoft.TestPlatform.Common/ExtensionFramework/TestPluginCache.cs:line 513
   at System.Runtime.Loader.AssemblyLoadContext.GetFirstResolvedAssemblyFromResolvingEvent(AssemblyName assemblyName)
   at System.Runtime.Loader.AssemblyLoadContext.ResolveUsingEvent(AssemblyName assemblyName)
   at System.Runtime.Loader.AssemblyLoadContext.ResolveUsingResolvingEvent(IntPtr gchManagedAssemblyLoadContext, AssemblyName assemblyName)
TpTrace Verbose: 0 : 17828, 1, 2024/02/16, 21:33:25.509, 873075894847, vstest.console.dll, MetadataReaderExtensionsHelper: Discovering extensions inside assembly 'Microsoft.TestPlatform.Extensions.BlameDataCollector, Version=15.0.0.0, Culture=neutral, PublicKeyToken=b03f5f7f11d50a3a' file path 'C:\Program Files\dotnet\sdk\8.0.100\Extensions\Microsoft.TestPlatform.Extensions.BlameDataCollector.dll'
TpTrace Information: 0 : 17828, 1, 2024/02/16, 21:33:25.509, 873075899375, vstest.console.dll, GetTestExtensionFromType: Register extension with identifier data 'logger://Microsoft/TestPlatform/Extensions/Blame/v1' and type 'Microsoft.TestPlatform.Extensions.BlameDataCollector.BlameLogger, Microsoft.TestPlatform.Extensions.BlameDataCollector, Version=15.0.0.0, Culture=neutral, PublicKeyToken=b03f5f7f11d50a3a' inside file 'C:\Program Files\dotnet\sdk\8.0.100\Extensions\Microsoft.TestPlatform.Extensions.BlameDataCollector.dll'
TpTrace Verbose: 0 : 17828, 1, 2024/02/16, 21:33:25.509, 873075900021, vstest.console.dll, MetadataReaderExtensionsHelper: Discovering extensions inside assembly 'Microsoft.TestPlatform.Extensions.EventLogCollector, Version=15.0.0.0, Culture=neutral, PublicKeyToken=b03f5f7f11d50a3a' file path 'C:\Program Files\dotnet\sdk\8.0.100\Extensions\Microsoft.TestPlatform.Extensions.EventLogCollector.dll'
TpTrace Verbose: 0 : 17828, 1, 2024/02/16, 21:33:25.509, 873075902391, vstest.console.dll, MetadataReaderExtensionsHelper: Discovering extensions inside assembly 'Microsoft.TestPlatform.TestHostRuntimeProvider, Version=15.0.0.0, Culture=neutral, PublicKeyToken=b03f5f7f11d50a3a' file path 'C:\Program Files\dotnet\sdk\8.0.100\Extensions\Microsoft.TestPlatform.TestHostRuntimeProvider.dll'
TpTrace Verbose: 0 : 17828, 1, 2024/02/16, 21:33:25.510, 873075904741, vstest.console.dll, MetadataReaderExtensionsHelper: Discovering extensions inside assembly 'Microsoft.VisualStudio.TestPlatform.Extensions.Html.TestLogger, Version=15.0.0.0, Culture=neutral, PublicKeyToken=b03f5f7f11d50a3a' file path 'C:\Program Files\dotnet\sdk\8.0.100\Extensions\Microsoft.VisualStudio.TestPlatform.Extensions.Html.TestLogger.dll'
TpTrace Information: 0 : 17828, 1, 2024/02/16, 21:33:25.510, 873075909046, vstest.console.dll, GetTestExtensionFromType: Register extension with identifier data 'logger://Microsoft/TestPlatform/HtmlLogger/v1' and type 'Microsoft.VisualStudio.TestPlatform.Extensions.HtmlLogger.HtmlLogger, Microsoft.VisualStudio.TestPlatform.Extensions.Html.TestLogger, Version=15.0.0.0, Culture=neutral, PublicKeyToken=b03f5f7f11d50a3a' inside file 'C:\Program Files\dotnet\sdk\8.0.100\Extensions\Microsoft.VisualStudio.TestPlatform.Extensions.Html.TestLogger.dll'
TpTrace Verbose: 0 : 17828, 1, 2024/02/16, 21:33:25.510, 873075909774, vstest.console.dll, MetadataReaderExtensionsHelper: Discovering extensions inside assembly 'Microsoft.VisualStudio.TestPlatform.Extensions.Trx.TestLogger, Version=15.0.0.0, Culture=neutral, PublicKeyToken=b03f5f7f11d50a3a' file path 'C:\Program Files\dotnet\sdk\8.0.100\Extensions\Microsoft.VisualStudio.TestPlatform.Extensions.Trx.TestLogger.dll'
TpTrace Information: 0 : 17828, 1, 2024/02/16, 21:33:25.510, 873075912678, vstest.console.dll, GetTestExtensionFromType: Register extension with identifier data 'logger://Microsoft/TestPlatform/TrxLogger/v1' and type 'Microsoft.VisualStudio.TestPlatform.Extensions.TrxLogger.TrxLogger, Microsoft.VisualStudio.TestPlatform.Extensions.Trx.TestLogger, Version=15.0.0.0, Culture=neutral, PublicKeyToken=b03f5f7f11d50a3a' inside file 'C:\Program Files\dotnet\sdk\8.0.100\Extensions\Microsoft.VisualStudio.TestPlatform.Extensions.Trx.TestLogger.dll'
TpTrace Verbose: 0 : 17828, 1, 2024/02/16, 21:33:25.511, 873075913729, vstest.console.dll, TestPluginCache: Discovered the extensions using extension path ''.
TpTrace Verbose: 0 : 17828, 1, 2024/02/16, 21:33:25.511, 873075914186, vstest.console.dll, TestPluginCache: Discoverers are ''.
TpTrace Verbose: 0 : 17828, 1, 2024/02/16, 21:33:25.511, 873075914512, vstest.console.dll, TestPluginCache: Executors are ''.
TpTrace Verbose: 0 : 17828, 1, 2024/02/16, 21:33:25.511, 873075914824, vstest.console.dll, TestPluginCache: Executors2 are ''.
TpTrace Verbose: 0 : 17828, 1, 2024/02/16, 21:33:25.511, 873075915150, vstest.console.dll, TestPluginCache: Setting providers are ''.
TpTrace Verbose: 0 : 17828, 1, 2024/02/16, 21:33:25.511, 873075915914, vstest.console.dll, TestPluginCache: Loggers are 'logger://Microsoft/TestPlatform/Extensions/Blame/v1,logger://Microsoft/TestPlatform/HtmlLogger/v1,logger://Microsoft/TestPlatform/TrxLogger/v1'.
TpTrace Verbose: 0 : 17828, 1, 2024/02/16, 21:33:25.511, 873075916517, vstest.console.dll, TestPluginCache: TestHosts are 'HostProvider://DefaultTestHost,HostProvider://DotnetTestHost'.
TpTrace Verbose: 0 : 17828, 1, 2024/02/16, 21:33:25.511, 873075916897, vstest.console.dll, TestPluginCache: DataCollectors are ''.
TpTrace Information: 0 : 17828, 1, 2024/02/16, 21:33:25.512, 873075924151, vstest.console.dll, TestPluginManager.CreateTestExtension: Attempting to load test extension: Microsoft.TestPlatform.Extensions.BlameDataCollector.BlameLogger
TpTrace Verbose: 0 : 17828, 1, 2024/02/16, 21:33:25.518, 873075990405, vstest.console.dll, TestEngine: Initializing Parallel Execution as MaxCpuCount is set to: 1
TpTrace Information: 0 : 17828, 1, 2024/02/16, 21:33:25.519, 873076002971, vstest.console.dll, TestPluginManager.CreateTestExtension: Attempting to load test extension: Microsoft.VisualStudio.TestPlatform.CrossPlatEngine.Hosting.DefaultTestHostManager
TpTrace Information: 0 : 17828, 1, 2024/02/16, 21:33:25.520, 873076008987, vstest.console.dll, TestPluginManager.CreateTestExtension: Attempting to load test extension: Microsoft.VisualStudio.TestPlatform.CrossPlatEngine.Hosting.DotnetTestHostManager
TpTrace Information: 0 : 17828, 1, 2024/02/16, 21:33:25.521, 873076013886, vstest.console.dll, InferRunSettingsHelper.IsTestSettingsEnabled: Unable to navigate to RunSettings/MSTest. Current node: RunSettings
TpTrace Verbose: 0 : 17828, 1, 2024/02/16, 21:33:25.521, 873076019346, vstest.console.dll, ParallelOperationManager.ClearSlots: Clearing all slots. Slots should accept more work: True
TpTrace Verbose: 0 : 17828, 1, 2024/02/16, 21:33:25.522, 873076024859, vstest.console.dll, ParallelOperationManager.SetOccupiedSlotCount: Setting slot counts AvailableSlotCount = 1, OccupiedSlotCount = 0.
TpTrace Verbose: 0 : 17828, 1, 2024/02/16, 21:33:25.522, 873076027930, vstest.console.dll, Occupied slots:

TpTrace Verbose: 0 : 17828, 1, 2024/02/16, 21:33:25.525, 873076061306, vstest.console.dll, TestEngine.GetExecutionManager: Chosen execution manager 'Microsoft.VisualStudio.TestPlatform.CrossPlatEngine.Client.Parallel.ParallelProxyExecutionManager, Microsoft.TestPlatform.CrossPlatEngine, Version=15.0.0.0, Culture=neutral, PublicKeyToken=b03f5f7f11d50a3a' ParallelLevel '1'.
TpTrace Verbose: 0 : 17828, 1, 2024/02/16, 21:33:25.525, 873076062904, vstest.console.dll, TestRunRequest.ExecuteAsync: Creating test run request.
TpTrace Verbose: 0 : 17828, 1, 2024/02/16, 21:33:25.526, 873076064943, vstest.console.dll, TestRunRequest.ExecuteAsync: Starting.
TpTrace Information: 0 : 17828, 1, 2024/02/16, 21:33:25.527, 873076075261, vstest.console.dll, TestRunRequest.ExecuteAsync: Starting run with settings:TestRunCriteria:
   KeepAlive=False,FrequencyOfRunStatsChangeEvent=10,RunStatsChangeEventTimeout=00:00:01.5000000,TestCaseFilter=,TestExecutorLauncher=
   Settingsxml=<RunSettings>
  <RunConfiguration>
    <ResultsDirectory>D:\Visual Studio Projects\Back-End Technologies Basics - January 2024\13.02.24 Code Coverage\MyArrayExample\MyArrayExample\MyArrayExample.Tests\bin\Debug\net8.0\fine-code-coverage\coverage-tool-output</ResultsDirectory>
    <TargetPlatform>X64</TargetPlatform>
    <TargetFrameworkVersion>.NETCoreApp,Version=v8.0</TargetFrameworkVersion>
    <DesignMode>False</DesignMode>
    <CollectSourceInformation>False</CollectSourceInformation>
  </RunConfiguration>
  <LoggerRunSettings>
    <Loggers>
      <Logger friendlyName="blame" enabled="True" />
      <Logger friendlyName="Console" uri="logger://microsoft/TestPlatform/ConsoleLogger/v1" assemblyQualifiedName="Microsoft.VisualStudio.TestPlatform.CommandLine.Internal.ConsoleLogger, vstest.console, Version=15.0.0.0, Culture=neutral, PublicKeyToken=b03f5f7f11d50a3a" codeBase="C:\Program Files\dotnet\sdk\8.0.100\vstest.console.dll" enabled="True" />
    </Loggers>
  </LoggerRunSettings>
  <DataCollectionRunSettings>
    <DataCollectors>
      <DataCollector friendlyName="blame" enabled="True">
        <Configuration>
          <ResultsDirectory>D:\Visual Studio Projects\Back-End Technologies Basics - January 2024\13.02.24 Code Coverage\MyArrayExample\MyArrayExample\MyArrayExample.Tests\bin\Debug\net8.0\fine-code-coverage\coverage-tool-output</ResultsDirectory>
        </Configuration>
      </DataCollector>
    </DataCollectors>
  </DataCollectionRunSettings>
</RunSettings>

TpTrace Verbose: 0 : 17828, 1, 2024/02/16, 21:33:25.527, 873076075893, vstest.console.dll, TestRunRequest.ExecuteAsync: Wait for the first run request is over.
TpTrace Verbose: 0 : 17828, 1, 2024/02/16, 21:33:25.527, 873076078579, vstest.console.dll, MulticastDelegateUtilities.SafeInvoke: TestRun.TestRunStart: Invoking callbacks was skipped because there are no subscribers.
TpTrace Verbose: 0 : 17828, 4, 2024/02/16, 21:33:25.527, 873076080316, vstest.console.dll, MulticastDelegateUtilities.SafeInvoke: InternalTestLoggerEvents.SendTestRunStart: Invoking callback 1/1 for Microsoft.VisualStudio.TestPlatform.CommandLine.Internal.ConsoleLogger., took 0 ms.
TpTrace Verbose: 0 : 17828, 1, 2024/02/16, 21:33:25.528, 873076089397, vstest.console.dll, ParallelProxyExecutionManager: Start execution. Total sources: 1
TpTrace Verbose: 0 : 17828, 1, 2024/02/16, 21:33:25.529, 873076093371, vstest.console.dll, ParallelOperationManager.StartWork: Starting adding 1 workloads.
TpTrace Verbose: 0 : 17828, 1, 2024/02/16, 21:33:25.529, 873076094151, vstest.console.dll, ParallelOperationManager.ClearSlots: Clearing all slots. Slots should accept more work: True
TpTrace Verbose: 0 : 17828, 1, 2024/02/16, 21:33:25.529, 873076094880, vstest.console.dll, ParallelOperationManager.SetOccupiedSlotCount: Setting slot counts AvailableSlotCount = 1, OccupiedSlotCount = 0.
TpTrace Verbose: 0 : 17828, 1, 2024/02/16, 21:33:25.529, 873076095320, vstest.console.dll, Occupied slots:

TpTrace Verbose: 0 : 17828, 1, 2024/02/16, 21:33:25.530, 873076108357, vstest.console.dll, TestRequestSender is acting as server.
TpTrace Verbose: 0 : 17828, 1, 2024/02/16, 21:33:25.531, 873076120939, vstest.console.dll, ParallelOperationManager.RunWorkInParallel: Adding 1 workload to slot, remaining workloads 0.
TpTrace Verbose: 0 : 17828, 1, 2024/02/16, 21:33:25.531, 873076122112, vstest.console.dll, ParallelOperationManager.SetOccupiedSlotCount: Setting slot counts AvailableSlotCount = 0, OccupiedSlotCount = 1.
TpTrace Verbose: 0 : 17828, 1, 2024/02/16, 21:33:25.532, 873076124114, vstest.console.dll, Occupied slots:
0: D:\Visual Studio Projects\Back-End Technologies Basics - January 2024\13.02.24 Code Coverage\MyArrayExample\MyArrayExample\MyArrayExample.Tests\bin\Debug\net8.0\fine-code-coverage\build-output\MyArrayExample.Tests.dll
TpTrace Verbose: 0 : 17828, 1, 2024/02/16, 21:33:25.533, 873076135576, vstest.console.dll, ParallelOperationManager.RunWorkInParallel: Started host in slot number 0 for work (source): D:\Visual Studio Projects\Back-End Technologies Basics - January 2024\13.02.24 Code Coverage\MyArrayExample\MyArrayExample\MyArrayExample.Tests\bin\Debug\net8.0\fine-code-coverage\build-output\MyArrayExample.Tests.dll.
TpTrace Verbose: 0 : 17828, 1, 2024/02/16, 21:33:25.534, 873076144616, vstest.console.dll, ParallelOperationManager.RunWorkInParallel: We started 1 work items, which is the max parallel level. Won't start more work.
TpTrace Verbose: 0 : 17828, 1, 2024/02/16, 21:33:25.534, 873076145946, vstest.console.dll, ParallelOperationManager.RunWorkInParallel: We started 1 work items in here, returning True.
TpTrace Information: 0 : 17828, 1, 2024/02/16, 21:33:25.534, 873076146776, vstest.console.dll, TestRunRequest.ExecuteAsync: Started.
TpTrace Verbose: 0 : 17828, 5, 2024/02/16, 21:33:25.534, 873076147154, vstest.console.dll, ParallelProxyExecutionManager.StartTestRunOnConcurrentManager: Initializing uninitialized client. Started clients: 0
TpTrace Verbose: 0 : 17828, 5, 2024/02/16, 21:33:25.534, 873076148779, vstest.console.dll, DataCollectionRequestSender.InitializeCommunication : Initialize communication. 
TpTrace Verbose: 0 : 17828, 1, 2024/02/16, 21:33:25.534, 873076153000, vstest.console.dll, TestRunRequest.WaitForCompletion: Waiting with timeout -1.
TpTrace Information: 0 : 17828, 5, 2024/02/16, 21:33:25.541, 873076218454, vstest.console.dll, Listening on Endpoint : 127.0.0.1:56744
TpTrace Verbose: 0 : 17828, 5, 2024/02/16, 21:33:25.547, 873076276117, vstest.console.dll, DotnetDataCollectionLauncher: Adding  --runtimeconfig "C:\Program Files\dotnet\sdk\8.0.100\datacollector.runtimeconfig.json" in args
TpTrace Verbose: 0 : 17828, 5, 2024/02/16, 21:33:25.547, 873076278262, vstest.console.dll, DotnetDataCollectionLauncher: Adding  --depsfile "C:\Program Files\dotnet\sdk\8.0.100\datacollector.deps.json" in args
TpTrace Verbose: 0 : 17828, 5, 2024/02/16, 21:33:25.547, 873076281295, vstest.console.dll, DotnetDataCollectionLauncher: Full path of dotnet.exe is C:\Program Files\dotnet\dotnet.exe
TpTrace Information: 0 : 17828, 5, 2024/02/16, 21:33:25.554, 873076344690, vstest.console.dll, ProxyDataCollectionManager.Initialize: Launched datacollector processId: 12220 port: 56744
TpTrace Information: 0 : 17828, 5, 2024/02/16, 21:33:25.554, 873076347064, vstest.console.dll, ProxyDataCollectionManager.Initialize: waiting for connection with timeout: 90 seconds
TpTrace Verbose: 0 : 17828, 5, 2024/02/16, 21:33:25.554, 873076347969, vstest.console.dll, DataCollectionRequestSender.WaitForRequestHandlerConnection : Waiting for connection with timeout: 90000
TpTrace Information: 0 : 17828, 7, 2024/02/16, 21:33:25.686, 873077664326, vstest.console.dll, Using the buffer size of 16384 bytes
TpTrace Verbose: 0 : 17828, 5, 2024/02/16, 21:33:25.686, 873077664497, vstest.console.dll, SocketCommunicationManager.WaitForClientConnection took: 131 ms, with 90000 ms timeout, and finished with True.
TpTrace Information: 0 : 17828, 7, 2024/02/16, 21:33:25.686, 873077665918, vstest.console.dll, Accepted Client request and set the flag
TpTrace Verbose: 0 : 17828, 5, 2024/02/16, 21:33:25.686, 873077667260, vstest.console.dll, ProxyDataCollectionManager.InvokeDataCollectionServiceAction: Starting.
TpTrace Information: 0 : 17828, 5, 2024/02/16, 21:33:25.686, 873077668343, vstest.console.dll, ProxyDataCollectionManager.BeforeTestRunStart: Get environment variable and port for datacollector processId: 12220 port: 56744
TpTrace Verbose: 0 : 17828, 5, 2024/02/16, 21:33:25.686, 873077669755, vstest.console.dll, DataCollectionRequestSender.SendBeforeTestRunStartAndGetResult: Send BeforeTestRunStart message with settingsXml <RunSettings><RunConfiguration><ResultsDirectory>D:\Visual Studio Projects\Back-End Technologies Basics - January 2024\13.02.24 Code Coverage\MyArrayExample\MyArrayExample\MyArrayExample.Tests\bin\Debug\net8.0\fine-code-coverage\coverage-tool-output</ResultsDirectory><TargetPlatform>X64</TargetPlatform><TargetFrameworkVersion>.NETCoreApp,Version=v8.0</TargetFrameworkVersion><DesignMode>False</DesignMode><CollectSourceInformation>False</CollectSourceInformation><TestAdaptersPaths>C:\Program Files\dotnet\sdk\8.0.100\Extensions</TestAdaptersPaths></RunConfiguration><LoggerRunSettings><Loggers><Logger friendlyName="blame" enabled="True" /><Logger friendlyName="Console" uri="logger://microsoft/TestPlatform/ConsoleLogger/v1" assemblyQualifiedName="Microsoft.VisualStudio.TestPlatform.CommandLine.Internal.ConsoleLogger, vstest.console, Version=15.0.0.0, Culture=neutral, PublicKeyToken=b03f5f7f11d50a3a" codeBase="C:\Program Files\dotnet\sdk\8.0.100\vstest.console.dll" enabled="True" /></Loggers></LoggerRunSettings><DataCollectionRunSettings><DataCollectors><DataCollector friendlyName="blame" enabled="True"><Configuration><ResultsDirectory>D:\Visual Studio Projects\Back-End Technologies Basics - January 2024\13.02.24 Code Coverage\MyArrayExample\MyArrayExample\MyArrayExample.Tests\bin\Debug\net8.0\fine-code-coverage\coverage-tool-output</ResultsDirectory></Configuration></DataCollector></DataCollectors></DataCollectionRunSettings></RunSettings> and sources System.Collections.Generic.List`1[System.String]: 
TpTrace Verbose: 0 : 17828, 5, 2024/02/16, 21:33:25.738, 873078191225, vstest.console.dll, DataCollectionRequestSender.SendBeforeTestRunStartAndGetResult: Received message: (DataCollection.SendMessage) -> {"MessageType":"DataCollection.SendMessage","Payload":{"FriendlyName":null,"Uri":null,"TestCaseId":"00000000-0000-0000-0000-000000000000","Message":"Logging DataCollector Diagnostics in file: D:\\Visual Studio Projects\\Back-End Technologies Basics - January 2024\\13.02.24 Code Coverage\\MyArrayExample\\MyArrayExample\\MyArrayExample.Tests\\bin\\Debug\\net8.0\\fine-code-coverage\\coverage-tool-output\\diagnostics.datacollector.24-02-16_21-33-25_54700_5.log","Level":0}}
TpTrace Verbose: 0 : 17828, 5, 2024/02/16, 21:33:25.819, 873078996692, vstest.console.dll, DataCollectionRequestSender.SendBeforeTestRunStartAndGetResult: Received message: (DataCollection.BeforeTestRunStartResult) -> {"MessageType":"DataCollection.BeforeTestRunStartResult","Payload":{"EnvironmentVariables":{},"DataCollectionEventsPort":56746}}
TpTrace Information: 0 : 17828, 5, 2024/02/16, 21:33:25.822, 873079032633, vstest.console.dll, ProxyDataCollectionManager.BeforeTestRunStart: SendBeforeTestRunStartAndGetResult successful, env variable from datacollector:   and testhost port: 56746
TpTrace Information: 0 : 17828, 5, 2024/02/16, 21:33:25.823, 873079033615, vstest.console.dll, ProxyDataCollectionManager.InvokeDataCollectionServiceAction: Completed.
TpTrace Verbose: 0 : 17828, 5, 2024/02/16, 21:33:25.823, 873079034298, vstest.console.dll, ParallelProxyExecutionManager.StartTestRunOnConcurrentManager: Initializing test run. Started clients: 0
TpTrace Verbose: 0 : 17828, 5, 2024/02/16, 21:33:25.823, 873079036056, vstest.console.dll, ProxyExecutionManager: Test host is always Lazy initialize.
TpTrace Verbose: 0 : 17828, 5, 2024/02/16, 21:33:25.823, 873079037856, vstest.console.dll, TestRequestSender.InitializeCommunication: initialize communication. 
TpTrace Information: 0 : 17828, 5, 2024/02/16, 21:33:25.824, 873079044183, vstest.console.dll, SocketServer.Start: Listening on endpoint : 127.0.0.1:56747
TpTrace Verbose: 0 : 17828, 5, 2024/02/16, 21:33:25.824, 873079051810, vstest.console.dll, DotnetTestHostmanager.GetTestHostProcessStartInfo: Platform environment 'X64' target architecture 'X64' framework '.NETCoreApp,Version=v8.0' OS 'Windows'
TpTrace Verbose: 0 : 17828, 5, 2024/02/16, 21:33:25.825, 873079053902, vstest.console.dll, DotnetTestHostmanager: Adding  --runtimeconfig "D:\Visual Studio Projects\Back-End Technologies Basics - January 2024\13.02.24 Code Coverage\MyArrayExample\MyArrayExample\MyArrayExample.Tests\bin\Debug\net8.0\fine-code-coverage\build-output\MyArrayExample.Tests.runtimeconfig.json" in args
TpTrace Verbose: 0 : 17828, 5, 2024/02/16, 21:33:25.825, 873079054760, vstest.console.dll, DotnetTestHostmanager: Adding  --depsfile "D:\Visual Studio Projects\Back-End Technologies Basics - January 2024\13.02.24 Code Coverage\MyArrayExample\MyArrayExample\MyArrayExample.Tests\bin\Debug\net8.0\fine-code-coverage\build-output\MyArrayExample.Tests.deps.json" in args
TpTrace Verbose: 0 : 17828, 5, 2024/02/16, 21:33:25.825, 873079057298, vstest.console.dll, DotnetTestHostmanager.IsWinOnArm: Current PROCESSOR_ARCHITECTURE from environment variable 'AMD64'
TpTrace Verbose: 0 : 17828, 5, 2024/02/16, 21:33:25.825, 873079058286, vstest.console.dll, DotnetTestHostmanager.IsWinOnArm: Is Windows on ARM 'False'
TpTrace Verbose: 0 : 17828, 5, 2024/02/16, 21:33:25.825, 873079058896, vstest.console.dll, DotnetTestHostManager: testhost.exe found at path: D:\Visual Studio Projects\Back-End Technologies Basics - January 2024\13.02.24 Code Coverage\MyArrayExample\MyArrayExample\MyArrayExample.Tests\bin\Debug\net8.0\fine-code-coverage\build-output\testhost.exe
TpTrace Verbose: 0 : 17828, 5, 2024/02/16, 21:33:25.825, 873079059462, vstest.console.dll, DotnetTestHostmanager: Full path of host exe is D:\Visual Studio Projects\Back-End Technologies Basics - January 2024\13.02.24 Code Coverage\MyArrayExample\MyArrayExample\MyArrayExample.Tests\bin\Debug\net8.0\fine-code-coverage\build-output\testhost.exe
TpTrace Verbose: 0 : 17828, 5, 2024/02/16, 21:33:25.825, 873079061029, vstest.console.dll, DotnetTestHostmanager.LaunchTestHostAsync: Found 'VSTEST_WINAPPHOST_DOTNET_ROOT' in env variables, value 'C:\Program Files\dotnet', forwarding to 'DOTNET_ROOT'
TpTrace Verbose: 0 : 17828, 5, 2024/02/16, 21:33:25.825, 873079062811, vstest.console.dll, DotnetTestHostManager: Starting process 'D:\Visual Studio Projects\Back-End Technologies Basics - January 2024\13.02.24 Code Coverage\MyArrayExample\MyArrayExample\MyArrayExample.Tests\bin\Debug\net8.0\fine-code-coverage\build-output\testhost.exe' with command line ' --runtimeconfig "D:\Visual Studio Projects\Back-End Technologies Basics - January 2024\13.02.24 Code Coverage\MyArrayExample\MyArrayExample\MyArrayExample.Tests\bin\Debug\net8.0\fine-code-coverage\build-output\MyArrayExample.Tests.runtimeconfig.json" --depsfile "D:\Visual Studio Projects\Back-End Technologies Basics - January 2024\13.02.24 Code Coverage\MyArrayExample\MyArrayExample\MyArrayExample.Tests\bin\Debug\net8.0\fine-code-coverage\build-output\MyArrayExample.Tests.deps.json" --port 56747 --endpoint 127.0.0.1:056747 --role client --parentprocessid 17828 --diag "D:\Visual Studio Projects\Back-End Technologies Basics - January 2024\13.02.24 Code Coverage\MyArrayExample\MyArrayExample\MyArrayExample.Tests\bin\Debug\net8.0\fine-code-coverage\coverage-tool-output\diagnostics.host.24-02-16_21-33-25_82456_5.log" --tracelevel 4 --datacollectionport 56746 --telemetryoptedin false'
TpTrace Verbose: 0 : 17828, 5, 2024/02/16, 21:33:25.834, 873079146975, vstest.console.dll, MulticastDelegateUtilities.SafeInvoke: HostProviderEvents.OnHostLaunched: Invoking callback 1/2 for Microsoft.VisualStudio.TestPlatform.CrossPlatEngine.Client.ProxyExecutionManagerWithDataCollection., took 0 ms.
TpTrace Verbose: 0 : 17828, 5, 2024/02/16, 21:33:25.834, 873079150085, vstest.console.dll, Test Runtime launched
TpTrace Verbose: 0 : 17828, 5, 2024/02/16, 21:33:25.834, 873079151066, vstest.console.dll, MulticastDelegateUtilities.SafeInvoke: HostProviderEvents.OnHostLaunched: Invoking callback 2/2 for Microsoft.VisualStudio.TestPlatform.CrossPlatEngine.Client.ProxyOperationManager., took 0 ms.
TpTrace Verbose: 0 : 17828, 5, 2024/02/16, 21:33:25.834, 873079152477, vstest.console.dll, TestRequestSender.WaitForRequestHandlerConnection: waiting for connection with timeout: 90000.
TpTrace Verbose: 0 : 17828, 5, 2024/02/16, 21:33:25.987, 873080679151, vstest.console.dll, TestRequestSender.WaitForRequestHandlerConnection: waiting took 152 ms, with timeout 90000 ms, and result 0, which is success.
TpTrace Verbose: 0 : 17828, 12, 2024/02/16, 21:33:25.987, 873080679151, vstest.console.dll, MulticastDelegateUtilities.SafeInvoke: SocketServer: ClientConnected: Invoking callback 1/1 for Microsoft.VisualStudio.TestPlatform.CommunicationUtilities.TestRequestSender., took 0 ms.
TpTrace Verbose: 0 : 17828, 12, 2024/02/16, 21:33:25.987, 873080681700, vstest.console.dll, SocketServer.OnClientConnected: Client connected for endPoint: 127.0.0.1:56747, starting MessageLoopAsync:
TpTrace Verbose: 0 : 17828, 13, 2024/02/16, 21:33:25.988, 873080688374, vstest.console.dll, TcpClientExtensions.MessageLoopAsync: Polling on remoteEndPoint: 127.0.0.1:56748 localEndPoint: 127.0.0.1:56747
TpTrace Verbose: 0 : 17828, 5, 2024/02/16, 21:33:25.988, 873080690815, vstest.console.dll, TestRequestSender.CheckVersionWithTestHost: Sending check version message: {"MessageType":"ProtocolVersion","Payload":7}
TpTrace Verbose: 0 : 17828, 13, 2024/02/16, 21:33:26.086, 873081666760, vstest.console.dll, TcpClientExtensions.MessageLoopAsync: NotifyDataAvailable remoteEndPoint: 127.0.0.1:56748 localEndPoint: 127.0.0.1:56747
TpTrace Verbose: 0 : 17828, 13, 2024/02/16, 21:33:26.086, 873081669640, vstest.console.dll, TestRequestSender.CheckVersionWithTestHost: onMessageReceived received message: (ProtocolVersion) -> {"MessageType":"ProtocolVersion","Payload":7}
TpTrace Verbose: 0 : 17828, 13, 2024/02/16, 21:33:26.087, 873081675036, vstest.console.dll, MulticastDelegateUtilities.SafeInvoke: LengthPrefixCommunicationChannel: MessageReceived: Invoking callback 1/1 for Microsoft.VisualStudio.TestPlatform.CommunicationUtilities.TestRequestSender+<>c__DisplayClass29_0., took 0 ms.
TpTrace Verbose: 0 : 17828, 5, 2024/02/16, 21:33:26.087, 873081676048, vstest.console.dll, TestPluginCache.GetExtensionPaths: Filtered extension paths: 
TpTrace Verbose: 0 : 17828, 13, 2024/02/16, 21:33:26.087, 873081676170, vstest.console.dll, TcpClientExtensions.MessageLoopAsync: Polling on remoteEndPoint: 127.0.0.1:56748 localEndPoint: 127.0.0.1:56747
TpTrace Verbose: 0 : 17828, 5, 2024/02/16, 21:33:26.087, 873081676879, vstest.console.dll, TestPluginCache.GetExtensionPaths: Added default extension paths: C:\Program Files\dotnet\sdk\8.0.100\Extensions\Microsoft.Diagnostics.NETCore.Client.dll
C:\Program Files\dotnet\sdk\8.0.100\Extensions\Microsoft.TestPlatform.Extensions.BlameDataCollector.dll
C:\Program Files\dotnet\sdk\8.0.100\Extensions\Microsoft.TestPlatform.Extensions.EventLogCollector.dll
C:\Program Files\dotnet\sdk\8.0.100\Extensions\Microsoft.TestPlatform.TestHostRuntimeProvider.dll
C:\Program Files\dotnet\sdk\8.0.100\Extensions\Microsoft.VisualStudio.TestPlatform.Extensions.Html.TestLogger.dll
C:\Program Files\dotnet\sdk\8.0.100\Extensions\Microsoft.VisualStudio.TestPlatform.Extensions.Trx.TestLogger.dll
TpTrace Verbose: 0 : 17828, 5, 2024/02/16, 21:33:26.087, 873081678266, vstest.console.dll, TestPluginCache.GetExtensionPaths: Added unfilterableExtensionPaths: 
TpTrace Verbose: 0 : 17828, 5, 2024/02/16, 21:33:26.089, 873081702023, vstest.console.dll, TestRequestSender.InitializeExecution: Sending initialize execution with message: {"Version":7,"MessageType":"TestExecution.Initialize","Payload":["D:\\Visual Studio Projects\\Back-End Technologies Basics - January 2024\\13.02.24 Code Coverage\\MyArrayExample\\MyArrayExample\\MyArrayExample.Tests\\bin\\Debug\\net8.0\\fine-code-coverage\\build-output\\NUnit3.TestAdapter.dll"]}
TpTrace Verbose: 0 : 17828, 5, 2024/02/16, 21:33:26.090, 873081704423, vstest.console.dll, ParallelProxyExecutionManager.StartTestRunOnConcurrentManager: Execution starting. Started clients: 1
TpTrace Verbose: 0 : 17828, 5, 2024/02/16, 21:33:26.090, 873081707490, vstest.console.dll, TestRunRequest:SendTestRunMessage: Starting.
TpTrace Verbose: 0 : 17828, 5, 2024/02/16, 21:33:26.090, 873081709300, vstest.console.dll, MulticastDelegateUtilities.SafeInvoke: TestRun.LogMessages: Invoking callback 1/1 for Microsoft.VisualStudio.TestPlatform.CommandLine.TestRunResultAggregator., took 0 ms.
TpTrace Information: 0 : 17828, 5, 2024/02/16, 21:33:26.090, 873081709859, vstest.console.dll, TestRunRequest:SendTestRunMessage: Completed.
TpTrace Verbose: 0 : 17828, 4, 2024/02/16, 21:33:26.090, 873081711148, vstest.console.dll, MulticastDelegateUtilities.SafeInvoke: InternalTestLoggerEvents.SendTestRunMessage: Invoking callback 1/1 for Microsoft.VisualStudio.TestPlatform.CommandLine.Internal.ConsoleLogger., took 0 ms.
TpTrace Warning: 0 : 17828, 5, 2024/02/16, 21:33:26.091, 873081713936, vstest.console.dll, InferRunSettingsHelper.MakeRunsettingsCompatible: Removing the following settings: TargetPlatform from RunSettings file. To use those settings please move to latest version of Microsoft.NET.Test.Sdk
TpTrace Verbose: 0 : 17828, 13, 2024/02/16, 21:33:26.092, 873081726331, vstest.console.dll, TcpClientExtensions.MessageLoopAsync: NotifyDataAvailable remoteEndPoint: 127.0.0.1:56748 localEndPoint: 127.0.0.1:56747
TpTrace Verbose: 0 : 17828, 13, 2024/02/16, 21:33:26.092, 873081731268, vstest.console.dll, TestRequestSender.OnExecutionMessageReceived: Received message: {"Version":7,"MessageType":"TestSession.Message","Payload":{"MessageLevel":0,"Message":"Logging TestHost Diagnostics in file: D:\\Visual Studio Projects\\Back-End Technologies Basics - January 2024\\13.02.24 Code Coverage\\MyArrayExample\\MyArrayExample\\MyArrayExample.Tests\\bin\\Debug\\net8.0\\fine-code-coverage\\coverage-tool-output\\diagnostics.host.24-02-16_21-33-25_82456_5.log"}}
TpTrace Verbose: 0 : 17828, 13, 2024/02/16, 21:33:26.095, 873081754635, vstest.console.dll, TestRunRequest:SendTestRunMessage: Starting.
TpTrace Verbose: 0 : 17828, 13, 2024/02/16, 21:33:26.095, 873081756949, vstest.console.dll, MulticastDelegateUtilities.SafeInvoke: TestRun.LogMessages: Invoking callback 1/1 for Microsoft.VisualStudio.TestPlatform.CommandLine.TestRunResultAggregator., took 0 ms.
TpTrace Verbose: 0 : 17828, 4, 2024/02/16, 21:33:26.095, 873081757270, vstest.console.dll, MulticastDelegateUtilities.SafeInvoke: InternalTestLoggerEvents.SendTestRunMessage: Invoking callback 1/1 for Microsoft.VisualStudio.TestPlatform.CommandLine.Internal.ConsoleLogger., took 0 ms.
TpTrace Information: 0 : 17828, 13, 2024/02/16, 21:33:26.095, 873081758211, vstest.console.dll, TestRunRequest:SendTestRunMessage: Completed.
TpTrace Verbose: 0 : 17828, 13, 2024/02/16, 21:33:26.095, 873081759227, vstest.console.dll, MulticastDelegateUtilities.SafeInvoke: LengthPrefixCommunicationChannel: MessageReceived: Invoking callback 1/1 for Microsoft.VisualStudio.TestPlatform.CommunicationUtilities.TestRequestSender+<>c__DisplayClass34_0., took 3 ms.
TpTrace Verbose: 0 : 17828, 13, 2024/02/16, 21:33:26.095, 873081759745, vstest.console.dll, TcpClientExtensions.MessageLoopAsync: Polling on remoteEndPoint: 127.0.0.1:56748 localEndPoint: 127.0.0.1:56747
TpTrace Verbose: 0 : 17828, 5, 2024/02/16, 21:33:26.097, 873081775649, vstest.console.dll, TestRequestSender.StartTestRun: Sending test run with message: {"Version":7,"MessageType":"TestExecution.StartWithSources","Payload":{"AdapterSourceMap":{"_none_":["D:\\Visual Studio Projects\\Back-End Technologies Basics - January 2024\\13.02.24 Code Coverage\\MyArrayExample\\MyArrayExample\\MyArrayExample.Tests\\bin\\Debug\\net8.0\\fine-code-coverage\\build-output\\MyArrayExample.Tests.dll"]},"RunSettings":"<RunSettings>\r\n  <RunConfiguration>\r\n    <ResultsDirectory>D:\\Visual Studio Projects\\Back-End Technologies Basics - January 2024\\13.02.24 Code Coverage\\MyArrayExample\\MyArrayExample\\MyArrayExample.Tests\\bin\\Debug\\net8.0\\fine-code-coverage\\coverage-tool-output</ResultsDirectory>\r\n    <TargetFrameworkVersion>.NETCoreApp,Version=v8.0</TargetFrameworkVersion>\r\n    <DesignMode>False</DesignMode>\r\n    <CollectSourceInformation>False</CollectSourceInformation>\r\n  </RunConfiguration>\r\n  <LoggerRunSettings>\r\n    <Loggers>\r\n      <Logger friendlyName=\"blame\" enabled=\"True\" />\r\n      <Logger friendlyName=\"Console\" uri=\"logger://microsoft/TestPlatform/ConsoleLogger/v1\" assemblyQualifiedName=\"Microsoft.VisualStudio.TestPlatform.CommandLine.Internal.ConsoleLogger, vstest.console, Version=15.0.0.0, Culture=neutral, PublicKeyToken=b03f5f7f11d50a3a\" codeBase=\"C:\\Program Files\\dotnet\\sdk\\8.0.100\\vstest.console.dll\" enabled=\"True\" />\r\n    </Loggers>\r\n  </LoggerRunSettings>\r\n  <DataCollectionRunSettings>\r\n    <DataCollectors>\r\n      <DataCollector friendlyName=\"blame\" enabled=\"True\">\r\n        <Configuration>\r\n          <ResultsDirectory>D:\\Visual Studio Projects\\Back-End Technologies Basics - January 2024\\13.02.24 Code Coverage\\MyArrayExample\\MyArrayExample\\MyArrayExample.Tests\\bin\\Debug\\net8.0\\fine-code-coverage\\coverage-tool-output</ResultsDirectory>\r\n        </Configuration>\r\n      </DataCollector>\r\n    </DataCollectors>\r\n  </DataCollectionRunSettings>\r\n</RunSettings>","TestExecutionContext":{"FrequencyOfRunStatsChangeEvent":10,"RunStatsChangeEventTimeout":"00:00:01.5000000","InIsolation":false,"KeepAlive":false,"AreTestCaseLevelEventsRequired":false,"IsDebug":false,"TestCaseFilter":null,"FilterOptions":null},"Package":null}}
TpTrace Verbose: 0 : 17828, 5, 2024/02/16, 21:33:26.097, 873081778328, vstest.console.dll, ParallelProxyExecutionManager.StartTestRunOnConcurrentManager: Execution started. Started clients: 1
TpTrace Verbose: 0 : 17828, 13, 2024/02/16, 21:33:26.233, 873083142284, vstest.console.dll, TcpClientExtensions.MessageLoopAsync: NotifyDataAvailable remoteEndPoint: 127.0.0.1:56748 localEndPoint: 127.0.0.1:56747
TpTrace Verbose: 0 : 17828, 13, 2024/02/16, 21:33:26.234, 873083144154, vstest.console.dll, TestRequestSender.OnExecutionMessageReceived: Received message: {"Version":7,"MessageType":"TestSession.Message","Payload":{"MessageLevel":0,"Message":"NUnit Adapter 4.2.0.0: Test execution started"}}
TpTrace Verbose: 0 : 17828, 13, 2024/02/16, 21:33:26.234, 873083146516, vstest.console.dll, TestRunRequest:SendTestRunMessage: Starting.
TpTrace Verbose: 0 : 17828, 13, 2024/02/16, 21:33:26.234, 873083147405, vstest.console.dll, MulticastDelegateUtilities.SafeInvoke: TestRun.LogMessages: Invoking callback 1/1 for Microsoft.VisualStudio.TestPlatform.CommandLine.TestRunResultAggregator., took 0 ms.
TpTrace Verbose: 0 : 17828, 4, 2024/02/16, 21:33:26.234, 873083147672, vstest.console.dll, MulticastDelegateUtilities.SafeInvoke: InternalTestLoggerEvents.SendTestRunMessage: Invoking callback 1/1 for Microsoft.VisualStudio.TestPlatform.CommandLine.Internal.ConsoleLogger., took 0 ms.
TpTrace Information: 0 : 17828, 13, 2024/02/16, 21:33:26.234, 873083147835, vstest.console.dll, TestRunRequest:SendTestRunMessage: Completed.
TpTrace Verbose: 0 : 17828, 13, 2024/02/16, 21:33:26.234, 873083149332, vstest.console.dll, MulticastDelegateUtilities.SafeInvoke: LengthPrefixCommunicationChannel: MessageReceived: Invoking callback 1/1 for Microsoft.VisualStudio.TestPlatform.CommunicationUtilities.TestRequestSender+<>c__DisplayClass34_0., took 0 ms.
TpTrace Verbose: 0 : 17828, 13, 2024/02/16, 21:33:26.234, 873083149804, vstest.console.dll, TcpClientExtensions.MessageLoopAsync: Polling on remoteEndPoint: 127.0.0.1:56748 localEndPoint: 127.0.0.1:56747
TpTrace Verbose: 0 : 17828, 13, 2024/02/16, 21:33:26.254, 873083351721, vstest.console.dll, TcpClientExtensions.MessageLoopAsync: NotifyDataAvailable remoteEndPoint: 127.0.0.1:56748 localEndPoint: 127.0.0.1:56747
TpTrace Verbose: 0 : 17828, 13, 2024/02/16, 21:33:26.255, 873083353510, vstest.console.dll, TestRequestSender.OnExecutionMessageReceived: Received message: {"Version":7,"MessageType":"TestSession.Message","Payload":{"MessageLevel":0,"Message":"Running all tests in D:\\Visual Studio Projects\\Back-End Technologies Basics - January 2024\\13.02.24 Code Coverage\\MyArrayExample\\MyArrayExample\\MyArrayExample.Tests\\bin\\Debug\\net8.0\\fine-code-coverage\\build-output\\MyArrayExample.Tests.dll"}}
TpTrace Verbose: 0 : 17828, 13, 2024/02/16, 21:33:26.255, 873083354948, vstest.console.dll, TestRunRequest:SendTestRunMessage: Starting.
TpTrace Verbose: 0 : 17828, 13, 2024/02/16, 21:33:26.255, 873083355824, vstest.console.dll, MulticastDelegateUtilities.SafeInvoke: TestRun.LogMessages: Invoking callback 1/1 for Microsoft.VisualStudio.TestPlatform.CommandLine.TestRunResultAggregator., took 0 ms.
TpTrace Verbose: 0 : 17828, 4, 2024/02/16, 21:33:26.255, 873083356006, vstest.console.dll, MulticastDelegateUtilities.SafeInvoke: InternalTestLoggerEvents.SendTestRunMessage: Invoking callback 1/1 for Microsoft.VisualStudio.TestPlatform.CommandLine.Internal.ConsoleLogger., took 0 ms.
TpTrace Information: 0 : 17828, 13, 2024/02/16, 21:33:26.255, 873083356641, vstest.console.dll, TestRunRequest:SendTestRunMessage: Completed.
TpTrace Verbose: 0 : 17828, 13, 2024/02/16, 21:33:26.255, 873083358721, vstest.console.dll, MulticastDelegateUtilities.SafeInvoke: LengthPrefixCommunicationChannel: MessageReceived: Invoking callback 1/1 for Microsoft.VisualStudio.TestPlatform.CommunicationUtilities.TestRequestSender+<>c__DisplayClass34_0., took 0 ms.
TpTrace Verbose: 0 : 17828, 13, 2024/02/16, 21:33:26.255, 873083359569, vstest.console.dll, TcpClientExtensions.MessageLoopAsync: Polling on remoteEndPoint: 127.0.0.1:56748 localEndPoint: 127.0.0.1:56747
TpTrace Verbose: 0 : 17828, 13, 2024/02/16, 21:33:26.752, 873088328616, vstest.console.dll, TcpClientExtensions.MessageLoopAsync: NotifyDataAvailable remoteEndPoint: 127.0.0.1:56748 localEndPoint: 127.0.0.1:56747
TpTrace Verbose: 0 : 17828, 13, 2024/02/16, 21:33:26.752, 873088331256, vstest.console.dll, TestRequestSender.OnExecutionMessageReceived: Received message: {"Version":7,"MessageType":"TestSession.Message","Payload":{"MessageLevel":0,"Message":"   NUnit3TestExecutor discovered 5 of 5 NUnit test cases using Current Discovery mode, Non-Explicit run"}}
TpTrace Verbose: 0 : 17828, 13, 2024/02/16, 21:33:26.753, 873088333172, vstest.console.dll, TestRunRequest:SendTestRunMessage: Starting.
TpTrace Verbose: 0 : 17828, 13, 2024/02/16, 21:33:26.753, 873088334353, vstest.console.dll, MulticastDelegateUtilities.SafeInvoke: TestRun.LogMessages: Invoking callback 1/1 for Microsoft.VisualStudio.TestPlatform.CommandLine.TestRunResultAggregator., took 0 ms.
TpTrace Information: 0 : 17828, 13, 2024/02/16, 21:33:26.753, 873088335260, vstest.console.dll, TestRunRequest:SendTestRunMessage: Completed.
TpTrace Verbose: 0 : 17828, 4, 2024/02/16, 21:33:26.753, 873088335284, vstest.console.dll, MulticastDelegateUtilities.SafeInvoke: InternalTestLoggerEvents.SendTestRunMessage: Invoking callback 1/1 for Microsoft.VisualStudio.TestPlatform.CommandLine.Internal.ConsoleLogger., took 0 ms.
TpTrace Verbose: 0 : 17828, 13, 2024/02/16, 21:33:26.753, 873088336047, vstest.console.dll, MulticastDelegateUtilities.SafeInvoke: LengthPrefixCommunicationChannel: MessageReceived: Invoking callback 1/1 for Microsoft.VisualStudio.TestPlatform.CommunicationUtilities.TestRequestSender+<>c__DisplayClass34_0., took 0 ms.
TpTrace Verbose: 0 : 17828, 13, 2024/02/16, 21:33:26.753, 873088338280, vstest.console.dll, TcpClientExtensions.MessageLoopAsync: Polling on remoteEndPoint: 127.0.0.1:56748 localEndPoint: 127.0.0.1:56747
TpTrace Verbose: 0 : 17828, 13, 2024/02/16, 21:33:27.346, 873094263786, vstest.console.dll, TcpClientExtensions.MessageLoopAsync: NotifyDataAvailable remoteEndPoint: 127.0.0.1:56748 localEndPoint: 127.0.0.1:56747
TpTrace Verbose: 0 : 17828, 13, 2024/02/16, 21:33:27.346, 873094265653, vstest.console.dll, TestRequestSender.OnExecutionMessageReceived: Received message: {"Version":7,"MessageType":"TestSession.Message","Payload":{"MessageLevel":0,"Message":"NUnit Adapter 4.2.0.0: Test execution complete"}}
TpTrace Verbose: 0 : 17828, 13, 2024/02/16, 21:33:27.346, 873094267168, vstest.console.dll, TestRunRequest:SendTestRunMessage: Starting.
TpTrace Verbose: 0 : 17828, 13, 2024/02/16, 21:33:27.346, 873094268003, vstest.console.dll, MulticastDelegateUtilities.SafeInvoke: TestRun.LogMessages: Invoking callback 1/1 for Microsoft.VisualStudio.TestPlatform.CommandLine.TestRunResultAggregator., took 0 ms.
TpTrace Verbose: 0 : 17828, 4, 2024/02/16, 21:33:27.346, 873094268318, vstest.console.dll, MulticastDelegateUtilities.SafeInvoke: InternalTestLoggerEvents.SendTestRunMessage: Invoking callback 1/1 for Microsoft.VisualStudio.TestPlatform.CommandLine.Internal.ConsoleLogger., took 0 ms.
TpTrace Information: 0 : 17828, 13, 2024/02/16, 21:33:27.346, 873094269145, vstest.console.dll, TestRunRequest:SendTestRunMessage: Completed.
TpTrace Verbose: 0 : 17828, 13, 2024/02/16, 21:33:27.346, 873094269899, vstest.console.dll, MulticastDelegateUtilities.SafeInvoke: LengthPrefixCommunicationChannel: MessageReceived: Invoking callback 1/1 for Microsoft.VisualStudio.TestPlatform.CommunicationUtilities.TestRequestSender+<>c__DisplayClass34_0., took 0 ms.
TpTrace Verbose: 0 : 17828, 13, 2024/02/16, 21:33:27.346, 873094270500, vstest.console.dll, TcpClientExtensions.MessageLoopAsync: Polling on remoteEndPoint: 127.0.0.1:56748 localEndPoint: 127.0.0.1:56747
TpTrace Verbose: 0 : 17828, 13, 2024/02/16, 21:33:27.400, 873094803457, vstest.console.dll, TcpClientExtensions.MessageLoopAsync: NotifyDataAvailable remoteEndPoint: 127.0.0.1:56748 localEndPoint: 127.0.0.1:56747
TpTrace Verbose: 0 : 17828, 13, 2024/02/16, 21:33:27.400, 873094807710, vstest.console.dll, TestRequestSender.OnExecutionMessageReceived: Received message: {"Version":7,"MessageType":"TestExecution.Completed","Payload":{"TestRunCompleteArgs":{"TestRunStatistics":{"ExecutedTests":5,"Stats":{"Passed":5}},"IsCanceled":false,"IsAborted":false,"Error":null,"AttachmentSets":[],"InvokedDataCollectors":[],"ElapsedTimeInRunningTests":"00:00:01.1338838","Metrics":{},"DiscoveredExtensions":{"TestDiscoverers":["NUnit.VisualStudio.TestAdapter.NUnit3TestDiscoverer, NUnit3.TestAdapter, Version=4.2.0.0, Culture=neutral, PublicKeyToken=4cb40d35494691ac"],"TestExecutors":["executor://NUnit3TestExecutor"],"TestExecutors2":[],"TestSettingsProviders":[]}},"LastRunTests":{"NewTestResults":[{"TestCase":{"Id":"df74a40a-9f59-d0ca-d7dd-c7810e53d6f3","FullyQualifiedName":"MyArrayExample.Tests.MyArrayTests.FindMax_ShouldReturnMaxValueFromTheArray","DisplayName":"FindMax_ShouldReturnMaxValueFromTheArray","ExecutorUri":"executor://NUnit3TestExecutor","Source":"D:\\Visual Studio Projects\\Back-End Technologies Basics - January 2024\\13.02.24 Code Coverage\\MyArrayExample\\MyArrayExample\\MyArrayExample.Tests\\bin\\Debug\\net8.0\\fine-code-coverage\\build-output\\MyArrayExample.Tests.dll","CodeFilePath":null,"LineNumber":0,"Properties":[{"Key":{"Id":"NUnit.Seed","Label":"Seed","Category":"","Description":"","Attributes":0,"ValueType":"System.String"},"Value":"2026201056"}]},"Attachments":[],"Outcome":1,"ErrorMessage":null,"ErrorStackTrace":null,"DisplayName":"FindMax_ShouldReturnMaxValueFromTheArray","Messages":[],"ComputerName":"LAPTOP-5AA2ROI9","Duration":"00:00:00.4852630","StartTime":"2024-02-16T19:33:26.776787+00:00","EndTime":"2024-02-16T19:33:27.2619801+00:00","Properties":[{"Key":{"Id":"NUnit.Seed","Label":"Seed","Category":"","Description":"","Attributes":0,"ValueType":"System.String"},"Value":"2026201056"}]},{"TestCase":{"Id":"9a60ea6f-d72d-28fb-cea5-5221b2cd610a","FullyQualifiedName":"MyArrayExample.Tests.MyArrayTests.FindMax_ShouldReturnThtowExceptionIfArrayIsEmpty","DisplayName":"FindMax_ShouldReturnThtowExceptionIfArrayIsEmpty","ExecutorUri":"executor://NUnit3TestExecutor","Source":"D:\\Visual Studio Projects\\Back-End Technologies Basics - January 2024\\13.02.24 Code Coverage\\MyArrayExample\\MyArrayExample\\MyArrayExample.Tests\\bin\\Debug\\net8.0\\fine-code-coverage\\build-output\\MyArrayExample.Tests.dll","CodeFilePath":null,"LineNumber":0,"Properties":[{"Key":{"Id":"NUnit.Seed","Label":"Seed","Category":"","Description":"","Attributes":0,"ValueType":"System.String"},"Value":"466943346"}]},"Attachments":[],"Outcome":1,"ErrorMessage":null,"ErrorStackTrace":null,"DisplayName":"FindMax_ShouldReturnThtowExceptionIfArrayIsEmpty","Messages":[],"ComputerName":"LAPTOP-5AA2ROI9","Duration":"00:00:00.0056490","StartTime":"2024-02-16T19:33:27.2643347+00:00","EndTime":"2024-02-16T19:33:27.2699841+00:00","Properties":[{"Key":{"Id":"NUnit.Seed","Label":"Seed","Category":"","Description":"","Attributes":0,"ValueType":"System.String"},"Value":"466943346"}]},{"TestCase":{"Id":"1d5c2c7c-3a52-6210-c7ad-a96f450e76b4","FullyQualifiedName":"MyArrayExample.Tests.MyArrayTests.Replase_ShouldReplace_IfPositionIsBiggerThanTheSizeOfTheArray","DisplayName":"Replase_ShouldReplace_IfPositionIsBiggerThanTheSizeOfTheArray","ExecutorUri":"executor://NUnit3TestExecutor","Source":"D:\\Visual Studio Projects\\Back-End Technologies Basics - January 2024\\13.02.24 Code Coverage\\MyArrayExample\\MyArrayExample\\MyArrayExample.Tests\\bin\\Debug\\net8.0\\fine-code-coverage\\build-output\\MyArrayExample.Tests.dll","CodeFilePath":null,"LineNumber":0,"Properties":[{"Key":{"Id":"NUnit.Seed","Label":"Seed","Category":"","Description":"","Attributes":0,"ValueType":"System.String"},"Value":"631145602"}]},"Attachments":[],"Outcome":1,"ErrorMessage":null,"ErrorStackTrace":null,"DisplayName":"Replase_ShouldReplace_IfPositionIsBiggerThanTheSizeOfTheArray","Messages":[],"ComputerName":"LAPTOP-5AA2ROI9","Duration":"00:00:00.0003940","StartTime":"2024-02-16T19:33:27.2700183+00:00","EndTime":"2024-02-16T19:33:27.2704116+00:00","Properties":[{"Key":{"Id":"NUnit.Seed","Label":"Seed","Category":"","Description":"","Attributes":0,"ValueType":"System.String"},"Value":"631145602"}]},{"TestCase":{"Id":"7cd50e3f-6116-73ed-35b9-6a1e268a84c8","FullyQualifiedName":"MyArrayExample.Tests.MyArrayTests.Replase_ShouldReplace_IfPositionIsLessThanZero","DisplayName":"Replase_ShouldReplace_IfPositionIsLessThanZero","ExecutorUri":"executor://NUnit3TestExecutor","Source":"D:\\Visual Studio Projects\\Back-End Technologies Basics - January 2024\\13.02.24 Code Coverage\\MyArrayExample\\MyArrayExample\\MyArrayExample.Tests\\bin\\Debug\\net8.0\\fine-code-coverage\\build-output\\MyArrayExample.Tests.dll","CodeFilePath":null,"LineNumber":0,"Properties":[{"Key":{"Id":"NUnit.Seed","Label":"Seed","Category":"","Description":"","Attributes":0,"ValueType":"System.String"},"Value":"2028878111"}]},"Attachments":[],"Outcome":1,"ErrorMessage":null,"ErrorStackTrace":null,"DisplayName":"Replase_ShouldReplace_IfPositionIsLessThanZero","Messages":[],"ComputerName":"LAPTOP-5AA2ROI9","Duration":"00:00:00.0003620","StartTime":"2024-02-16T19:33:27.2704462+00:00","EndTime":"2024-02-16T19:33:27.2708084+00:00","Properties":[{"Key":{"Id":"NUnit.Seed","Label":"Seed","Category":"","Description":"","Attributes":0,"ValueType":"System.String"},"Value":"2028878111"}]},{"TestCase":{"Id":"c3a82d3e-27a1-1520-0943-ca1e068b8978","FullyQualifiedName":"MyArrayExample.Tests.MyArrayTests.Replase_ShouldReplace_IfPositionIsValid","DisplayName":"Replase_ShouldReplace_IfPositionIsValid","ExecutorUri":"executor://NUnit3TestExecutor","Source":"D:\\Visual Studio Projects\\Back-End Technologies Basics - January 2024\\13.02.24 Code Coverage\\MyArrayExample\\MyArrayExample\\MyArrayExample.Tests\\bin\\Debug\\net8.0\\fine-code-coverage\\build-output\\MyArrayExample.Tests.dll","CodeFilePath":null,"LineNumber":0,"Properties":[{"Key":{"Id":"NUnit.Seed","Label":"Seed","Category":"","Description":"","Attributes":0,"ValueType":"System.String"},"Value":"686605513"}]},"Attachments":[],"Outcome":1,"ErrorMessage":null,"ErrorStackTrace":null,"DisplayName":"Replase_ShouldReplace_IfPositionIsValid","Messages":[],"ComputerName":"LAPTOP-5AA2ROI9","Duration":"00:00:00.0008450","StartTime":"2024-02-16T19:33:27.2708377+00:00","EndTime":"2024-02-16T19:33:27.2716825+00:00","Properties":[{"Key":{"Id":"NUnit.Seed","Label":"Seed","Category":"","Description":"","Attributes":0,"ValueType":"System.String"},"Value":"686605513"}]}],"TestRunStatistics":{"ExecutedTests":5,"Stats":{"Passed":5}},"ActiveTests":[]},"RunAttachments":[],"ExecutorUris":["executor://nunit3testexecutor/"]}}
TpTrace Verbose: 0 : 17828, 13, 2024/02/16, 21:33:27.400, 873094810290, vstest.console.dll, TestRequestSender.EndSession: Sending end session.
TpTrace Verbose: 0 : 17828, 13, 2024/02/16, 21:33:27.401, 873094813963, vstest.console.dll, ProxyOperationManager.Close: waiting for test host to exit for 100 ms
TpTrace Verbose: 0 : 17828, 11, 2024/02/16, 21:33:27.413, 873094933977, vstest.console.dll, TestHostManagerCallbacks.ctor: Experimental forwarding output is disabled.
TpTrace Warning: 0 : 17828, 11, 2024/02/16, 21:33:27.413, 873094935741, vstest.console.dll, TestHostManagerCallbacks.ErrorReceivedCallback Test host standard error line: 
TpTrace Verbose: 0 : 17828, 11, 2024/02/16, 21:33:27.424, 873095050620, vstest.console.dll, TestHostProvider.ExitCallBack: Host exited starting callback.
TpTrace Information: 0 : 17828, 11, 2024/02/16, 21:33:27.424, 873095052912, vstest.console.dll, TestHostManagerCallbacks.ExitCallBack: Testhost processId: 13400 exited with exitcode: 0 error: ''
TpTrace Verbose: 0 : 17828, 11, 2024/02/16, 21:33:27.425, 873095053788, vstest.console.dll, DotnetTestHostManager.OnHostExited: invoking OnHostExited callback
TpTrace Verbose: 0 : 17828, 11, 2024/02/16, 21:33:27.425, 873095054748, vstest.console.dll, CrossPlatEngine.TestHostManagerHostExited: calling on client process exit callback.
TpTrace Information: 0 : 17828, 11, 2024/02/16, 21:33:27.425, 873095055649, vstest.console.dll, TestRequestSender.OnClientProcessExit: Test host process exited. Standard error: 
TpTrace Information: 0 : 17828, 13, 2024/02/16, 21:33:27.425, 873095056008, vstest.console.dll, SocketServer.Stop: Stop server endPoint: 127.0.0.1:56747
TpTrace Information: 0 : 17828, 13, 2024/02/16, 21:33:27.425, 873095056886, vstest.console.dll, SocketServer.Stop: Cancellation requested. Stopping message loop.
TpTrace Information: 0 : 17828, 11, 2024/02/16, 21:33:27.425, 873095056186, vstest.console.dll, SocketServer.Stop: Stop server endPoint: 127.0.0.1:56747
TpTrace Information: 0 : 17828, 11, 2024/02/16, 21:33:27.425, 873095059101, vstest.console.dll, SocketServer.Stop: Cancellation requested. Stopping message loop.
TpTrace Information: 0 : 17828, 13, 2024/02/16, 21:33:27.425, 873095059268, vstest.console.dll, Closing the connection
TpTrace Verbose: 0 : 17828, 11, 2024/02/16, 21:33:27.425, 873095059715, vstest.console.dll, MulticastDelegateUtilities.SafeInvoke: HostProviderEvents.OnHostExited: Invoking callback 1/1 for Microsoft.VisualStudio.TestPlatform.CrossPlatEngine.Client.ProxyOperationManager., took 0 ms.
TpTrace Verbose: 0 : 17828, 13, 2024/02/16, 21:33:27.426, 873095063538, vstest.console.dll, ProxyDataCollectionManager.InvokeDataCollectionServiceAction: Starting.
TpTrace Information: 0 : 17828, 13, 2024/02/16, 21:33:27.426, 873095064214, vstest.console.dll, ProxyDataCollectionManager.AfterTestRunEnd: Get attachment set and invoked data collectors processId: 12220 port: 56744
TpTrace Verbose: 0 : 17828, 13, 2024/02/16, 21:33:27.426, 873095064694, vstest.console.dll, DataCollectionRequestSender.SendAfterTestRunStartAndGetResult: Send AfterTestRunEnd message with isCancelled: False
TpTrace Verbose: 0 : 17828, 13, 2024/02/16, 21:33:27.436, 873095167889, vstest.console.dll, DataCollectionRequestSender.SendAfterTestRunStartAndGetResult: Received message: (DataCollection.AfterTestRunEndResult) -> {"MessageType":"DataCollection.AfterTestRunEndResult","Payload":{"AttachmentSets":[],"InvokedDataCollectors":[{"Uri":"datacollector://Microsoft/TestPlatform/Extensions/Blame/v1","FriendlyName":"Blame","AssemblyQualifiedName":"Microsoft.TestPlatform.Extensions.BlameDataCollector.BlameCollector, Microsoft.TestPlatform.Extensions.BlameDataCollector, Version=15.0.0.0, Culture=neutral, PublicKeyToken=b03f5f7f11d50a3a","FilePath":"C:\\Program Files\\dotnet\\sdk\\8.0.100\\Extensions\\Microsoft.TestPlatform.Extensions.BlameDataCollector.dll","HasAttachmentProcessor":false}],"Metrics":{}}}
TpTrace Warning: 0 : 17828, 10, 2024/02/16, 21:33:27.442, 873095223635, vstest.console.dll, DataCollectionLauncher.ErrorReceivedCallback datacollector standard error line: 
TpTrace Information: 0 : 17828, 13, 2024/02/16, 21:33:27.446, 873095268273, vstest.console.dll, ProxyDataCollectionManager.InvokeDataCollectionServiceAction: Completed.
TpTrace Information: 0 : 17828, 10, 2024/02/16, 21:33:27.450, 873095304076, vstest.console.dll, DataCollectionLauncher.ExitCallBack: Data collector exited with exitcode: 0 error: ''
TpTrace Verbose: 0 : 17828, 13, 2024/02/16, 21:33:27.510, 873095905238, vstest.console.dll, TestRunRequest:SendTestRunStatsChange: Starting.
TpTrace Verbose: 0 : 17828, 13, 2024/02/16, 21:33:27.510, 873095907756, vstest.console.dll, MulticastDelegateUtilities.SafeInvoke: TestRun.RunStatsChanged: Invoking callbacks was skipped because there are no subscribers.
TpTrace Information: 0 : 17828, 13, 2024/02/16, 21:33:27.510, 873095908551, vstest.console.dll, TestRunRequest:SendTestRunStatsChange: Completed.
TpTrace Verbose: 0 : 17828, 13, 2024/02/16, 21:33:27.510, 873095911538, vstest.console.dll, ParallelProxyExecutionManager: HandlePartialRunComplete: Total workloads = 1, Total started clients = 1 Total completed clients = 1, Run complete = True, Run canceled: False.
TpTrace Verbose: 0 : 17828, 13, 2024/02/16, 21:33:27.510, 873095912019, vstest.console.dll, ParallelProxyExecutionManager: HandlePartialRunComplete: All runs completed stopping all managers.
TpTrace Verbose: 0 : 17828, 13, 2024/02/16, 21:33:27.510, 873095912418, vstest.console.dll, ParallelOperationManager.StopAllManagers: Stopping all managers.
TpTrace Verbose: 0 : 17828, 13, 2024/02/16, 21:33:27.510, 873095912808, vstest.console.dll, ParallelOperationManager.ClearSlots: Clearing all slots. Slots should accept more work: False
TpTrace Verbose: 0 : 17828, 13, 2024/02/16, 21:33:27.511, 873095913831, vstest.console.dll, ParallelOperationManager.SetOccupiedSlotCount: Setting slot counts AvailableSlotCount = 1, OccupiedSlotCount = 0.
TpTrace Verbose: 0 : 17828, 13, 2024/02/16, 21:33:27.511, 873095914754, vstest.console.dll, Occupied slots:

TpTrace Verbose: 0 : 17828, 4, 2024/02/16, 21:33:27.512, 873095923934, vstest.console.dll, MulticastDelegateUtilities.SafeInvoke: InternalTestLoggerEvents.SendTestResult: Invoking callback 1/1 for Microsoft.VisualStudio.TestPlatform.CommandLine.Internal.ConsoleLogger., took 1 ms.
TpTrace Verbose: 0 : 17828, 4, 2024/02/16, 21:33:27.512, 873095927408, vstest.console.dll, MulticastDelegateUtilities.SafeInvoke: InternalTestLoggerEvents.SendTestResult: Invoking callback 1/1 for Microsoft.VisualStudio.TestPlatform.CommandLine.Internal.ConsoleLogger., took 0 ms.
TpTrace Verbose: 0 : 17828, 4, 2024/02/16, 21:33:27.512, 873095928526, vstest.console.dll, MulticastDelegateUtilities.SafeInvoke: InternalTestLoggerEvents.SendTestResult: Invoking callback 1/1 for Microsoft.VisualStudio.TestPlatform.CommandLine.Internal.ConsoleLogger., took 0 ms.
TpTrace Verbose: 0 : 17828, 4, 2024/02/16, 21:33:27.512, 873095929312, vstest.console.dll, MulticastDelegateUtilities.SafeInvoke: InternalTestLoggerEvents.SendTestResult: Invoking callback 1/1 for Microsoft.VisualStudio.TestPlatform.CommandLine.Internal.ConsoleLogger., took 0 ms.
TpTrace Verbose: 0 : 17828, 4, 2024/02/16, 21:33:27.512, 873095929934, vstest.console.dll, MulticastDelegateUtilities.SafeInvoke: InternalTestLoggerEvents.SendTestResult: Invoking callback 1/1 for Microsoft.VisualStudio.TestPlatform.CommandLine.Internal.ConsoleLogger., took 0 ms.
TpTrace Verbose: 0 : 17828, 4, 2024/02/16, 21:33:27.518, 873095983506, vstest.console.dll, MulticastDelegateUtilities.SafeInvoke: InternalTestLoggerEvents.SendTestRunComplete: Invoking callback 1/2 for Microsoft.TestPlatform.Extensions.BlameDataCollector.BlameLogger., took 0 ms.
TpTrace Verbose: 0 : 17828, 4, 2024/02/16, 21:33:27.523, 873096034800, vstest.console.dll, MulticastDelegateUtilities.SafeInvoke: InternalTestLoggerEvents.SendTestRunComplete: Invoking callback 2/2 for Microsoft.VisualStudio.TestPlatform.CommandLine.Internal.ConsoleLogger., took 5 ms.
TpTrace Verbose: 0 : 17828, 13, 2024/02/16, 21:33:27.523, 873096038311, vstest.console.dll, TestRunRequest:TestRunComplete: Starting. IsAborted:False IsCanceled:False.
TpTrace Verbose: 0 : 17828, 13, 2024/02/16, 21:33:27.523, 873096039959, vstest.console.dll, ParallelOperationManager.DoActionOnAllManagers: Calling an action on all managers.
TpTrace Verbose: 0 : 17828, 13, 2024/02/16, 21:33:27.524, 873096047710, vstest.console.dll, TestLoggerManager.HandleTestRunComplete: Ignoring as the object is disposed.
TpTrace Verbose: 0 : 17828, 13, 2024/02/16, 21:33:27.524, 873096049999, vstest.console.dll, MulticastDelegateUtilities.SafeInvoke: TestRun.TestRunComplete: Invoking callback 1/2 for Microsoft.VisualStudio.TestPlatform.CommandLine.TestRunResultAggregator., took 0 ms.
TpTrace Verbose: 0 : 17828, 13, 2024/02/16, 21:33:27.524, 873096051241, vstest.console.dll, MulticastDelegateUtilities.SafeInvoke: TestRun.TestRunComplete: Invoking callback 2/2 for Microsoft.VisualStudio.TestPlatform.CommandLine.Processors.RunTestsArgumentExecutor+TestRunRequestEventsRegistrar., took 0 ms.
TpTrace Information: 0 : 17828, 13, 2024/02/16, 21:33:27.524, 873096052363, vstest.console.dll, TestRunRequest:TestRunComplete: Completed.
TpTrace Verbose: 0 : 17828, 1, 2024/02/16, 21:33:27.524, 873096052501, vstest.console.dll, TestRunRequest.Dispose: Starting.
TpTrace Verbose: 0 : 17828, 13, 2024/02/16, 21:33:27.524, 873096052889, vstest.console.dll, TestRequestSender.SetOperationComplete: Setting operation complete.
TpTrace Information: 0 : 17828, 1, 2024/02/16, 21:33:27.525, 873096053650, vstest.console.dll, TestRunRequest.Dispose: Completed.
TpTrace Information: 0 : 17828, 13, 2024/02/16, 21:33:27.525, 873096054549, vstest.console.dll, SocketServer.Stop: Stop server endPoint: 127.0.0.1:56747
TpTrace Information: 0 : 17828, 1, 2024/02/16, 21:33:27.525, 873096055438, vstest.console.dll, TestRequestManager.RunTests: run tests completed.
TpTrace Information: 0 : 17828, 13, 2024/02/16, 21:33:27.525, 873096056118, vstest.console.dll, SocketServer.Stop: Cancellation requested. Stopping message loop.
TpTrace Information: 0 : 17828, 1, 2024/02/16, 21:33:27.525, 873096057098, vstest.console.dll, RunTestsArgumentProcessor:Execute: Test run is completed.
TpTrace Verbose: 0 : 17828, 13, 2024/02/16, 21:33:27.525, 873096057292, vstest.console.dll, MulticastDelegateUtilities.SafeInvoke: LengthPrefixCommunicationChannel: MessageReceived: Invoking callback 1/1 for Microsoft.VisualStudio.TestPlatform.CommunicationUtilities.TestRequestSender+<>c__DisplayClass34_0., took 125 ms.
TpTrace Information: 0 : 17828, 13, 2024/02/16, 21:33:27.525, 873096058479, vstest.console.dll, SocketServer.PrivateStop: Stopping server endPoint: 127.0.0.1:56747 error: 
TpTrace Verbose: 0 : 17828, 1, 2024/02/16, 21:33:27.525, 873096059840, vstest.console.dll, Executor.Execute: Exiting with exit code of 0
TpTrace Verbose: 0 : 17828, 13, 2024/02/16, 21:33:27.526, 873096064324, vstest.console.dll, LengthPrefixCommunicationChannel.Dispose: Dispose reader and writer.
