TpTrace Verbose: 0 : 15096, 1, 2024/02/17, 13:18:41.215, 1440232955694, vstest.console.dll, Version: 17.8.0-release-23523-03 Current process architecture: X64
TpTrace Verbose: 0 : 15096, 1, 2024/02/17, 13:18:41.218, 1440232984057, vstest.console.dll, Runtime location: C:\Program Files\dotnet\shared\Microsoft.NETCore.App\8.0.0
TpTrace Verbose: 0 : 15096, 1, 2024/02/17, 13:18:41.219, 1440233001758, vstest.console.dll, ArtifactProcessingPostProcessModeProcessorExecutor.Initialize: ArtifactProcessingMode.Collect
TpTrace Verbose: 0 : 15096, 1, 2024/02/17, 13:18:41.219, 1440233003318, vstest.console.dll, TestSessionCorrelationIdProcessorModeProcessorExecutor.Initialize: TestSessionCorrelationId '1724_5198ad5d-4e25-4e23-a0dd-be55c369a15a'
TpTrace Information: 0 : 15096, 1, 2024/02/17, 13:18:41.227, 1440233081305, vstest.console.dll, FilePatternParser: The given file D:\Visual Studio Projects\Back-End Technologies Basics - January 2024\13.02.24 Code Coverage\LibraryManagementSystem\LibraryManagementTest\bin\Debug\net6.0\fine-code-coverage\build-output\LibraryManagementTest.dll is a full path.
TpTrace Verbose: 0 : 15096, 1, 2024/02/17, 13:18:41.231, 1440233116965, vstest.console.dll, TestPluginCache.DiscoverTestExtensions: finding test extensions in assemblies ends with: RuntimeProvider.dll TPluginInfo: Microsoft.VisualStudio.TestPlatform.Common.ExtensionFramework.Utilities.TestRuntimePluginInformation TExtension: Microsoft.VisualStudio.TestPlatform.ObjectModel.Host.ITestRuntimeProvider
TpTrace Verbose: 0 : 15096, 1, 2024/02/17, 13:18:41.231, 1440233120051, vstest.console.dll, TestPluginCache.GetExtensionPaths: Filtered extension paths: 
TpTrace Verbose: 0 : 15096, 1, 2024/02/17, 13:18:41.231, 1440233120912, vstest.console.dll, TestPluginCache.GetExtensionPaths: Added default extension paths: C:\Program Files\dotnet\sdk\8.0.100\Extensions\Microsoft.Diagnostics.NETCore.Client.dll
C:\Program Files\dotnet\sdk\8.0.100\Extensions\Microsoft.TestPlatform.Extensions.BlameDataCollector.dll
C:\Program Files\dotnet\sdk\8.0.100\Extensions\Microsoft.TestPlatform.Extensions.EventLogCollector.dll
C:\Program Files\dotnet\sdk\8.0.100\Extensions\Microsoft.TestPlatform.TestHostRuntimeProvider.dll
C:\Program Files\dotnet\sdk\8.0.100\Extensions\Microsoft.VisualStudio.TestPlatform.Extensions.Html.TestLogger.dll
C:\Program Files\dotnet\sdk\8.0.100\Extensions\Microsoft.VisualStudio.TestPlatform.Extensions.Trx.TestLogger.dll
TpTrace Verbose: 0 : 15096, 1, 2024/02/17, 13:18:41.231, 1440233121323, vstest.console.dll, TestPluginCache.GetExtensionPaths: Added unfilterableExtensionPaths: 
TpTrace Information: 0 : 15096, 1, 2024/02/17, 13:18:41.232, 1440233126065, vstest.console.dll, AssemblyResolver.ctor: Creating AssemblyResolver with searchDirectories C:\Program Files\dotnet\sdk\8.0.100\Extensions,C:\Program Files\dotnet\sdk\8.0.100
TpTrace Verbose: 0 : 15096, 1, 2024/02/17, 13:18:41.233, 1440233137636, vstest.console.dll, TestPluginCache.DiscoverTestExtensions: Discovering the extensions using extension path.
TpTrace Verbose: 0 : 15096, 1, 2024/02/17, 13:18:41.233, 1440233138844, vstest.console.dll, TestPluginCache.GetExtensionPaths: Filtered extension paths: 
TpTrace Verbose: 0 : 15096, 1, 2024/02/17, 13:18:41.233, 1440233139336, vstest.console.dll, TestPluginCache.GetExtensionPaths: Added default extension paths: C:\Program Files\dotnet\sdk\8.0.100\Extensions\Microsoft.Diagnostics.NETCore.Client.dll
C:\Program Files\dotnet\sdk\8.0.100\Extensions\Microsoft.TestPlatform.Extensions.BlameDataCollector.dll
C:\Program Files\dotnet\sdk\8.0.100\Extensions\Microsoft.TestPlatform.Extensions.EventLogCollector.dll
C:\Program Files\dotnet\sdk\8.0.100\Extensions\Microsoft.TestPlatform.TestHostRuntimeProvider.dll
C:\Program Files\dotnet\sdk\8.0.100\Extensions\Microsoft.VisualStudio.TestPlatform.Extensions.Html.TestLogger.dll
C:\Program Files\dotnet\sdk\8.0.100\Extensions\Microsoft.VisualStudio.TestPlatform.Extensions.Trx.TestLogger.dll
TpTrace Verbose: 0 : 15096, 1, 2024/02/17, 13:18:41.233, 1440233139682, vstest.console.dll, TestPluginCache.GetExtensionPaths: Added unfilterableExtensionPaths: 
TpTrace Verbose: 0 : 15096, 1, 2024/02/17, 13:18:41.233, 1440233141618, vstest.console.dll, TestPluginCache.DiscoverTestExtensions: Discovering the extensions using allExtensionPaths: C:\Program Files\dotnet\sdk\8.0.100\Extensions\Microsoft.Diagnostics.NETCore.Client.dll
C:\Program Files\dotnet\sdk\8.0.100\Extensions\Microsoft.TestPlatform.Extensions.BlameDataCollector.dll
C:\Program Files\dotnet\sdk\8.0.100\Extensions\Microsoft.TestPlatform.Extensions.EventLogCollector.dll
C:\Program Files\dotnet\sdk\8.0.100\Extensions\Microsoft.TestPlatform.TestHostRuntimeProvider.dll
C:\Program Files\dotnet\sdk\8.0.100\Extensions\Microsoft.VisualStudio.TestPlatform.Extensions.Html.TestLogger.dll
C:\Program Files\dotnet\sdk\8.0.100\Extensions\Microsoft.VisualStudio.TestPlatform.Extensions.Trx.TestLogger.dll
TpTrace Information: 0 : 15096, 1, 2024/02/17, 13:18:41.233, 1440233142699, vstest.console.dll, AssemblyResolver.AddSearchDirectories: Adding more searchDirectories C:\Program Files\dotnet\sdk\8.0.100\Extensions,C:\Program Files\dotnet\sdk\8.0.100
TpTrace Information: 0 : 15096, 1, 2024/02/17, 13:18:41.233, 1440233143272, vstest.console.dll, AssemblyResolver.AddSearchDirectories: Adding more searchDirectories C:\Program Files\dotnet\sdk\8.0.100\Extensions,C:\Program Files\dotnet\sdk\8.0.100
TpTrace Information: 0 : 15096, 1, 2024/02/17, 13:18:41.234, 1440233143690, vstest.console.dll, AssemblyResolver.AddSearchDirectories: Adding more searchDirectories C:\Program Files\dotnet\sdk\8.0.100\Extensions,C:\Program Files\dotnet\sdk\8.0.100
TpTrace Information: 0 : 15096, 1, 2024/02/17, 13:18:41.234, 1440233144113, vstest.console.dll, AssemblyResolver.AddSearchDirectories: Adding more searchDirectories C:\Program Files\dotnet\sdk\8.0.100\Extensions,C:\Program Files\dotnet\sdk\8.0.100
TpTrace Information: 0 : 15096, 1, 2024/02/17, 13:18:41.234, 1440233144489, vstest.console.dll, AssemblyResolver.AddSearchDirectories: Adding more searchDirectories C:\Program Files\dotnet\sdk\8.0.100\Extensions,C:\Program Files\dotnet\sdk\8.0.100
TpTrace Information: 0 : 15096, 1, 2024/02/17, 13:18:41.234, 1440233144864, vstest.console.dll, AssemblyResolver.AddSearchDirectories: Adding more searchDirectories C:\Program Files\dotnet\sdk\8.0.100\Extensions,C:\Program Files\dotnet\sdk\8.0.100
TpTrace Information: 0 : 15096, 1, 2024/02/17, 13:18:41.234, 1440233150778, vstest.console.dll, AssemblyResolver.OnResolve: Microsoft.Diagnostics.NETCore.Client: Resolving assembly.
TpTrace Information: 0 : 15096, 1, 2024/02/17, 13:18:41.234, 1440233152064, vstest.console.dll, AssemblyResolver.OnResolve: Microsoft.Diagnostics.NETCore.Client: Searching in: 'C:\Program Files\dotnet\sdk\8.0.100\Extensions'.
TpTrace Information: 0 : 15096, 1, 2024/02/17, 13:18:41.241, 1440233218330, vstest.console.dll, AssemblyResolver.OnResolve: Microsoft.Diagnostics.NETCore.Client: Loading assembly 'C:\Program Files\dotnet\sdk\8.0.100\Extensions\Microsoft.Diagnostics.NETCore.Client.dll'.
TpTrace Information: 0 : 15096, 1, 2024/02/17, 13:18:41.242, 1440233226647, vstest.console.dll, AssemblyResolver.OnResolve: Resolved assembly: Microsoft.Diagnostics.NETCore.Client, from path: C:\Program Files\dotnet\sdk\8.0.100\Extensions\Microsoft.Diagnostics.NETCore.Client.dll
TpTrace Verbose: 0 : 15096, 1, 2024/02/17, 13:18:41.246, 1440233266726, vstest.console.dll, MetadataReaderExtensionsHelper: Discovering extensions inside assembly 'Microsoft.Diagnostics.NETCore.Client, Version=0.2.8.21101, Culture=neutral, PublicKeyToken=31bf3856ad364e35' file path 'C:\Program Files\dotnet\sdk\8.0.100\Extensions\Microsoft.Diagnostics.NETCore.Client.dll'
TpTrace Information: 0 : 15096, 1, 2024/02/17, 13:18:41.249, 1440233300993, vstest.console.dll, AssemblyResolver.OnResolve: Microsoft.Bcl.AsyncInterfaces: Resolving assembly.
TpTrace Information: 0 : 15096, 1, 2024/02/17, 13:18:41.249, 1440233302068, vstest.console.dll, AssemblyResolver.OnResolve: Microsoft.Bcl.AsyncInterfaces: Searching in: 'C:\Program Files\dotnet\sdk\8.0.100\Extensions'.
TpTrace Information: 0 : 15096, 1, 2024/02/17, 13:18:41.249, 1440233302855, vstest.console.dll, AssemblyResolver.OnResolve: Microsoft.Bcl.AsyncInterfaces: Assembly path does not exist: 'C:\Program Files\dotnet\sdk\8.0.100\Extensions\Microsoft.Bcl.AsyncInterfaces.dll', returning.
TpTrace Information: 0 : 15096, 1, 2024/02/17, 13:18:41.250, 1440233303913, vstest.console.dll, AssemblyResolver.OnResolve: Microsoft.Bcl.AsyncInterfaces: Assembly path does not exist: 'C:\Program Files\dotnet\sdk\8.0.100\Extensions\Microsoft.Bcl.AsyncInterfaces.exe', returning.
TpTrace Information: 0 : 15096, 1, 2024/02/17, 13:18:41.250, 1440233304404, vstest.console.dll, AssemblyResolver.OnResolve: Microsoft.Bcl.AsyncInterfaces: Searching in: 'C:\Program Files\dotnet\sdk\8.0.100'.
TpTrace Information: 0 : 15096, 1, 2024/02/17, 13:18:41.250, 1440233305446, vstest.console.dll, AssemblyResolver.OnResolve: Microsoft.Bcl.AsyncInterfaces: Assembly path does not exist: 'C:\Program Files\dotnet\sdk\8.0.100\Microsoft.Bcl.AsyncInterfaces.dll', returning.
TpTrace Information: 0 : 15096, 1, 2024/02/17, 13:18:41.250, 1440233305989, vstest.console.dll, AssemblyResolver.OnResolve: Microsoft.Bcl.AsyncInterfaces: Assembly path does not exist: 'C:\Program Files\dotnet\sdk\8.0.100\Microsoft.Bcl.AsyncInterfaces.exe', returning.
TpTrace Information: 0 : 15096, 1, 2024/02/17, 13:18:41.250, 1440233306405, vstest.console.dll, AssemblyResolver.OnResolve: Microsoft.Bcl.AsyncInterfaces: Failed to load assembly.
TpTrace Verbose: 0 : 15096, 1, 2024/02/17, 13:18:41.250, 1440233306825, vstest.console.dll, CurrentDomainAssemblyResolve: Resolving assembly 'Microsoft.Bcl.AsyncInterfaces'.
TpTrace Information: 0 : 15096, 1, 2024/02/17, 13:18:41.250, 1440233307921, vstest.console.dll, AssemblyResolver.OnResolve: Microsoft.Bcl.AsyncInterfaces: Resolving assembly.
TpTrace Information: 0 : 15096, 1, 2024/02/17, 13:18:41.250, 1440233308519, vstest.console.dll, AssemblyResolver.OnResolve: Microsoft.Bcl.AsyncInterfaces: Resolved from cache.
TpTrace Verbose: 0 : 15096, 1, 2024/02/17, 13:18:41.250, 1440233308850, vstest.console.dll, CurrentDomainAssemblyResolve: Resolving assembly 'Microsoft.Bcl.AsyncInterfaces'.
TpTrace Verbose: 0 : 15096, 1, 2024/02/17, 13:18:41.250, 1440233309489, vstest.console.dll, CurrentDomainAssemblyResolve: Failed to resolve assembly 'Microsoft.Bcl.AsyncInterfaces'.
TpTrace Verbose: 0 : 15096, 1, 2024/02/17, 13:18:41.251, 1440233317599, vstest.console.dll, CurrentDomainAssemblyResolve: Failed to resolve assembly 'Microsoft.Bcl.AsyncInterfaces'.
TpTrace Warning: 0 : 15096, 1, 2024/02/17, 13:18:41.259, 1440233400613, vstest.console.dll, TestPluginDiscoverer: Failed to get types from assembly 'Microsoft.Diagnostics.NETCore.Client, Version=0.2.8.21101, Culture=neutral, PublicKeyToken=31bf3856ad364e35'. Error: System.Reflection.ReflectionTypeLoadException: Unable to load one or more of the requested types.
Could not load file or assembly 'Microsoft.Bcl.AsyncInterfaces, Version=1.0.0.0, Culture=neutral, PublicKeyToken=cc7b13ffcd2ddd51'. The system cannot find the file specified.
   at System.Reflection.RuntimeModule.GetTypes(RuntimeModule module)
   at System.Reflection.RuntimeModule.GetTypes()
   at Microsoft.VisualStudio.TestPlatform.Common.ExtensionFramework.TestPluginDiscoverer.GetTestExtensionsFromAssembly[TPluginInfo,TExtension](Assembly assembly, Dictionary`2 pluginInfos, String filePath) in /_/src/Microsoft.TestPlatform.Common/ExtensionFramework/TestPluginDiscoverer.cs:line 158
System.IO.FileNotFoundException: Could not load file or assembly 'Microsoft.Bcl.AsyncInterfaces, Version=1.0.0.0, Culture=neutral, PublicKeyToken=cc7b13ffcd2ddd51'. The system cannot find the file specified.
File name: 'Microsoft.Bcl.AsyncInterfaces, Version=1.0.0.0, Culture=neutral, PublicKeyToken=cc7b13ffcd2ddd51'
 ---> System.IO.FileNotFoundException: Could not load file or assembly 'Microsoft.Bcl.AsyncInterfaces, Culture=neutral, PublicKeyToken=null'. The system cannot find the file specified.
File name: 'Microsoft.Bcl.AsyncInterfaces, Culture=neutral, PublicKeyToken=null'
   at System.Reflection.RuntimeAssembly.InternalLoad(AssemblyName assemblyName, StackCrawlMark& stackMark, AssemblyLoadContext assemblyLoadContext, RuntimeAssembly requestingAssembly, Boolean throwOnFileNotFound)
   at System.Reflection.Assembly.Load(AssemblyName assemblyRef)
   at Microsoft.VisualStudio.TestPlatform.Common.ExtensionFramework.TestPluginCache.CurrentDomainAssemblyResolve(Object sender, AssemblyResolveEventArgs args) in /_/src/Microsoft.TestPlatform.Common/ExtensionFramework/TestPluginCache.cs:line 513
   at System.Runtime.Loader.AssemblyLoadContext.GetFirstResolvedAssemblyFromResolvingEvent(AssemblyName assemblyName)
   at System.Runtime.Loader.AssemblyLoadContext.ResolveUsingEvent(AssemblyName assemblyName)
   at System.Runtime.Loader.AssemblyLoadContext.ResolveUsingResolvingEvent(IntPtr gchManagedAssemblyLoadContext, AssemblyName assemblyName)
TpTrace Warning: 0 : 15096, 1, 2024/02/17, 13:18:41.260, 1440233404445, vstest.console.dll, LoaderExceptions: System.IO.FileNotFoundException: Could not load file or assembly 'Microsoft.Bcl.AsyncInterfaces, Version=1.0.0.0, Culture=neutral, PublicKeyToken=cc7b13ffcd2ddd51'. The system cannot find the file specified.
File name: 'Microsoft.Bcl.AsyncInterfaces, Version=1.0.0.0, Culture=neutral, PublicKeyToken=cc7b13ffcd2ddd51'
 ---> System.IO.FileNotFoundException: Could not load file or assembly 'Microsoft.Bcl.AsyncInterfaces, Culture=neutral, PublicKeyToken=null'. The system cannot find the file specified.
File name: 'Microsoft.Bcl.AsyncInterfaces, Culture=neutral, PublicKeyToken=null'
   at System.Reflection.RuntimeAssembly.InternalLoad(AssemblyName assemblyName, StackCrawlMark& stackMark, AssemblyLoadContext assemblyLoadContext, RuntimeAssembly requestingAssembly, Boolean throwOnFileNotFound)
   at System.Reflection.Assembly.Load(AssemblyName assemblyRef)
   at Microsoft.VisualStudio.TestPlatform.Common.ExtensionFramework.TestPluginCache.CurrentDomainAssemblyResolve(Object sender, AssemblyResolveEventArgs args) in /_/src/Microsoft.TestPlatform.Common/ExtensionFramework/TestPluginCache.cs:line 513
   at System.Runtime.Loader.AssemblyLoadContext.GetFirstResolvedAssemblyFromResolvingEvent(AssemblyName assemblyName)
   at System.Runtime.Loader.AssemblyLoadContext.ResolveUsingEvent(AssemblyName assemblyName)
   at System.Runtime.Loader.AssemblyLoadContext.ResolveUsingResolvingEvent(IntPtr gchManagedAssemblyLoadContext, AssemblyName assemblyName)
TpTrace Information: 0 : 15096, 1, 2024/02/17, 13:18:41.260, 1440233405968, vstest.console.dll, AssemblyResolver.OnResolve: Microsoft.TestPlatform.Extensions.BlameDataCollector: Resolving assembly.
TpTrace Information: 0 : 15096, 1, 2024/02/17, 13:18:41.260, 1440233406643, vstest.console.dll, AssemblyResolver.OnResolve: Microsoft.TestPlatform.Extensions.BlameDataCollector: Searching in: 'C:\Program Files\dotnet\sdk\8.0.100\Extensions'.
TpTrace Information: 0 : 15096, 1, 2024/02/17, 13:18:41.260, 1440233409685, vstest.console.dll, AssemblyResolver.OnResolve: Microsoft.TestPlatform.Extensions.BlameDataCollector: Loading assembly 'C:\Program Files\dotnet\sdk\8.0.100\Extensions\Microsoft.TestPlatform.Extensions.BlameDataCollector.dll'.
TpTrace Information: 0 : 15096, 1, 2024/02/17, 13:18:41.261, 1440233413782, vstest.console.dll, AssemblyResolver.OnResolve: Resolved assembly: Microsoft.TestPlatform.Extensions.BlameDataCollector, from path: C:\Program Files\dotnet\sdk\8.0.100\Extensions\Microsoft.TestPlatform.Extensions.BlameDataCollector.dll
TpTrace Verbose: 0 : 15096, 1, 2024/02/17, 13:18:41.261, 1440233414622, vstest.console.dll, MetadataReaderExtensionsHelper: Discovering extensions inside assembly 'Microsoft.TestPlatform.Extensions.BlameDataCollector, Version=15.0.0.0, Culture=neutral, PublicKeyToken=b03f5f7f11d50a3a' file path 'C:\Program Files\dotnet\sdk\8.0.100\Extensions\Microsoft.TestPlatform.Extensions.BlameDataCollector.dll'
TpTrace Information: 0 : 15096, 1, 2024/02/17, 13:18:41.262, 1440233426031, vstest.console.dll, AssemblyResolver.OnResolve: Microsoft.TestPlatform.Extensions.EventLogCollector: Resolving assembly.
TpTrace Information: 0 : 15096, 1, 2024/02/17, 13:18:41.262, 1440233427283, vstest.console.dll, AssemblyResolver.OnResolve: Microsoft.TestPlatform.Extensions.EventLogCollector: Searching in: 'C:\Program Files\dotnet\sdk\8.0.100\Extensions'.
TpTrace Information: 0 : 15096, 1, 2024/02/17, 13:18:41.262, 1440233430097, vstest.console.dll, AssemblyResolver.OnResolve: Microsoft.TestPlatform.Extensions.EventLogCollector: Loading assembly 'C:\Program Files\dotnet\sdk\8.0.100\Extensions\Microsoft.TestPlatform.Extensions.EventLogCollector.dll'.
TpTrace Information: 0 : 15096, 1, 2024/02/17, 13:18:41.262, 1440233433365, vstest.console.dll, AssemblyResolver.OnResolve: Resolved assembly: Microsoft.TestPlatform.Extensions.EventLogCollector, from path: C:\Program Files\dotnet\sdk\8.0.100\Extensions\Microsoft.TestPlatform.Extensions.EventLogCollector.dll
TpTrace Verbose: 0 : 15096, 1, 2024/02/17, 13:18:41.263, 1440233434103, vstest.console.dll, MetadataReaderExtensionsHelper: Discovering extensions inside assembly 'Microsoft.TestPlatform.Extensions.EventLogCollector, Version=15.0.0.0, Culture=neutral, PublicKeyToken=b03f5f7f11d50a3a' file path 'C:\Program Files\dotnet\sdk\8.0.100\Extensions\Microsoft.TestPlatform.Extensions.EventLogCollector.dll'
TpTrace Information: 0 : 15096, 1, 2024/02/17, 13:18:41.264, 1440233449701, vstest.console.dll, AssemblyResolver.OnResolve: Microsoft.TestPlatform.TestHostRuntimeProvider: Resolving assembly.
TpTrace Information: 0 : 15096, 1, 2024/02/17, 13:18:41.264, 1440233450567, vstest.console.dll, AssemblyResolver.OnResolve: Microsoft.TestPlatform.TestHostRuntimeProvider: Searching in: 'C:\Program Files\dotnet\sdk\8.0.100\Extensions'.
TpTrace Information: 0 : 15096, 1, 2024/02/17, 13:18:41.264, 1440233452996, vstest.console.dll, AssemblyResolver.OnResolve: Microsoft.TestPlatform.TestHostRuntimeProvider: Loading assembly 'C:\Program Files\dotnet\sdk\8.0.100\Extensions\Microsoft.TestPlatform.TestHostRuntimeProvider.dll'.
TpTrace Information: 0 : 15096, 1, 2024/02/17, 13:18:41.265, 1440233457150, vstest.console.dll, AssemblyResolver.OnResolve: Resolved assembly: Microsoft.TestPlatform.TestHostRuntimeProvider, from path: C:\Program Files\dotnet\sdk\8.0.100\Extensions\Microsoft.TestPlatform.TestHostRuntimeProvider.dll
TpTrace Verbose: 0 : 15096, 1, 2024/02/17, 13:18:41.265, 1440233457950, vstest.console.dll, MetadataReaderExtensionsHelper: Discovering extensions inside assembly 'Microsoft.TestPlatform.TestHostRuntimeProvider, Version=15.0.0.0, Culture=neutral, PublicKeyToken=b03f5f7f11d50a3a' file path 'C:\Program Files\dotnet\sdk\8.0.100\Extensions\Microsoft.TestPlatform.TestHostRuntimeProvider.dll'
TpTrace Information: 0 : 15096, 1, 2024/02/17, 13:18:41.266, 1440233473320, vstest.console.dll, GetTestExtensionFromType: Register extension with identifier data 'HostProvider://DefaultTestHost' and type 'Microsoft.VisualStudio.TestPlatform.CrossPlatEngine.Hosting.DefaultTestHostManager, Microsoft.TestPlatform.TestHostRuntimeProvider, Version=15.0.0.0, Culture=neutral, PublicKeyToken=b03f5f7f11d50a3a' inside file 'C:\Program Files\dotnet\sdk\8.0.100\Extensions\Microsoft.TestPlatform.TestHostRuntimeProvider.dll'
TpTrace Information: 0 : 15096, 1, 2024/02/17, 13:18:41.267, 1440233477072, vstest.console.dll, GetTestExtensionFromType: Register extension with identifier data 'HostProvider://DotnetTestHost' and type 'Microsoft.VisualStudio.TestPlatform.CrossPlatEngine.Hosting.DotnetTestHostManager, Microsoft.TestPlatform.TestHostRuntimeProvider, Version=15.0.0.0, Culture=neutral, PublicKeyToken=b03f5f7f11d50a3a' inside file 'C:\Program Files\dotnet\sdk\8.0.100\Extensions\Microsoft.TestPlatform.TestHostRuntimeProvider.dll'
TpTrace Information: 0 : 15096, 1, 2024/02/17, 13:18:41.267, 1440233478341, vstest.console.dll, AssemblyResolver.OnResolve: Microsoft.VisualStudio.TestPlatform.Extensions.Html.TestLogger: Resolving assembly.
TpTrace Information: 0 : 15096, 1, 2024/02/17, 13:18:41.267, 1440233478886, vstest.console.dll, AssemblyResolver.OnResolve: Microsoft.VisualStudio.TestPlatform.Extensions.Html.TestLogger: Searching in: 'C:\Program Files\dotnet\sdk\8.0.100\Extensions'.
TpTrace Information: 0 : 15096, 1, 2024/02/17, 13:18:41.268, 1440233483851, vstest.console.dll, AssemblyResolver.OnResolve: Microsoft.VisualStudio.TestPlatform.Extensions.Html.TestLogger: Loading assembly 'C:\Program Files\dotnet\sdk\8.0.100\Extensions\Microsoft.VisualStudio.TestPlatform.Extensions.Html.TestLogger.dll'.
TpTrace Information: 0 : 15096, 1, 2024/02/17, 13:18:41.268, 1440233489422, vstest.console.dll, AssemblyResolver.OnResolve: Resolved assembly: Microsoft.VisualStudio.TestPlatform.Extensions.Html.TestLogger, from path: C:\Program Files\dotnet\sdk\8.0.100\Extensions\Microsoft.VisualStudio.TestPlatform.Extensions.Html.TestLogger.dll
TpTrace Verbose: 0 : 15096, 1, 2024/02/17, 13:18:41.268, 1440233491248, vstest.console.dll, MetadataReaderExtensionsHelper: Discovering extensions inside assembly 'Microsoft.VisualStudio.TestPlatform.Extensions.Html.TestLogger, Version=15.0.0.0, Culture=neutral, PublicKeyToken=b03f5f7f11d50a3a' file path 'C:\Program Files\dotnet\sdk\8.0.100\Extensions\Microsoft.VisualStudio.TestPlatform.Extensions.Html.TestLogger.dll'
TpTrace Information: 0 : 15096, 1, 2024/02/17, 13:18:41.269, 1440233499448, vstest.console.dll, AssemblyResolver.OnResolve: Microsoft.VisualStudio.TestPlatform.Extensions.Trx.TestLogger: Resolving assembly.
TpTrace Information: 0 : 15096, 1, 2024/02/17, 13:18:41.269, 1440233500330, vstest.console.dll, AssemblyResolver.OnResolve: Microsoft.VisualStudio.TestPlatform.Extensions.Trx.TestLogger: Searching in: 'C:\Program Files\dotnet\sdk\8.0.100\Extensions'.
TpTrace Information: 0 : 15096, 1, 2024/02/17, 13:18:41.270, 1440233503625, vstest.console.dll, AssemblyResolver.OnResolve: Microsoft.VisualStudio.TestPlatform.Extensions.Trx.TestLogger: Loading assembly 'C:\Program Files\dotnet\sdk\8.0.100\Extensions\Microsoft.VisualStudio.TestPlatform.Extensions.Trx.TestLogger.dll'.
TpTrace Information: 0 : 15096, 1, 2024/02/17, 13:18:41.270, 1440233509748, vstest.console.dll, AssemblyResolver.OnResolve: Resolved assembly: Microsoft.VisualStudio.TestPlatform.Extensions.Trx.TestLogger, from path: C:\Program Files\dotnet\sdk\8.0.100\Extensions\Microsoft.VisualStudio.TestPlatform.Extensions.Trx.TestLogger.dll
TpTrace Verbose: 0 : 15096, 1, 2024/02/17, 13:18:41.270, 1440233510732, vstest.console.dll, MetadataReaderExtensionsHelper: Discovering extensions inside assembly 'Microsoft.VisualStudio.TestPlatform.Extensions.Trx.TestLogger, Version=15.0.0.0, Culture=neutral, PublicKeyToken=b03f5f7f11d50a3a' file path 'C:\Program Files\dotnet\sdk\8.0.100\Extensions\Microsoft.VisualStudio.TestPlatform.Extensions.Trx.TestLogger.dll'
TpTrace Verbose: 0 : 15096, 1, 2024/02/17, 13:18:41.271, 1440233520483, vstest.console.dll, TestPluginCache: Discovered the extensions using extension path ''.
TpTrace Verbose: 0 : 15096, 1, 2024/02/17, 13:18:41.271, 1440233521295, vstest.console.dll, TestPluginCache: Discoverers are ''.
TpTrace Verbose: 0 : 15096, 1, 2024/02/17, 13:18:41.271, 1440233521679, vstest.console.dll, TestPluginCache: Executors are ''.
TpTrace Verbose: 0 : 15096, 1, 2024/02/17, 13:18:41.271, 1440233521995, vstest.console.dll, TestPluginCache: Executors2 are ''.
TpTrace Verbose: 0 : 15096, 1, 2024/02/17, 13:18:41.271, 1440233522402, vstest.console.dll, TestPluginCache: Setting providers are ''.
TpTrace Verbose: 0 : 15096, 1, 2024/02/17, 13:18:41.271, 1440233522745, vstest.console.dll, TestPluginCache: Loggers are ''.
TpTrace Verbose: 0 : 15096, 1, 2024/02/17, 13:18:41.272, 1440233524495, vstest.console.dll, TestPluginCache: TestHosts are 'HostProvider://DefaultTestHost,HostProvider://DotnetTestHost'.
TpTrace Verbose: 0 : 15096, 1, 2024/02/17, 13:18:41.272, 1440233524972, vstest.console.dll, TestPluginCache: DataCollectors are ''.
TpTrace Information: 0 : 15096, 1, 2024/02/17, 13:18:41.282, 1440233632167, vstest.console.dll, RunTestsArgumentProcessor:Execute: Test run is starting.
TpTrace Verbose: 0 : 15096, 1, 2024/02/17, 13:18:41.282, 1440233633497, vstest.console.dll, RunTestsArgumentProcessor:Execute: Queuing Test run.
TpTrace Information: 0 : 15096, 1, 2024/02/17, 13:18:41.283, 1440233636148, vstest.console.dll, TestRequestManager.RunTests: run tests started.
TpTrace Information: 0 : 15096, 1, 2024/02/17, 13:18:41.292, 1440233725969, vstest.console.dll, AssemblyMetadataProvider.GetFrameworkName: Determined framework:'.NETCoreApp,Version=v6.0' for source: 'D:\Visual Studio Projects\Back-End Technologies Basics - January 2024\13.02.24 Code Coverage\LibraryManagementSystem\LibraryManagementTest\bin\Debug\net6.0\fine-code-coverage\build-output\LibraryManagementTest.dll'
TpTrace Information: 0 : 15096, 1, 2024/02/17, 13:18:41.292, 1440233728174, vstest.console.dll, Determined framework for all sources: .NETCoreApp,Version=v6.0
TpTrace Verbose: 0 : 15096, 1, 2024/02/17, 13:18:41.292, 1440233731658, vstest.console.dll, TestRequestManager.UpdateRunSettingsIfRequired: Default architecture: X64 IsDefaultTargetArchitecture: True, Current process architecture: X64 OperatingSystem: Windows.
TpTrace Information: 0 : 15096, 1, 2024/02/17, 13:18:41.294, 1440233748220, vstest.console.dll, AssemblyMetadataProvider.GetArchitecture: Determined architecture:AnyCPU info for assembly: D:\Visual Studio Projects\Back-End Technologies Basics - January 2024\13.02.24 Code Coverage\LibraryManagementSystem\LibraryManagementTest\bin\Debug\net6.0\fine-code-coverage\build-output\LibraryManagementTest.dll
TpTrace Information: 0 : 15096, 1, 2024/02/17, 13:18:41.294, 1440233749177, vstest.console.dll, Determined platform for source 'D:\Visual Studio Projects\Back-End Technologies Basics - January 2024\13.02.24 Code Coverage\LibraryManagementSystem\LibraryManagementTest\bin\Debug\net6.0\fine-code-coverage\build-output\LibraryManagementTest.dll' was AnyCPU and it will use the default plaform X64.
TpTrace Information: 0 : 15096, 1, 2024/02/17, 13:18:41.294, 1440233749602, vstest.console.dll, None of the sources provided any runnable platform, using the default platform: X64
TpTrace Information: 0 : 15096, 1, 2024/02/17, 13:18:41.294, 1440233750784, vstest.console.dll, Platform was updated to 'X64'.
TpTrace Information: 0 : 15096, 1, 2024/02/17, 13:18:41.297, 1440233778135, vstest.console.dll, InferRunSettingsHelper.IsTestSettingsEnabled: Unable to navigate to RunSettings/MSTest. Current node: RunSettings
TpTrace Information: 0 : 15096, 1, 2024/02/17, 13:18:41.298, 1440233784446, vstest.console.dll, AssemblyResolver.OnResolve: Microsoft.VisualStudio.TestPlatform.Fakes: Resolving assembly.
TpTrace Information: 0 : 15096, 1, 2024/02/17, 13:18:41.298, 1440233785659, vstest.console.dll, AssemblyResolver.OnResolve: Microsoft.VisualStudio.TestPlatform.Fakes: Searching in: 'C:\Program Files\dotnet\sdk\8.0.100\Extensions'.
TpTrace Information: 0 : 15096, 1, 2024/02/17, 13:18:41.298, 1440233787130, vstest.console.dll, AssemblyResolver.OnResolve: Microsoft.VisualStudio.TestPlatform.Fakes: Assembly path does not exist: 'C:\Program Files\dotnet\sdk\8.0.100\Extensions\Microsoft.VisualStudio.TestPlatform.Fakes.dll', returning.
TpTrace Information: 0 : 15096, 1, 2024/02/17, 13:18:41.298, 1440233788547, vstest.console.dll, AssemblyResolver.OnResolve: Microsoft.VisualStudio.TestPlatform.Fakes: Assembly path does not exist: 'C:\Program Files\dotnet\sdk\8.0.100\Extensions\Microsoft.VisualStudio.TestPlatform.Fakes.exe', returning.
TpTrace Information: 0 : 15096, 1, 2024/02/17, 13:18:41.298, 1440233789015, vstest.console.dll, AssemblyResolver.OnResolve: Microsoft.VisualStudio.TestPlatform.Fakes: Searching in: 'C:\Program Files\dotnet\sdk\8.0.100'.
TpTrace Information: 0 : 15096, 1, 2024/02/17, 13:18:41.298, 1440233789743, vstest.console.dll, AssemblyResolver.OnResolve: Microsoft.VisualStudio.TestPlatform.Fakes: Assembly path does not exist: 'C:\Program Files\dotnet\sdk\8.0.100\Microsoft.VisualStudio.TestPlatform.Fakes.dll', returning.
TpTrace Information: 0 : 15096, 1, 2024/02/17, 13:18:41.298, 1440233790909, vstest.console.dll, AssemblyResolver.OnResolve: Microsoft.VisualStudio.TestPlatform.Fakes: Assembly path does not exist: 'C:\Program Files\dotnet\sdk\8.0.100\Microsoft.VisualStudio.TestPlatform.Fakes.exe', returning.
TpTrace Information: 0 : 15096, 1, 2024/02/17, 13:18:41.298, 1440233791600, vstest.console.dll, AssemblyResolver.OnResolve: Microsoft.VisualStudio.TestPlatform.Fakes: Failed to load assembly.
TpTrace Information: 0 : 15096, 1, 2024/02/17, 13:18:41.299, 1440233796301, vstest.console.dll, Failed to load assembly Microsoft.VisualStudio.TestPlatform.Fakes, Version=17.0.0.0, Culture=neutral. Reason:System.IO.FileNotFoundException: Could not load file or assembly 'Microsoft.VisualStudio.TestPlatform.Fakes, Version=17.0.0.0, Culture=neutral, PublicKeyToken=null'. The system cannot find the file specified.
File name: 'Microsoft.VisualStudio.TestPlatform.Fakes, Version=17.0.0.0, Culture=neutral, PublicKeyToken=null'
   at System.Reflection.RuntimeAssembly.InternalLoad(AssemblyName assemblyName, StackCrawlMark& stackMark, AssemblyLoadContext assemblyLoadContext, RuntimeAssembly requestingAssembly, Boolean throwOnFileNotFound)
   at System.Reflection.Assembly.Load(AssemblyName assemblyRef)
   at Microsoft.VisualStudio.TestPlatform.Common.Utilities.FakesUtilities.LoadTestPlatformAssembly() in /_/src/Microsoft.TestPlatform.Common/Utilities/FakesUtilities.cs:line 272
TpTrace Verbose: 0 : 15096, 1, 2024/02/17, 13:18:41.302, 1440233829794, vstest.console.dll, TestPluginCache.DiscoverTestExtensions: finding test extensions in assemblies ends with: TestLogger.dll TPluginInfo: Microsoft.VisualStudio.TestPlatform.Common.ExtensionFramework.Utilities.TestLoggerPluginInformation TExtension: Microsoft.VisualStudio.TestPlatform.ObjectModel.Client.ITestLogger
TpTrace Verbose: 0 : 15096, 1, 2024/02/17, 13:18:41.302, 1440233830955, vstest.console.dll, TestPluginCache.GetExtensionPaths: Filtered extension paths: 
TpTrace Verbose: 0 : 15096, 1, 2024/02/17, 13:18:41.302, 1440233831578, vstest.console.dll, TestPluginCache.GetExtensionPaths: Added default extension paths: C:\Program Files\dotnet\sdk\8.0.100\Extensions\Microsoft.Diagnostics.NETCore.Client.dll
C:\Program Files\dotnet\sdk\8.0.100\Extensions\Microsoft.TestPlatform.Extensions.BlameDataCollector.dll
C:\Program Files\dotnet\sdk\8.0.100\Extensions\Microsoft.TestPlatform.Extensions.EventLogCollector.dll
C:\Program Files\dotnet\sdk\8.0.100\Extensions\Microsoft.TestPlatform.TestHostRuntimeProvider.dll
C:\Program Files\dotnet\sdk\8.0.100\Extensions\Microsoft.VisualStudio.TestPlatform.Extensions.Html.TestLogger.dll
C:\Program Files\dotnet\sdk\8.0.100\Extensions\Microsoft.VisualStudio.TestPlatform.Extensions.Trx.TestLogger.dll
TpTrace Verbose: 0 : 15096, 1, 2024/02/17, 13:18:41.302, 1440233831972, vstest.console.dll, TestPluginCache.GetExtensionPaths: Added unfilterableExtensionPaths: 
TpTrace Information: 0 : 15096, 1, 2024/02/17, 13:18:41.303, 1440233833820, vstest.console.dll, AssemblyResolver.AddSearchDirectories: Adding more searchDirectories C:\Program Files\dotnet\sdk\8.0.100\Extensions,C:\Program Files\dotnet\sdk\8.0.100
TpTrace Verbose: 0 : 15096, 1, 2024/02/17, 13:18:41.303, 1440233834506, vstest.console.dll, TestPluginCache.DiscoverTestExtensions: Discovering the extensions using extension path.
TpTrace Verbose: 0 : 15096, 1, 2024/02/17, 13:18:41.303, 1440233834996, vstest.console.dll, TestPluginCache.GetExtensionPaths: Filtered extension paths: 
TpTrace Verbose: 0 : 15096, 1, 2024/02/17, 13:18:41.303, 1440233835789, vstest.console.dll, TestPluginCache.GetExtensionPaths: Added default extension paths: C:\Program Files\dotnet\sdk\8.0.100\Extensions\Microsoft.Diagnostics.NETCore.Client.dll
C:\Program Files\dotnet\sdk\8.0.100\Extensions\Microsoft.TestPlatform.Extensions.BlameDataCollector.dll
C:\Program Files\dotnet\sdk\8.0.100\Extensions\Microsoft.TestPlatform.Extensions.EventLogCollector.dll
C:\Program Files\dotnet\sdk\8.0.100\Extensions\Microsoft.TestPlatform.TestHostRuntimeProvider.dll
C:\Program Files\dotnet\sdk\8.0.100\Extensions\Microsoft.VisualStudio.TestPlatform.Extensions.Html.TestLogger.dll
C:\Program Files\dotnet\sdk\8.0.100\Extensions\Microsoft.VisualStudio.TestPlatform.Extensions.Trx.TestLogger.dll
TpTrace Verbose: 0 : 15096, 1, 2024/02/17, 13:18:41.303, 1440233837154, vstest.console.dll, TestPluginCache.GetExtensionPaths: Added unfilterableExtensionPaths: 
TpTrace Verbose: 0 : 15096, 1, 2024/02/17, 13:18:41.303, 1440233837958, vstest.console.dll, TestPluginCache.DiscoverTestExtensions: Discovering the extensions using allExtensionPaths: C:\Program Files\dotnet\sdk\8.0.100\Extensions\Microsoft.Diagnostics.NETCore.Client.dll
C:\Program Files\dotnet\sdk\8.0.100\Extensions\Microsoft.TestPlatform.Extensions.BlameDataCollector.dll
C:\Program Files\dotnet\sdk\8.0.100\Extensions\Microsoft.TestPlatform.Extensions.EventLogCollector.dll
C:\Program Files\dotnet\sdk\8.0.100\Extensions\Microsoft.TestPlatform.TestHostRuntimeProvider.dll
C:\Program Files\dotnet\sdk\8.0.100\Extensions\Microsoft.VisualStudio.TestPlatform.Extensions.Html.TestLogger.dll
C:\Program Files\dotnet\sdk\8.0.100\Extensions\Microsoft.VisualStudio.TestPlatform.Extensions.Trx.TestLogger.dll
TpTrace Information: 0 : 15096, 1, 2024/02/17, 13:18:41.303, 1440233838608, vstest.console.dll, AssemblyResolver.AddSearchDirectories: Adding more searchDirectories C:\Program Files\dotnet\sdk\8.0.100\Extensions,C:\Program Files\dotnet\sdk\8.0.100
TpTrace Information: 0 : 15096, 1, 2024/02/17, 13:18:41.303, 1440233839250, vstest.console.dll, AssemblyResolver.AddSearchDirectories: Adding more searchDirectories C:\Program Files\dotnet\sdk\8.0.100\Extensions,C:\Program Files\dotnet\sdk\8.0.100
TpTrace Information: 0 : 15096, 1, 2024/02/17, 13:18:41.303, 1440233839902, vstest.console.dll, AssemblyResolver.AddSearchDirectories: Adding more searchDirectories C:\Program Files\dotnet\sdk\8.0.100\Extensions,C:\Program Files\dotnet\sdk\8.0.100
TpTrace Information: 0 : 15096, 1, 2024/02/17, 13:18:41.303, 1440233840451, vstest.console.dll, AssemblyResolver.AddSearchDirectories: Adding more searchDirectories C:\Program Files\dotnet\sdk\8.0.100\Extensions,C:\Program Files\dotnet\sdk\8.0.100
TpTrace Information: 0 : 15096, 1, 2024/02/17, 13:18:41.303, 1440233840907, vstest.console.dll, AssemblyResolver.AddSearchDirectories: Adding more searchDirectories C:\Program Files\dotnet\sdk\8.0.100\Extensions,C:\Program Files\dotnet\sdk\8.0.100
TpTrace Information: 0 : 15096, 1, 2024/02/17, 13:18:41.303, 1440233841338, vstest.console.dll, AssemblyResolver.AddSearchDirectories: Adding more searchDirectories C:\Program Files\dotnet\sdk\8.0.100\Extensions,C:\Program Files\dotnet\sdk\8.0.100
TpTrace Verbose: 0 : 15096, 1, 2024/02/17, 13:18:41.303, 1440233842516, vstest.console.dll, MetadataReaderExtensionsHelper: Discovering extensions inside assembly 'Microsoft.Diagnostics.NETCore.Client, Version=0.2.8.21101, Culture=neutral, PublicKeyToken=31bf3856ad364e35' file path 'C:\Program Files\dotnet\sdk\8.0.100\Extensions\Microsoft.Diagnostics.NETCore.Client.dll'
TpTrace Information: 0 : 15096, 1, 2024/02/17, 13:18:41.304, 1440233848865, vstest.console.dll, AssemblyResolver.OnResolve: Microsoft.Bcl.AsyncInterfaces: Resolving assembly.
TpTrace Information: 0 : 15096, 1, 2024/02/17, 13:18:41.304, 1440233849423, vstest.console.dll, AssemblyResolver.OnResolve: Microsoft.Bcl.AsyncInterfaces: Resolved from cache.
TpTrace Verbose: 0 : 15096, 1, 2024/02/17, 13:18:41.304, 1440233849757, vstest.console.dll, CurrentDomainAssemblyResolve: Resolving assembly 'Microsoft.Bcl.AsyncInterfaces'.
TpTrace Information: 0 : 15096, 1, 2024/02/17, 13:18:41.304, 1440233850285, vstest.console.dll, AssemblyResolver.OnResolve: Microsoft.Bcl.AsyncInterfaces: Resolving assembly.
TpTrace Information: 0 : 15096, 1, 2024/02/17, 13:18:41.304, 1440233850685, vstest.console.dll, AssemblyResolver.OnResolve: Microsoft.Bcl.AsyncInterfaces: Resolved from cache.
TpTrace Verbose: 0 : 15096, 1, 2024/02/17, 13:18:41.304, 1440233851006, vstest.console.dll, CurrentDomainAssemblyResolve: Resolving assembly 'Microsoft.Bcl.AsyncInterfaces'.
TpTrace Verbose: 0 : 15096, 1, 2024/02/17, 13:18:41.304, 1440233851301, vstest.console.dll, CurrentDomainAssemblyResolve: Failed to resolve assembly 'Microsoft.Bcl.AsyncInterfaces'.
TpTrace Verbose: 0 : 15096, 1, 2024/02/17, 13:18:41.304, 1440233852572, vstest.console.dll, CurrentDomainAssemblyResolve: Failed to resolve assembly 'Microsoft.Bcl.AsyncInterfaces'.
TpTrace Warning: 0 : 15096, 1, 2024/02/17, 13:18:41.305, 1440233855323, vstest.console.dll, TestPluginDiscoverer: Failed to get types from assembly 'Microsoft.Diagnostics.NETCore.Client, Version=0.2.8.21101, Culture=neutral, PublicKeyToken=31bf3856ad364e35'. Error: System.Reflection.ReflectionTypeLoadException: Unable to load one or more of the requested types.
Could not load file or assembly 'Microsoft.Bcl.AsyncInterfaces, Version=1.0.0.0, Culture=neutral, PublicKeyToken=cc7b13ffcd2ddd51'. The system cannot find the file specified.
   at System.Reflection.RuntimeModule.GetTypes(RuntimeModule module)
   at System.Reflection.RuntimeModule.GetTypes()
   at Microsoft.VisualStudio.TestPlatform.Common.ExtensionFramework.TestPluginDiscoverer.GetTestExtensionsFromAssembly[TPluginInfo,TExtension](Assembly assembly, Dictionary`2 pluginInfos, String filePath) in /_/src/Microsoft.TestPlatform.Common/ExtensionFramework/TestPluginDiscoverer.cs:line 158
System.IO.FileNotFoundException: Could not load file or assembly 'Microsoft.Bcl.AsyncInterfaces, Version=1.0.0.0, Culture=neutral, PublicKeyToken=cc7b13ffcd2ddd51'. The system cannot find the file specified.
File name: 'Microsoft.Bcl.AsyncInterfaces, Version=1.0.0.0, Culture=neutral, PublicKeyToken=cc7b13ffcd2ddd51'
 ---> System.IO.FileNotFoundException: Could not load file or assembly 'Microsoft.Bcl.AsyncInterfaces, Culture=neutral, PublicKeyToken=null'. The system cannot find the file specified.
File name: 'Microsoft.Bcl.AsyncInterfaces, Culture=neutral, PublicKeyToken=null'
   at System.Reflection.RuntimeAssembly.InternalLoad(AssemblyName assemblyName, StackCrawlMark& stackMark, AssemblyLoadContext assemblyLoadContext, RuntimeAssembly requestingAssembly, Boolean throwOnFileNotFound)
   at System.Reflection.Assembly.Load(AssemblyName assemblyRef)
   at Microsoft.VisualStudio.TestPlatform.Common.ExtensionFramework.TestPluginCache.CurrentDomainAssemblyResolve(Object sender, AssemblyResolveEventArgs args) in /_/src/Microsoft.TestPlatform.Common/ExtensionFramework/TestPluginCache.cs:line 513
   at System.Runtime.Loader.AssemblyLoadContext.GetFirstResolvedAssemblyFromResolvingEvent(AssemblyName assemblyName)
   at System.Runtime.Loader.AssemblyLoadContext.ResolveUsingEvent(AssemblyName assemblyName)
   at System.Runtime.Loader.AssemblyLoadContext.ResolveUsingResolvingEvent(IntPtr gchManagedAssemblyLoadContext, AssemblyName assemblyName)
TpTrace Warning: 0 : 15096, 1, 2024/02/17, 13:18:41.305, 1440233857106, vstest.console.dll, LoaderExceptions: System.IO.FileNotFoundException: Could not load file or assembly 'Microsoft.Bcl.AsyncInterfaces, Version=1.0.0.0, Culture=neutral, PublicKeyToken=cc7b13ffcd2ddd51'. The system cannot find the file specified.
File name: 'Microsoft.Bcl.AsyncInterfaces, Version=1.0.0.0, Culture=neutral, PublicKeyToken=cc7b13ffcd2ddd51'
 ---> System.IO.FileNotFoundException: Could not load file or assembly 'Microsoft.Bcl.AsyncInterfaces, Culture=neutral, PublicKeyToken=null'. The system cannot find the file specified.
File name: 'Microsoft.Bcl.AsyncInterfaces, Culture=neutral, PublicKeyToken=null'
   at System.Reflection.RuntimeAssembly.InternalLoad(AssemblyName assemblyName, StackCrawlMark& stackMark, AssemblyLoadContext assemblyLoadContext, RuntimeAssembly requestingAssembly, Boolean throwOnFileNotFound)
   at System.Reflection.Assembly.Load(AssemblyName assemblyRef)
   at Microsoft.VisualStudio.TestPlatform.Common.ExtensionFramework.TestPluginCache.CurrentDomainAssemblyResolve(Object sender, AssemblyResolveEventArgs args) in /_/src/Microsoft.TestPlatform.Common/ExtensionFramework/TestPluginCache.cs:line 513
   at System.Runtime.Loader.AssemblyLoadContext.GetFirstResolvedAssemblyFromResolvingEvent(AssemblyName assemblyName)
   at System.Runtime.Loader.AssemblyLoadContext.ResolveUsingEvent(AssemblyName assemblyName)
   at System.Runtime.Loader.AssemblyLoadContext.ResolveUsingResolvingEvent(IntPtr gchManagedAssemblyLoadContext, AssemblyName assemblyName)
TpTrace Verbose: 0 : 15096, 1, 2024/02/17, 13:18:41.305, 1440233857847, vstest.console.dll, MetadataReaderExtensionsHelper: Discovering extensions inside assembly 'Microsoft.TestPlatform.Extensions.BlameDataCollector, Version=15.0.0.0, Culture=neutral, PublicKeyToken=b03f5f7f11d50a3a' file path 'C:\Program Files\dotnet\sdk\8.0.100\Extensions\Microsoft.TestPlatform.Extensions.BlameDataCollector.dll'
TpTrace Information: 0 : 15096, 1, 2024/02/17, 13:18:41.305, 1440233861502, vstest.console.dll, GetTestExtensionFromType: Register extension with identifier data 'logger://Microsoft/TestPlatform/Extensions/Blame/v1' and type 'Microsoft.TestPlatform.Extensions.BlameDataCollector.BlameLogger, Microsoft.TestPlatform.Extensions.BlameDataCollector, Version=15.0.0.0, Culture=neutral, PublicKeyToken=b03f5f7f11d50a3a' inside file 'C:\Program Files\dotnet\sdk\8.0.100\Extensions\Microsoft.TestPlatform.Extensions.BlameDataCollector.dll'
TpTrace Verbose: 0 : 15096, 1, 2024/02/17, 13:18:41.305, 1440233862079, vstest.console.dll, MetadataReaderExtensionsHelper: Discovering extensions inside assembly 'Microsoft.TestPlatform.Extensions.EventLogCollector, Version=15.0.0.0, Culture=neutral, PublicKeyToken=b03f5f7f11d50a3a' file path 'C:\Program Files\dotnet\sdk\8.0.100\Extensions\Microsoft.TestPlatform.Extensions.EventLogCollector.dll'
TpTrace Verbose: 0 : 15096, 1, 2024/02/17, 13:18:41.306, 1440233864238, vstest.console.dll, MetadataReaderExtensionsHelper: Discovering extensions inside assembly 'Microsoft.TestPlatform.TestHostRuntimeProvider, Version=15.0.0.0, Culture=neutral, PublicKeyToken=b03f5f7f11d50a3a' file path 'C:\Program Files\dotnet\sdk\8.0.100\Extensions\Microsoft.TestPlatform.TestHostRuntimeProvider.dll'
TpTrace Verbose: 0 : 15096, 1, 2024/02/17, 13:18:41.306, 1440233866524, vstest.console.dll, MetadataReaderExtensionsHelper: Discovering extensions inside assembly 'Microsoft.VisualStudio.TestPlatform.Extensions.Html.TestLogger, Version=15.0.0.0, Culture=neutral, PublicKeyToken=b03f5f7f11d50a3a' file path 'C:\Program Files\dotnet\sdk\8.0.100\Extensions\Microsoft.VisualStudio.TestPlatform.Extensions.Html.TestLogger.dll'
TpTrace Information: 0 : 15096, 1, 2024/02/17, 13:18:41.306, 1440233870292, vstest.console.dll, GetTestExtensionFromType: Register extension with identifier data 'logger://Microsoft/TestPlatform/HtmlLogger/v1' and type 'Microsoft.VisualStudio.TestPlatform.Extensions.HtmlLogger.HtmlLogger, Microsoft.VisualStudio.TestPlatform.Extensions.Html.TestLogger, Version=15.0.0.0, Culture=neutral, PublicKeyToken=b03f5f7f11d50a3a' inside file 'C:\Program Files\dotnet\sdk\8.0.100\Extensions\Microsoft.VisualStudio.TestPlatform.Extensions.Html.TestLogger.dll'
TpTrace Verbose: 0 : 15096, 1, 2024/02/17, 13:18:41.306, 1440233871106, vstest.console.dll, MetadataReaderExtensionsHelper: Discovering extensions inside assembly 'Microsoft.VisualStudio.TestPlatform.Extensions.Trx.TestLogger, Version=15.0.0.0, Culture=neutral, PublicKeyToken=b03f5f7f11d50a3a' file path 'C:\Program Files\dotnet\sdk\8.0.100\Extensions\Microsoft.VisualStudio.TestPlatform.Extensions.Trx.TestLogger.dll'
TpTrace Information: 0 : 15096, 1, 2024/02/17, 13:18:41.307, 1440233875035, vstest.console.dll, GetTestExtensionFromType: Register extension with identifier data 'logger://Microsoft/TestPlatform/TrxLogger/v1' and type 'Microsoft.VisualStudio.TestPlatform.Extensions.TrxLogger.TrxLogger, Microsoft.VisualStudio.TestPlatform.Extensions.Trx.TestLogger, Version=15.0.0.0, Culture=neutral, PublicKeyToken=b03f5f7f11d50a3a' inside file 'C:\Program Files\dotnet\sdk\8.0.100\Extensions\Microsoft.VisualStudio.TestPlatform.Extensions.Trx.TestLogger.dll'
TpTrace Verbose: 0 : 15096, 1, 2024/02/17, 13:18:41.307, 1440233876674, vstest.console.dll, TestPluginCache: Discovered the extensions using extension path ''.
TpTrace Verbose: 0 : 15096, 1, 2024/02/17, 13:18:41.307, 1440233877500, vstest.console.dll, TestPluginCache: Discoverers are ''.
TpTrace Verbose: 0 : 15096, 1, 2024/02/17, 13:18:41.307, 1440233877866, vstest.console.dll, TestPluginCache: Executors are ''.
TpTrace Verbose: 0 : 15096, 1, 2024/02/17, 13:18:41.307, 1440233878245, vstest.console.dll, TestPluginCache: Executors2 are ''.
TpTrace Verbose: 0 : 15096, 1, 2024/02/17, 13:18:41.307, 1440233878603, vstest.console.dll, TestPluginCache: Setting providers are ''.
TpTrace Verbose: 0 : 15096, 1, 2024/02/17, 13:18:41.307, 1440233879691, vstest.console.dll, TestPluginCache: Loggers are 'logger://Microsoft/TestPlatform/Extensions/Blame/v1,logger://Microsoft/TestPlatform/HtmlLogger/v1,logger://Microsoft/TestPlatform/TrxLogger/v1'.
TpTrace Verbose: 0 : 15096, 1, 2024/02/17, 13:18:41.307, 1440233880628, vstest.console.dll, TestPluginCache: TestHosts are 'HostProvider://DefaultTestHost,HostProvider://DotnetTestHost'.
TpTrace Verbose: 0 : 15096, 1, 2024/02/17, 13:18:41.307, 1440233881009, vstest.console.dll, TestPluginCache: DataCollectors are ''.
TpTrace Information: 0 : 15096, 1, 2024/02/17, 13:18:41.308, 1440233891117, vstest.console.dll, TestPluginManager.CreateTestExtension: Attempting to load test extension: Microsoft.TestPlatform.Extensions.BlameDataCollector.BlameLogger
TpTrace Verbose: 0 : 15096, 1, 2024/02/17, 13:18:41.315, 1440233954487, vstest.console.dll, TestEngine: Initializing Parallel Execution as MaxCpuCount is set to: 1
TpTrace Information: 0 : 15096, 1, 2024/02/17, 13:18:41.316, 1440233966369, vstest.console.dll, TestPluginManager.CreateTestExtension: Attempting to load test extension: Microsoft.VisualStudio.TestPlatform.CrossPlatEngine.Hosting.DefaultTestHostManager
TpTrace Information: 0 : 15096, 1, 2024/02/17, 13:18:41.316, 1440233972532, vstest.console.dll, TestPluginManager.CreateTestExtension: Attempting to load test extension: Microsoft.VisualStudio.TestPlatform.CrossPlatEngine.Hosting.DotnetTestHostManager
TpTrace Information: 0 : 15096, 1, 2024/02/17, 13:18:41.317, 1440233977046, vstest.console.dll, InferRunSettingsHelper.IsTestSettingsEnabled: Unable to navigate to RunSettings/MSTest. Current node: RunSettings
TpTrace Verbose: 0 : 15096, 1, 2024/02/17, 13:18:41.317, 1440233982283, vstest.console.dll, ParallelOperationManager.ClearSlots: Clearing all slots. Slots should accept more work: True
TpTrace Verbose: 0 : 15096, 1, 2024/02/17, 13:18:41.318, 1440233987828, vstest.console.dll, ParallelOperationManager.SetOccupiedSlotCount: Setting slot counts AvailableSlotCount = 1, OccupiedSlotCount = 0.
TpTrace Verbose: 0 : 15096, 1, 2024/02/17, 13:18:41.318, 1440233990535, vstest.console.dll, Occupied slots:

TpTrace Verbose: 0 : 15096, 1, 2024/02/17, 13:18:41.322, 1440234030102, vstest.console.dll, TestEngine.GetExecutionManager: Chosen execution manager 'Microsoft.VisualStudio.TestPlatform.CrossPlatEngine.Client.Parallel.ParallelProxyExecutionManager, Microsoft.TestPlatform.CrossPlatEngine, Version=15.0.0.0, Culture=neutral, PublicKeyToken=b03f5f7f11d50a3a' ParallelLevel '1'.
TpTrace Verbose: 0 : 15096, 1, 2024/02/17, 13:18:41.322, 1440234032983, vstest.console.dll, TestRunRequest.ExecuteAsync: Creating test run request.
TpTrace Verbose: 0 : 15096, 1, 2024/02/17, 13:18:41.323, 1440234036039, vstest.console.dll, TestRunRequest.ExecuteAsync: Starting.
TpTrace Information: 0 : 15096, 1, 2024/02/17, 13:18:41.324, 1440234047794, vstest.console.dll, TestRunRequest.ExecuteAsync: Starting run with settings:TestRunCriteria:
   KeepAlive=False,FrequencyOfRunStatsChangeEvent=10,RunStatsChangeEventTimeout=00:00:01.5000000,TestCaseFilter=,TestExecutorLauncher=
   Settingsxml=<RunSettings>
  <RunConfiguration>
    <ResultsDirectory>D:\Visual Studio Projects\Back-End Technologies Basics - January 2024\13.02.24 Code Coverage\LibraryManagementSystem\LibraryManagementTest\bin\Debug\net6.0\fine-code-coverage\coverage-tool-output</ResultsDirectory>
    <TargetPlatform>X64</TargetPlatform>
    <TargetFrameworkVersion>.NETCoreApp,Version=v6.0</TargetFrameworkVersion>
    <DesignMode>False</DesignMode>
    <CollectSourceInformation>False</CollectSourceInformation>
  </RunConfiguration>
  <LoggerRunSettings>
    <Loggers>
      <Logger friendlyName="blame" enabled="True" />
      <Logger friendlyName="Console" uri="logger://microsoft/TestPlatform/ConsoleLogger/v1" assemblyQualifiedName="Microsoft.VisualStudio.TestPlatform.CommandLine.Internal.ConsoleLogger, vstest.console, Version=15.0.0.0, Culture=neutral, PublicKeyToken=b03f5f7f11d50a3a" codeBase="C:\Program Files\dotnet\sdk\8.0.100\vstest.console.dll" enabled="True" />
    </Loggers>
  </LoggerRunSettings>
  <DataCollectionRunSettings>
    <DataCollectors>
      <DataCollector friendlyName="blame" enabled="True">
        <Configuration>
          <ResultsDirectory>D:\Visual Studio Projects\Back-End Technologies Basics - January 2024\13.02.24 Code Coverage\LibraryManagementSystem\LibraryManagementTest\bin\Debug\net6.0\fine-code-coverage\coverage-tool-output</ResultsDirectory>
        </Configuration>
      </DataCollector>
    </DataCollectors>
  </DataCollectionRunSettings>
</RunSettings>

TpTrace Verbose: 0 : 15096, 1, 2024/02/17, 13:18:41.324, 1440234048652, vstest.console.dll, TestRunRequest.ExecuteAsync: Wait for the first run request is over.
TpTrace Verbose: 0 : 15096, 1, 2024/02/17, 13:18:41.324, 1440234052092, vstest.console.dll, MulticastDelegateUtilities.SafeInvoke: TestRun.TestRunStart: Invoking callbacks was skipped because there are no subscribers.
TpTrace Verbose: 0 : 15096, 4, 2024/02/17, 13:18:41.325, 1440234054341, vstest.console.dll, MulticastDelegateUtilities.SafeInvoke: InternalTestLoggerEvents.SendTestRunStart: Invoking callback 1/1 for Microsoft.VisualStudio.TestPlatform.CommandLine.Internal.ConsoleLogger., took 0 ms.
TpTrace Verbose: 0 : 15096, 1, 2024/02/17, 13:18:41.325, 1440234063169, vstest.console.dll, ParallelProxyExecutionManager: Start execution. Total sources: 1
TpTrace Verbose: 0 : 15096, 1, 2024/02/17, 13:18:41.326, 1440234067278, vstest.console.dll, ParallelOperationManager.StartWork: Starting adding 1 workloads.
TpTrace Verbose: 0 : 15096, 1, 2024/02/17, 13:18:41.326, 1440234068371, vstest.console.dll, ParallelOperationManager.ClearSlots: Clearing all slots. Slots should accept more work: True
TpTrace Verbose: 0 : 15096, 1, 2024/02/17, 13:18:41.326, 1440234069251, vstest.console.dll, ParallelOperationManager.SetOccupiedSlotCount: Setting slot counts AvailableSlotCount = 1, OccupiedSlotCount = 0.
TpTrace Verbose: 0 : 15096, 1, 2024/02/17, 13:18:41.326, 1440234069984, vstest.console.dll, Occupied slots:

TpTrace Verbose: 0 : 15096, 1, 2024/02/17, 13:18:41.327, 1440234082605, vstest.console.dll, TestRequestSender is acting as server.
TpTrace Verbose: 0 : 15096, 1, 2024/02/17, 13:18:41.329, 1440234095355, vstest.console.dll, ParallelOperationManager.RunWorkInParallel: Adding 1 workload to slot, remaining workloads 0.
TpTrace Verbose: 0 : 15096, 1, 2024/02/17, 13:18:41.329, 1440234096461, vstest.console.dll, ParallelOperationManager.SetOccupiedSlotCount: Setting slot counts AvailableSlotCount = 0, OccupiedSlotCount = 1.
TpTrace Verbose: 0 : 15096, 1, 2024/02/17, 13:18:41.329, 1440234098093, vstest.console.dll, Occupied slots:
0: D:\Visual Studio Projects\Back-End Technologies Basics - January 2024\13.02.24 Code Coverage\LibraryManagementSystem\LibraryManagementTest\bin\Debug\net6.0\fine-code-coverage\build-output\LibraryManagementTest.dll
TpTrace Verbose: 0 : 15096, 1, 2024/02/17, 13:18:41.330, 1440234108017, vstest.console.dll, ParallelOperationManager.RunWorkInParallel: Started host in slot number 0 for work (source): D:\Visual Studio Projects\Back-End Technologies Basics - January 2024\13.02.24 Code Coverage\LibraryManagementSystem\LibraryManagementTest\bin\Debug\net6.0\fine-code-coverage\build-output\LibraryManagementTest.dll.
TpTrace Verbose: 0 : 15096, 1, 2024/02/17, 13:18:41.331, 1440234119676, vstest.console.dll, ParallelOperationManager.RunWorkInParallel: We started 1 work items, which is the max parallel level. Won't start more work.
TpTrace Verbose: 0 : 15096, 1, 2024/02/17, 13:18:41.331, 1440234121186, vstest.console.dll, ParallelOperationManager.RunWorkInParallel: We started 1 work items in here, returning True.
TpTrace Information: 0 : 15096, 1, 2024/02/17, 13:18:41.331, 1440234122415, vstest.console.dll, TestRunRequest.ExecuteAsync: Started.
TpTrace Verbose: 0 : 15096, 5, 2024/02/17, 13:18:41.331, 1440234121875, vstest.console.dll, ParallelProxyExecutionManager.StartTestRunOnConcurrentManager: Initializing uninitialized client. Started clients: 0
TpTrace Verbose: 0 : 15096, 5, 2024/02/17, 13:18:41.332, 1440234125496, vstest.console.dll, DataCollectionRequestSender.InitializeCommunication : Initialize communication. 
TpTrace Verbose: 0 : 15096, 1, 2024/02/17, 13:18:41.332, 1440234129237, vstest.console.dll, TestRunRequest.WaitForCompletion: Waiting with timeout -1.
TpTrace Information: 0 : 15096, 5, 2024/02/17, 13:18:41.339, 1440234196565, vstest.console.dll, Listening on Endpoint : 127.0.0.1:59999
TpTrace Verbose: 0 : 15096, 5, 2024/02/17, 13:18:41.344, 1440234252921, vstest.console.dll, DotnetDataCollectionLauncher: Adding  --runtimeconfig "C:\Program Files\dotnet\sdk\8.0.100\datacollector.runtimeconfig.json" in args
TpTrace Verbose: 0 : 15096, 5, 2024/02/17, 13:18:41.345, 1440234254387, vstest.console.dll, DotnetDataCollectionLauncher: Adding  --depsfile "C:\Program Files\dotnet\sdk\8.0.100\datacollector.deps.json" in args
TpTrace Verbose: 0 : 15096, 5, 2024/02/17, 13:18:41.345, 1440234256659, vstest.console.dll, DotnetDataCollectionLauncher: Full path of dotnet.exe is C:\Program Files\dotnet\dotnet.exe
TpTrace Information: 0 : 15096, 5, 2024/02/17, 13:18:41.351, 1440234320689, vstest.console.dll, ProxyDataCollectionManager.Initialize: Launched datacollector processId: 3208 port: 59999
TpTrace Information: 0 : 15096, 5, 2024/02/17, 13:18:41.351, 1440234322907, vstest.console.dll, ProxyDataCollectionManager.Initialize: waiting for connection with timeout: 90 seconds
TpTrace Verbose: 0 : 15096, 5, 2024/02/17, 13:18:41.352, 1440234323807, vstest.console.dll, DataCollectionRequestSender.WaitForRequestHandlerConnection : Waiting for connection with timeout: 90000
TpTrace Information: 0 : 15096, 7, 2024/02/17, 13:18:41.515, 1440235957155, vstest.console.dll, Using the buffer size of 16384 bytes
TpTrace Verbose: 0 : 15096, 5, 2024/02/17, 13:18:41.515, 1440235957209, vstest.console.dll, SocketCommunicationManager.WaitForClientConnection took: 163 ms, with 90000 ms timeout, and finished with True.
TpTrace Information: 0 : 15096, 7, 2024/02/17, 13:18:41.515, 1440235958952, vstest.console.dll, Accepted Client request and set the flag
TpTrace Verbose: 0 : 15096, 5, 2024/02/17, 13:18:41.515, 1440235960492, vstest.console.dll, ProxyDataCollectionManager.InvokeDataCollectionServiceAction: Starting.
TpTrace Information: 0 : 15096, 5, 2024/02/17, 13:18:41.515, 1440235961639, vstest.console.dll, ProxyDataCollectionManager.BeforeTestRunStart: Get environment variable and port for datacollector processId: 3208 port: 59999
TpTrace Verbose: 0 : 15096, 5, 2024/02/17, 13:18:41.516, 1440235963782, vstest.console.dll, DataCollectionRequestSender.SendBeforeTestRunStartAndGetResult: Send BeforeTestRunStart message with settingsXml <RunSettings><RunConfiguration><ResultsDirectory>D:\Visual Studio Projects\Back-End Technologies Basics - January 2024\13.02.24 Code Coverage\LibraryManagementSystem\LibraryManagementTest\bin\Debug\net6.0\fine-code-coverage\coverage-tool-output</ResultsDirectory><TargetPlatform>X64</TargetPlatform><TargetFrameworkVersion>.NETCoreApp,Version=v6.0</TargetFrameworkVersion><DesignMode>False</DesignMode><CollectSourceInformation>False</CollectSourceInformation><TestAdaptersPaths>C:\Program Files\dotnet\sdk\8.0.100\Extensions</TestAdaptersPaths></RunConfiguration><LoggerRunSettings><Loggers><Logger friendlyName="blame" enabled="True" /><Logger friendlyName="Console" uri="logger://microsoft/TestPlatform/ConsoleLogger/v1" assemblyQualifiedName="Microsoft.VisualStudio.TestPlatform.CommandLine.Internal.ConsoleLogger, vstest.console, Version=15.0.0.0, Culture=neutral, PublicKeyToken=b03f5f7f11d50a3a" codeBase="C:\Program Files\dotnet\sdk\8.0.100\vstest.console.dll" enabled="True" /></Loggers></LoggerRunSettings><DataCollectionRunSettings><DataCollectors><DataCollector friendlyName="blame" enabled="True"><Configuration><ResultsDirectory>D:\Visual Studio Projects\Back-End Technologies Basics - January 2024\13.02.24 Code Coverage\LibraryManagementSystem\LibraryManagementTest\bin\Debug\net6.0\fine-code-coverage\coverage-tool-output</ResultsDirectory></Configuration></DataCollector></DataCollectors></DataCollectionRunSettings></RunSettings> and sources System.Collections.Generic.List`1[System.String]: 
TpTrace Verbose: 0 : 15096, 5, 2024/02/17, 13:18:41.585, 1440236654990, vstest.console.dll, DataCollectionRequestSender.SendBeforeTestRunStartAndGetResult: Received message: (DataCollection.SendMessage) -> {"MessageType":"DataCollection.SendMessage","Payload":{"FriendlyName":null,"Uri":null,"TestCaseId":"00000000-0000-0000-0000-000000000000","Message":"Logging DataCollector Diagnostics in file: D:\\Visual Studio Projects\\Back-End Technologies Basics - January 2024\\13.02.24 Code Coverage\\LibraryManagementSystem\\LibraryManagementTest\\bin\\Debug\\net6.0\\fine-code-coverage\\coverage-tool-output\\diagnostics.datacollector.24-02-17_13-18-41_34464_5.log","Level":0}}
TpTrace Verbose: 0 : 15096, 5, 2024/02/17, 13:18:41.698, 1440237790480, vstest.console.dll, DataCollectionRequestSender.SendBeforeTestRunStartAndGetResult: Received message: (DataCollection.BeforeTestRunStartResult) -> {"MessageType":"DataCollection.BeforeTestRunStartResult","Payload":{"EnvironmentVariables":{},"DataCollectionEventsPort":60003}}
TpTrace Information: 0 : 15096, 5, 2024/02/17, 13:18:41.703, 1440237843362, vstest.console.dll, ProxyDataCollectionManager.BeforeTestRunStart: SendBeforeTestRunStartAndGetResult successful, env variable from datacollector:   and testhost port: 60003
TpTrace Information: 0 : 15096, 5, 2024/02/17, 13:18:41.704, 1440237844759, vstest.console.dll, ProxyDataCollectionManager.InvokeDataCollectionServiceAction: Completed.
TpTrace Verbose: 0 : 15096, 5, 2024/02/17, 13:18:41.704, 1440237845242, vstest.console.dll, ParallelProxyExecutionManager.StartTestRunOnConcurrentManager: Initializing test run. Started clients: 0
TpTrace Verbose: 0 : 15096, 5, 2024/02/17, 13:18:41.704, 1440237846326, vstest.console.dll, ProxyExecutionManager: Test host is always Lazy initialize.
TpTrace Verbose: 0 : 15096, 5, 2024/02/17, 13:18:41.704, 1440237848326, vstest.console.dll, TestRequestSender.InitializeCommunication: initialize communication. 
TpTrace Information: 0 : 15096, 5, 2024/02/17, 13:18:41.705, 1440237853727, vstest.console.dll, SocketServer.Start: Listening on endpoint : 127.0.0.1:60004
TpTrace Verbose: 0 : 15096, 5, 2024/02/17, 13:18:41.705, 1440237860407, vstest.console.dll, DotnetTestHostmanager.GetTestHostProcessStartInfo: Platform environment 'X64' target architecture 'X64' framework '.NETCoreApp,Version=v6.0' OS 'Windows'
TpTrace Verbose: 0 : 15096, 5, 2024/02/17, 13:18:41.705, 1440237862242, vstest.console.dll, DotnetTestHostmanager: Adding  --runtimeconfig "D:\Visual Studio Projects\Back-End Technologies Basics - January 2024\13.02.24 Code Coverage\LibraryManagementSystem\LibraryManagementTest\bin\Debug\net6.0\fine-code-coverage\build-output\LibraryManagementTest.runtimeconfig.json" in args
TpTrace Verbose: 0 : 15096, 5, 2024/02/17, 13:18:41.705, 1440237862908, vstest.console.dll, DotnetTestHostmanager: Adding  --depsfile "D:\Visual Studio Projects\Back-End Technologies Basics - January 2024\13.02.24 Code Coverage\LibraryManagementSystem\LibraryManagementTest\bin\Debug\net6.0\fine-code-coverage\build-output\LibraryManagementTest.deps.json" in args
TpTrace Verbose: 0 : 15096, 5, 2024/02/17, 13:18:41.706, 1440237864514, vstest.console.dll, DotnetTestHostmanager.IsWinOnArm: Current PROCESSOR_ARCHITECTURE from environment variable 'AMD64'
TpTrace Verbose: 0 : 15096, 5, 2024/02/17, 13:18:41.706, 1440237865298, vstest.console.dll, DotnetTestHostmanager.IsWinOnArm: Is Windows on ARM 'False'
TpTrace Verbose: 0 : 15096, 5, 2024/02/17, 13:18:41.706, 1440237865856, vstest.console.dll, DotnetTestHostManager: testhost.exe found at path: D:\Visual Studio Projects\Back-End Technologies Basics - January 2024\13.02.24 Code Coverage\LibraryManagementSystem\LibraryManagementTest\bin\Debug\net6.0\fine-code-coverage\build-output\testhost.exe
TpTrace Verbose: 0 : 15096, 5, 2024/02/17, 13:18:41.706, 1440237866354, vstest.console.dll, DotnetTestHostmanager: Full path of host exe is D:\Visual Studio Projects\Back-End Technologies Basics - January 2024\13.02.24 Code Coverage\LibraryManagementSystem\LibraryManagementTest\bin\Debug\net6.0\fine-code-coverage\build-output\testhost.exe
TpTrace Verbose: 0 : 15096, 5, 2024/02/17, 13:18:41.706, 1440237867766, vstest.console.dll, DotnetTestHostmanager.LaunchTestHostAsync: Found 'VSTEST_WINAPPHOST_DOTNET_ROOT' in env variables, value 'C:\Program Files\dotnet', forwarding to 'DOTNET_ROOT'
TpTrace Verbose: 0 : 15096, 5, 2024/02/17, 13:18:41.706, 1440237869180, vstest.console.dll, DotnetTestHostManager: Starting process 'D:\Visual Studio Projects\Back-End Technologies Basics - January 2024\13.02.24 Code Coverage\LibraryManagementSystem\LibraryManagementTest\bin\Debug\net6.0\fine-code-coverage\build-output\testhost.exe' with command line ' --runtimeconfig "D:\Visual Studio Projects\Back-End Technologies Basics - January 2024\13.02.24 Code Coverage\LibraryManagementSystem\LibraryManagementTest\bin\Debug\net6.0\fine-code-coverage\build-output\LibraryManagementTest.runtimeconfig.json" --depsfile "D:\Visual Studio Projects\Back-End Technologies Basics - January 2024\13.02.24 Code Coverage\LibraryManagementSystem\LibraryManagementTest\bin\Debug\net6.0\fine-code-coverage\build-output\LibraryManagementTest.deps.json" --port 60004 --endpoint 127.0.0.1:060004 --role client --parentprocessid 15096 --diag "D:\Visual Studio Projects\Back-End Technologies Basics - January 2024\13.02.24 Code Coverage\LibraryManagementSystem\LibraryManagementTest\bin\Debug\net6.0\fine-code-coverage\coverage-tool-output\diagnostics.host.24-02-17_13-18-41_70534_5.log" --tracelevel 4 --datacollectionport 60003 --telemetryoptedin false'
TpTrace Verbose: 0 : 15096, 5, 2024/02/17, 13:18:41.714, 1440237944037, vstest.console.dll, MulticastDelegateUtilities.SafeInvoke: HostProviderEvents.OnHostLaunched: Invoking callback 1/2 for Microsoft.VisualStudio.TestPlatform.CrossPlatEngine.Client.ProxyExecutionManagerWithDataCollection., took 1 ms.
TpTrace Verbose: 0 : 15096, 5, 2024/02/17, 13:18:41.714, 1440237948010, vstest.console.dll, Test Runtime launched
TpTrace Verbose: 0 : 15096, 5, 2024/02/17, 13:18:41.714, 1440237949014, vstest.console.dll, MulticastDelegateUtilities.SafeInvoke: HostProviderEvents.OnHostLaunched: Invoking callback 2/2 for Microsoft.VisualStudio.TestPlatform.CrossPlatEngine.Client.ProxyOperationManager., took 0 ms.
TpTrace Verbose: 0 : 15096, 5, 2024/02/17, 13:18:41.714, 1440237951144, vstest.console.dll, TestRequestSender.WaitForRequestHandlerConnection: waiting for connection with timeout: 90000.
TpTrace Verbose: 0 : 15096, 7, 2024/02/17, 13:18:41.884, 1440239644715, vstest.console.dll, MulticastDelegateUtilities.SafeInvoke: SocketServer: ClientConnected: Invoking callback 1/1 for Microsoft.VisualStudio.TestPlatform.CommunicationUtilities.TestRequestSender., took 0 ms.
TpTrace Verbose: 0 : 15096, 7, 2024/02/17, 13:18:41.884, 1440239646990, vstest.console.dll, SocketServer.OnClientConnected: Client connected for endPoint: 127.0.0.1:60004, starting MessageLoopAsync:
TpTrace Verbose: 0 : 15096, 5, 2024/02/17, 13:18:41.884, 1440239644729, vstest.console.dll, TestRequestSender.WaitForRequestHandlerConnection: waiting took 169 ms, with timeout 90000 ms, and result 0, which is success.
TpTrace Verbose: 0 : 15096, 13, 2024/02/17, 13:18:41.884, 1440239653300, vstest.console.dll, TcpClientExtensions.MessageLoopAsync: Polling on remoteEndPoint: 127.0.0.1:60005 localEndPoint: 127.0.0.1:60004
TpTrace Verbose: 0 : 15096, 5, 2024/02/17, 13:18:41.885, 1440239658215, vstest.console.dll, TestRequestSender.CheckVersionWithTestHost: Sending check version message: {"MessageType":"ProtocolVersion","Payload":7}
TpTrace Verbose: 0 : 15096, 13, 2024/02/17, 13:18:42.035, 1440241163561, vstest.console.dll, TcpClientExtensions.MessageLoopAsync: NotifyDataAvailable remoteEndPoint: 127.0.0.1:60005 localEndPoint: 127.0.0.1:60004
TpTrace Verbose: 0 : 15096, 13, 2024/02/17, 13:18:42.036, 1440241166578, vstest.console.dll, TestRequestSender.CheckVersionWithTestHost: onMessageReceived received message: (ProtocolVersion) -> {"MessageType":"ProtocolVersion","Payload":7}
TpTrace Verbose: 0 : 15096, 13, 2024/02/17, 13:18:42.037, 1440241173723, vstest.console.dll, MulticastDelegateUtilities.SafeInvoke: LengthPrefixCommunicationChannel: MessageReceived: Invoking callback 1/1 for Microsoft.VisualStudio.TestPlatform.CommunicationUtilities.TestRequestSender+<>c__DisplayClass29_0., took 0 ms.
TpTrace Verbose: 0 : 15096, 5, 2024/02/17, 13:18:42.037, 1440241174772, vstest.console.dll, TestPluginCache.GetExtensionPaths: Filtered extension paths: 
TpTrace Verbose: 0 : 15096, 13, 2024/02/17, 13:18:42.037, 1440241175184, vstest.console.dll, TcpClientExtensions.MessageLoopAsync: Polling on remoteEndPoint: 127.0.0.1:60005 localEndPoint: 127.0.0.1:60004
TpTrace Verbose: 0 : 15096, 5, 2024/02/17, 13:18:42.037, 1440241175750, vstest.console.dll, TestPluginCache.GetExtensionPaths: Added default extension paths: C:\Program Files\dotnet\sdk\8.0.100\Extensions\Microsoft.Diagnostics.NETCore.Client.dll
C:\Program Files\dotnet\sdk\8.0.100\Extensions\Microsoft.TestPlatform.Extensions.BlameDataCollector.dll
C:\Program Files\dotnet\sdk\8.0.100\Extensions\Microsoft.TestPlatform.Extensions.EventLogCollector.dll
C:\Program Files\dotnet\sdk\8.0.100\Extensions\Microsoft.TestPlatform.TestHostRuntimeProvider.dll
C:\Program Files\dotnet\sdk\8.0.100\Extensions\Microsoft.VisualStudio.TestPlatform.Extensions.Html.TestLogger.dll
C:\Program Files\dotnet\sdk\8.0.100\Extensions\Microsoft.VisualStudio.TestPlatform.Extensions.Trx.TestLogger.dll
TpTrace Verbose: 0 : 15096, 5, 2024/02/17, 13:18:42.037, 1440241177081, vstest.console.dll, TestPluginCache.GetExtensionPaths: Added unfilterableExtensionPaths: 
TpTrace Verbose: 0 : 15096, 5, 2024/02/17, 13:18:42.040, 1440241209945, vstest.console.dll, TestRequestSender.InitializeExecution: Sending initialize execution with message: {"Version":7,"MessageType":"TestExecution.Initialize","Payload":["D:\\Visual Studio Projects\\Back-End Technologies Basics - January 2024\\13.02.24 Code Coverage\\LibraryManagementSystem\\LibraryManagementTest\\bin\\Debug\\net6.0\\fine-code-coverage\\build-output\\NUnit3.TestAdapter.dll"]}
TpTrace Verbose: 0 : 15096, 5, 2024/02/17, 13:18:42.040, 1440241212973, vstest.console.dll, ParallelProxyExecutionManager.StartTestRunOnConcurrentManager: Execution starting. Started clients: 1
TpTrace Verbose: 0 : 15096, 5, 2024/02/17, 13:18:42.041, 1440241216211, vstest.console.dll, TestRunRequest:SendTestRunMessage: Starting.
TpTrace Verbose: 0 : 15096, 5, 2024/02/17, 13:18:42.041, 1440241218517, vstest.console.dll, MulticastDelegateUtilities.SafeInvoke: TestRun.LogMessages: Invoking callback 1/1 for Microsoft.VisualStudio.TestPlatform.CommandLine.TestRunResultAggregator., took 0 ms.
TpTrace Information: 0 : 15096, 5, 2024/02/17, 13:18:42.041, 1440241219191, vstest.console.dll, TestRunRequest:SendTestRunMessage: Completed.
TpTrace Verbose: 0 : 15096, 4, 2024/02/17, 13:18:42.041, 1440241220921, vstest.console.dll, MulticastDelegateUtilities.SafeInvoke: InternalTestLoggerEvents.SendTestRunMessage: Invoking callback 1/1 for Microsoft.VisualStudio.TestPlatform.CommandLine.Internal.ConsoleLogger., took 0 ms.
TpTrace Warning: 0 : 15096, 5, 2024/02/17, 13:18:42.041, 1440241223052, vstest.console.dll, InferRunSettingsHelper.MakeRunsettingsCompatible: Removing the following settings: TargetPlatform from RunSettings file. To use those settings please move to latest version of Microsoft.NET.Test.Sdk
TpTrace Verbose: 0 : 15096, 13, 2024/02/17, 13:18:42.043, 1440241240227, vstest.console.dll, TcpClientExtensions.MessageLoopAsync: NotifyDataAvailable remoteEndPoint: 127.0.0.1:60005 localEndPoint: 127.0.0.1:60004
TpTrace Verbose: 0 : 15096, 13, 2024/02/17, 13:18:42.044, 1440241245984, vstest.console.dll, TestRequestSender.OnExecutionMessageReceived: Received message: {"Version":7,"MessageType":"TestSession.Message","Payload":{"MessageLevel":0,"Message":"Logging TestHost Diagnostics in file: D:\\Visual Studio Projects\\Back-End Technologies Basics - January 2024\\13.02.24 Code Coverage\\LibraryManagementSystem\\LibraryManagementTest\\bin\\Debug\\net6.0\\fine-code-coverage\\coverage-tool-output\\diagnostics.host.24-02-17_13-18-41_70534_5.log"}}
TpTrace Verbose: 0 : 15096, 13, 2024/02/17, 13:18:42.047, 1440241281144, vstest.console.dll, TestRunRequest:SendTestRunMessage: Starting.
TpTrace Verbose: 0 : 15096, 13, 2024/02/17, 13:18:42.048, 1440241284296, vstest.console.dll, MulticastDelegateUtilities.SafeInvoke: TestRun.LogMessages: Invoking callback 1/1 for Microsoft.VisualStudio.TestPlatform.CommandLine.TestRunResultAggregator., took 0 ms.
TpTrace Information: 0 : 15096, 13, 2024/02/17, 13:18:42.048, 1440241285564, vstest.console.dll, TestRunRequest:SendTestRunMessage: Completed.
TpTrace Verbose: 0 : 15096, 4, 2024/02/17, 13:18:42.048, 1440241285107, vstest.console.dll, MulticastDelegateUtilities.SafeInvoke: InternalTestLoggerEvents.SendTestRunMessage: Invoking callback 1/1 for Microsoft.VisualStudio.TestPlatform.CommandLine.Internal.ConsoleLogger., took 0 ms.
TpTrace Verbose: 0 : 15096, 13, 2024/02/17, 13:18:42.048, 1440241286790, vstest.console.dll, MulticastDelegateUtilities.SafeInvoke: LengthPrefixCommunicationChannel: MessageReceived: Invoking callback 1/1 for Microsoft.VisualStudio.TestPlatform.CommunicationUtilities.TestRequestSender+<>c__DisplayClass34_0., took 4 ms.
TpTrace Verbose: 0 : 15096, 13, 2024/02/17, 13:18:42.048, 1440241288701, vstest.console.dll, TcpClientExtensions.MessageLoopAsync: Polling on remoteEndPoint: 127.0.0.1:60005 localEndPoint: 127.0.0.1:60004
TpTrace Verbose: 0 : 15096, 5, 2024/02/17, 13:18:42.049, 1440241300539, vstest.console.dll, TestRequestSender.StartTestRun: Sending test run with message: {"Version":7,"MessageType":"TestExecution.StartWithSources","Payload":{"AdapterSourceMap":{"_none_":["D:\\Visual Studio Projects\\Back-End Technologies Basics - January 2024\\13.02.24 Code Coverage\\LibraryManagementSystem\\LibraryManagementTest\\bin\\Debug\\net6.0\\fine-code-coverage\\build-output\\LibraryManagementTest.dll"]},"RunSettings":"<RunSettings>\r\n  <RunConfiguration>\r\n    <ResultsDirectory>D:\\Visual Studio Projects\\Back-End Technologies Basics - January 2024\\13.02.24 Code Coverage\\LibraryManagementSystem\\LibraryManagementTest\\bin\\Debug\\net6.0\\fine-code-coverage\\coverage-tool-output</ResultsDirectory>\r\n    <TargetFrameworkVersion>.NETCoreApp,Version=v6.0</TargetFrameworkVersion>\r\n    <DesignMode>False</DesignMode>\r\n    <CollectSourceInformation>False</CollectSourceInformation>\r\n  </RunConfiguration>\r\n  <LoggerRunSettings>\r\n    <Loggers>\r\n      <Logger friendlyName=\"blame\" enabled=\"True\" />\r\n      <Logger friendlyName=\"Console\" uri=\"logger://microsoft/TestPlatform/ConsoleLogger/v1\" assemblyQualifiedName=\"Microsoft.VisualStudio.TestPlatform.CommandLine.Internal.ConsoleLogger, vstest.console, Version=15.0.0.0, Culture=neutral, PublicKeyToken=b03f5f7f11d50a3a\" codeBase=\"C:\\Program Files\\dotnet\\sdk\\8.0.100\\vstest.console.dll\" enabled=\"True\" />\r\n    </Loggers>\r\n  </LoggerRunSettings>\r\n  <DataCollectionRunSettings>\r\n    <DataCollectors>\r\n      <DataCollector friendlyName=\"blame\" enabled=\"True\">\r\n        <Configuration>\r\n          <ResultsDirectory>D:\\Visual Studio Projects\\Back-End Technologies Basics - January 2024\\13.02.24 Code Coverage\\LibraryManagementSystem\\LibraryManagementTest\\bin\\Debug\\net6.0\\fine-code-coverage\\coverage-tool-output</ResultsDirectory>\r\n        </Configuration>\r\n      </DataCollector>\r\n    </DataCollectors>\r\n  </DataCollectionRunSettings>\r\n</RunSettings>","TestExecutionContext":{"FrequencyOfRunStatsChangeEvent":10,"RunStatsChangeEventTimeout":"00:00:01.5000000","InIsolation":false,"KeepAlive":false,"AreTestCaseLevelEventsRequired":false,"IsDebug":false,"TestCaseFilter":null,"FilterOptions":null},"Package":null}}
TpTrace Verbose: 0 : 15096, 5, 2024/02/17, 13:18:42.050, 1440241304189, vstest.console.dll, ParallelProxyExecutionManager.StartTestRunOnConcurrentManager: Execution started. Started clients: 1
TpTrace Verbose: 0 : 15096, 13, 2024/02/17, 13:18:42.298, 1440243786996, vstest.console.dll, TcpClientExtensions.MessageLoopAsync: NotifyDataAvailable remoteEndPoint: 127.0.0.1:60005 localEndPoint: 127.0.0.1:60004
TpTrace Verbose: 0 : 15096, 13, 2024/02/17, 13:18:42.298, 1440243789242, vstest.console.dll, TestRequestSender.OnExecutionMessageReceived: Received message: {"Version":7,"MessageType":"TestSession.Message","Payload":{"MessageLevel":0,"Message":"NUnit Adapter 4.4.0.0: Test execution started"}}
TpTrace Verbose: 0 : 15096, 13, 2024/02/17, 13:18:42.298, 1440243793597, vstest.console.dll, TestRunRequest:SendTestRunMessage: Starting.
TpTrace Verbose: 0 : 15096, 13, 2024/02/17, 13:18:42.299, 1440243795667, vstest.console.dll, MulticastDelegateUtilities.SafeInvoke: TestRun.LogMessages: Invoking callback 1/1 for Microsoft.VisualStudio.TestPlatform.CommandLine.TestRunResultAggregator., took 0 ms.
TpTrace Information: 0 : 15096, 13, 2024/02/17, 13:18:42.299, 1440243796766, vstest.console.dll, TestRunRequest:SendTestRunMessage: Completed.
TpTrace Verbose: 0 : 15096, 4, 2024/02/17, 13:18:42.299, 1440243796976, vstest.console.dll, MulticastDelegateUtilities.SafeInvoke: InternalTestLoggerEvents.SendTestRunMessage: Invoking callback 1/1 for Microsoft.VisualStudio.TestPlatform.CommandLine.Internal.ConsoleLogger., took 0 ms.
TpTrace Verbose: 0 : 15096, 13, 2024/02/17, 13:18:42.299, 1440243798002, vstest.console.dll, MulticastDelegateUtilities.SafeInvoke: LengthPrefixCommunicationChannel: MessageReceived: Invoking callback 1/1 for Microsoft.VisualStudio.TestPlatform.CommunicationUtilities.TestRequestSender+<>c__DisplayClass34_0., took 0 ms.
TpTrace Verbose: 0 : 15096, 13, 2024/02/17, 13:18:42.299, 1440243800359, vstest.console.dll, TcpClientExtensions.MessageLoopAsync: Polling on remoteEndPoint: 127.0.0.1:60005 localEndPoint: 127.0.0.1:60004
TpTrace Verbose: 0 : 15096, 13, 2024/02/17, 13:18:42.331, 1440244114712, vstest.console.dll, TcpClientExtensions.MessageLoopAsync: NotifyDataAvailable remoteEndPoint: 127.0.0.1:60005 localEndPoint: 127.0.0.1:60004
TpTrace Verbose: 0 : 15096, 13, 2024/02/17, 13:18:42.331, 1440244117645, vstest.console.dll, TestRequestSender.OnExecutionMessageReceived: Received message: {"Version":7,"MessageType":"TestSession.Message","Payload":{"MessageLevel":0,"Message":"Running all tests in D:\\Visual Studio Projects\\Back-End Technologies Basics - January 2024\\13.02.24 Code Coverage\\LibraryManagementSystem\\LibraryManagementTest\\bin\\Debug\\net6.0\\fine-code-coverage\\build-output\\LibraryManagementTest.dll"}}
TpTrace Verbose: 0 : 15096, 13, 2024/02/17, 13:18:42.331, 1440244120052, vstest.console.dll, TestRunRequest:SendTestRunMessage: Starting.
TpTrace Verbose: 0 : 15096, 13, 2024/02/17, 13:18:42.331, 1440244121143, vstest.console.dll, MulticastDelegateUtilities.SafeInvoke: TestRun.LogMessages: Invoking callback 1/1 for Microsoft.VisualStudio.TestPlatform.CommandLine.TestRunResultAggregator., took 0 ms.
TpTrace Information: 0 : 15096, 13, 2024/02/17, 13:18:42.331, 1440244121904, vstest.console.dll, TestRunRequest:SendTestRunMessage: Completed.
TpTrace Verbose: 0 : 15096, 4, 2024/02/17, 13:18:42.331, 1440244121657, vstest.console.dll, MulticastDelegateUtilities.SafeInvoke: InternalTestLoggerEvents.SendTestRunMessage: Invoking callback 1/1 for Microsoft.VisualStudio.TestPlatform.CommandLine.Internal.ConsoleLogger., took 0 ms.
TpTrace Verbose: 0 : 15096, 13, 2024/02/17, 13:18:42.331, 1440244122394, vstest.console.dll, MulticastDelegateUtilities.SafeInvoke: LengthPrefixCommunicationChannel: MessageReceived: Invoking callback 1/1 for Microsoft.VisualStudio.TestPlatform.CommunicationUtilities.TestRequestSender+<>c__DisplayClass34_0., took 0 ms.
TpTrace Verbose: 0 : 15096, 13, 2024/02/17, 13:18:42.332, 1440244124809, vstest.console.dll, TcpClientExtensions.MessageLoopAsync: Polling on remoteEndPoint: 127.0.0.1:60005 localEndPoint: 127.0.0.1:60004
TpTrace Verbose: 0 : 15096, 13, 2024/02/17, 13:18:42.870, 1440249505092, vstest.console.dll, TcpClientExtensions.MessageLoopAsync: NotifyDataAvailable remoteEndPoint: 127.0.0.1:60005 localEndPoint: 127.0.0.1:60004
TpTrace Verbose: 0 : 15096, 13, 2024/02/17, 13:18:42.870, 1440249507562, vstest.console.dll, TestRequestSender.OnExecutionMessageReceived: Received message: {"Version":7,"MessageType":"TestSession.Message","Payload":{"MessageLevel":0,"Message":"   NUnit3TestExecutor discovered 7 of 7 NUnit test cases using Current Discovery mode, Non-Explicit run"}}
TpTrace Verbose: 0 : 15096, 13, 2024/02/17, 13:18:42.870, 1440249509113, vstest.console.dll, TestRunRequest:SendTestRunMessage: Starting.
TpTrace Verbose: 0 : 15096, 13, 2024/02/17, 13:18:42.870, 1440249510163, vstest.console.dll, MulticastDelegateUtilities.SafeInvoke: TestRun.LogMessages: Invoking callback 1/1 for Microsoft.VisualStudio.TestPlatform.CommandLine.TestRunResultAggregator., took 0 ms.
TpTrace Verbose: 0 : 15096, 4, 2024/02/17, 13:18:42.870, 1440249510400, vstest.console.dll, MulticastDelegateUtilities.SafeInvoke: InternalTestLoggerEvents.SendTestRunMessage: Invoking callback 1/1 for Microsoft.VisualStudio.TestPlatform.CommandLine.Internal.ConsoleLogger., took 0 ms.
TpTrace Information: 0 : 15096, 13, 2024/02/17, 13:18:42.870, 1440249510739, vstest.console.dll, TestRunRequest:SendTestRunMessage: Completed.
TpTrace Verbose: 0 : 15096, 13, 2024/02/17, 13:18:42.870, 1440249512530, vstest.console.dll, MulticastDelegateUtilities.SafeInvoke: LengthPrefixCommunicationChannel: MessageReceived: Invoking callback 1/1 for Microsoft.VisualStudio.TestPlatform.CommunicationUtilities.TestRequestSender+<>c__DisplayClass34_0., took 0 ms.
TpTrace Verbose: 0 : 15096, 13, 2024/02/17, 13:18:42.870, 1440249513292, vstest.console.dll, TcpClientExtensions.MessageLoopAsync: Polling on remoteEndPoint: 127.0.0.1:60005 localEndPoint: 127.0.0.1:60004
TpTrace Verbose: 0 : 15096, 13, 2024/02/17, 13:18:43.032, 1440251125312, vstest.console.dll, TcpClientExtensions.MessageLoopAsync: NotifyDataAvailable remoteEndPoint: 127.0.0.1:60005 localEndPoint: 127.0.0.1:60004
TpTrace Verbose: 0 : 15096, 13, 2024/02/17, 13:18:43.032, 1440251126848, vstest.console.dll, TestRequestSender.OnExecutionMessageReceived: Received message: {"Version":7,"MessageType":"TestSession.Message","Payload":{"MessageLevel":0,"Message":"NUnit Adapter 4.4.0.0: Test execution complete"}}
TpTrace Verbose: 0 : 15096, 13, 2024/02/17, 13:18:43.032, 1440251128171, vstest.console.dll, TestRunRequest:SendTestRunMessage: Starting.
TpTrace Verbose: 0 : 15096, 13, 2024/02/17, 13:18:43.032, 1440251128857, vstest.console.dll, MulticastDelegateUtilities.SafeInvoke: TestRun.LogMessages: Invoking callback 1/1 for Microsoft.VisualStudio.TestPlatform.CommandLine.TestRunResultAggregator., took 0 ms.
TpTrace Verbose: 0 : 15096, 4, 2024/02/17, 13:18:43.032, 1440251129315, vstest.console.dll, MulticastDelegateUtilities.SafeInvoke: InternalTestLoggerEvents.SendTestRunMessage: Invoking callback 1/1 for Microsoft.VisualStudio.TestPlatform.CommandLine.Internal.ConsoleLogger., took 0 ms.
TpTrace Information: 0 : 15096, 13, 2024/02/17, 13:18:43.032, 1440251129461, vstest.console.dll, TestRunRequest:SendTestRunMessage: Completed.
TpTrace Verbose: 0 : 15096, 13, 2024/02/17, 13:18:43.032, 1440251131603, vstest.console.dll, MulticastDelegateUtilities.SafeInvoke: LengthPrefixCommunicationChannel: MessageReceived: Invoking callback 1/1 for Microsoft.VisualStudio.TestPlatform.CommunicationUtilities.TestRequestSender+<>c__DisplayClass34_0., took 0 ms.
TpTrace Verbose: 0 : 15096, 13, 2024/02/17, 13:18:43.032, 1440251132080, vstest.console.dll, TcpClientExtensions.MessageLoopAsync: Polling on remoteEndPoint: 127.0.0.1:60005 localEndPoint: 127.0.0.1:60004
TpTrace Verbose: 0 : 15096, 13, 2024/02/17, 13:18:43.089, 1440251697561, vstest.console.dll, TcpClientExtensions.MessageLoopAsync: NotifyDataAvailable remoteEndPoint: 127.0.0.1:60005 localEndPoint: 127.0.0.1:60004
TpTrace Verbose: 0 : 15096, 13, 2024/02/17, 13:18:43.089, 1440251700828, vstest.console.dll, TestRequestSender.OnExecutionMessageReceived: Received message: {"Version":7,"MessageType":"TestExecution.Completed","Payload":{"TestRunCompleteArgs":{"TestRunStatistics":{"ExecutedTests":7,"Stats":{"Passed":7}},"IsCanceled":false,"IsAborted":false,"Error":null,"AttachmentSets":[],"InvokedDataCollectors":[],"ElapsedTimeInRunningTests":"00:00:00.7693584","Metrics":{},"DiscoveredExtensions":{"TestDiscoverers":["NUnit.VisualStudio.TestAdapter.NUnit3TestDiscoverer, NUnit3.TestAdapter, Version=4.4.0.0, Culture=neutral, PublicKeyToken=4cb40d35494691ac"],"TestExecutors":["executor://NUnit3TestExecutor"],"TestExecutors2":[],"TestSettingsProviders":[]}},"LastRunTests":{"NewTestResults":[{"TestCase":{"Id":"88fc9120-ceb3-88e2-3a88-297b20dc1097","FullyQualifiedName":"LibraryManagementTest.LibraryTests.AddBook_ShouldAddNewBookToTheLibrary","DisplayName":"AddBook_ShouldAddNewBookToTheLibrary","ExecutorUri":"executor://NUnit3TestExecutor","Source":"D:\\Visual Studio Projects\\Back-End Technologies Basics - January 2024\\13.02.24 Code Coverage\\LibraryManagementSystem\\LibraryManagementTest\\bin\\Debug\\net6.0\\fine-code-coverage\\build-output\\LibraryManagementTest.dll","CodeFilePath":null,"LineNumber":0,"Properties":[{"Key":{"Id":"NUnit.Seed","Label":"Seed","Category":"","Description":"","Attributes":0,"ValueType":"System.String"},"Value":"1350289072"}]},"Attachments":[],"Outcome":1,"ErrorMessage":null,"ErrorStackTrace":null,"DisplayName":"AddBook_ShouldAddNewBookToTheLibrary","Messages":[],"ComputerName":"LAPTOP-5AA2ROI9","Duration":"00:00:00.0286830","StartTime":"2024-02-17T11:18:42.9136744+00:00","EndTime":"2024-02-17T11:18:42.9422587+00:00","Properties":[{"Key":{"Id":"NUnit.Seed","Label":"Seed","Category":"","Description":"","Attributes":0,"ValueType":"System.String"},"Value":"1350289072"}]},{"TestCase":{"Id":"02240ee2-afb6-430b-bb13-42645f9e7516","FullyQualifiedName":"LibraryManagementTest.LibraryTests.CheckOutBook_ShouldReturnFalse_IfBookDoesNotExist","DisplayName":"CheckOutBook_ShouldReturnFalse_IfBookDoesNotExist","ExecutorUri":"executor://NUnit3TestExecutor","Source":"D:\\Visual Studio Projects\\Back-End Technologies Basics - January 2024\\13.02.24 Code Coverage\\LibraryManagementSystem\\LibraryManagementTest\\bin\\Debug\\net6.0\\fine-code-coverage\\build-output\\LibraryManagementTest.dll","CodeFilePath":null,"LineNumber":0,"Properties":[{"Key":{"Id":"NUnit.Seed","Label":"Seed","Category":"","Description":"","Attributes":0,"ValueType":"System.String"},"Value":"2143510943"}]},"Attachments":[],"Outcome":1,"ErrorMessage":null,"ErrorStackTrace":null,"DisplayName":"CheckOutBook_ShouldReturnFalse_IfBookDoesNotExist","Messages":[],"ComputerName":"LAPTOP-5AA2ROI9","Duration":"00:00:00.0005270","StartTime":"2024-02-17T11:18:42.9441569+00:00","EndTime":"2024-02-17T11:18:42.9446837+00:00","Properties":[{"Key":{"Id":"NUnit.Seed","Label":"Seed","Category":"","Description":"","Attributes":0,"ValueType":"System.String"},"Value":"2143510943"}]},{"TestCase":{"Id":"24cde47c-c61d-2b00-06a4-a22b80f0861b","FullyQualifiedName":"LibraryManagementTest.LibraryTests.CheckOutBook_ShouldReturnFalse_IfBookIsAlreadyCheckOut","DisplayName":"CheckOutBook_ShouldReturnFalse_IfBookIsAlreadyCheckOut","ExecutorUri":"executor://NUnit3TestExecutor","Source":"D:\\Visual Studio Projects\\Back-End Technologies Basics - January 2024\\13.02.24 Code Coverage\\LibraryManagementSystem\\LibraryManagementTest\\bin\\Debug\\net6.0\\fine-code-coverage\\build-output\\LibraryManagementTest.dll","CodeFilePath":null,"LineNumber":0,"Properties":[{"Key":{"Id":"NUnit.Seed","Label":"Seed","Category":"","Description":"","Attributes":0,"ValueType":"System.String"},"Value":"1796427385"}]},"Attachments":[],"Outcome":1,"ErrorMessage":null,"ErrorStackTrace":null,"DisplayName":"CheckOutBook_ShouldReturnFalse_IfBookIsAlreadyCheckOut","Messages":[],"ComputerName":"LAPTOP-5AA2ROI9","Duration":"00:00:00.0001310","StartTime":"2024-02-17T11:18:42.944716+00:00","EndTime":"2024-02-17T11:18:42.9448473+00:00","Properties":[{"Key":{"Id":"NUnit.Seed","Label":"Seed","Category":"","Description":"","Attributes":0,"ValueType":"System.String"},"Value":"1796427385"}]},{"TestCase":{"Id":"2d7225fc-7a89-45a9-da69-76d1b043daee","FullyQualifiedName":"LibraryManagementTest.LibraryTests.CheckOutBook_ShouldReturnTrue_IfWeCanCheckoutTheBook","DisplayName":"CheckOutBook_ShouldReturnTrue_IfWeCanCheckoutTheBook","ExecutorUri":"executor://NUnit3TestExecutor","Source":"D:\\Visual Studio Projects\\Back-End Technologies Basics - January 2024\\13.02.24 Code Coverage\\LibraryManagementSystem\\LibraryManagementTest\\bin\\Debug\\net6.0\\fine-code-coverage\\build-output\\LibraryManagementTest.dll","CodeFilePath":null,"LineNumber":0,"Properties":[{"Key":{"Id":"NUnit.Seed","Label":"Seed","Category":"","Description":"","Attributes":0,"ValueType":"System.String"},"Value":"1480410363"}]},"Attachments":[],"Outcome":1,"ErrorMessage":null,"ErrorStackTrace":null,"DisplayName":"CheckOutBook_ShouldReturnTrue_IfWeCanCheckoutTheBook","Messages":[],"ComputerName":"LAPTOP-5AA2ROI9","Duration":"00:00:00.0004760","StartTime":"2024-02-17T11:18:42.9448632+00:00","EndTime":"2024-02-17T11:18:42.9453394+00:00","Properties":[{"Key":{"Id":"NUnit.Seed","Label":"Seed","Category":"","Description":"","Attributes":0,"ValueType":"System.String"},"Value":"1480410363"}]},{"TestCase":{"Id":"81cbdc5d-fe55-304e-f890-b9e9a6db36eb","FullyQualifiedName":"LibraryManagementTest.LibraryTests.ReturnBook_ShouldReturnFalse_IfBookDoesNotExist","DisplayName":"ReturnBook_ShouldReturnFalse_IfBookDoesNotExist","ExecutorUri":"executor://NUnit3TestExecutor","Source":"D:\\Visual Studio Projects\\Back-End Technologies Basics - January 2024\\13.02.24 Code Coverage\\LibraryManagementSystem\\LibraryManagementTest\\bin\\Debug\\net6.0\\fine-code-coverage\\build-output\\LibraryManagementTest.dll","CodeFilePath":null,"LineNumber":0,"Properties":[{"Key":{"Id":"NUnit.Seed","Label":"Seed","Category":"","Description":"","Attributes":0,"ValueType":"System.String"},"Value":"809704427"}]},"Attachments":[],"Outcome":1,"ErrorMessage":null,"ErrorStackTrace":null,"DisplayName":"ReturnBook_ShouldReturnFalse_IfBookDoesNotExist","Messages":[],"ComputerName":"LAPTOP-5AA2ROI9","Duration":"00:00:00.0004050","StartTime":"2024-02-17T11:18:42.9453563+00:00","EndTime":"2024-02-17T11:18:42.9457607+00:00","Properties":[{"Key":{"Id":"NUnit.Seed","Label":"Seed","Category":"","Description":"","Attributes":0,"ValueType":"System.String"},"Value":"809704427"}]},{"TestCase":{"Id":"aa634f53-aaef-ef7c-86bf-ce465753718b","FullyQualifiedName":"LibraryManagementTest.LibraryTests.ReturnBook_ShouldReturnFalse_IfBookIsNotCheckedOut","DisplayName":"ReturnBook_ShouldReturnFalse_IfBookIsNotCheckedOut","ExecutorUri":"executor://NUnit3TestExecutor","Source":"D:\\Visual Studio Projects\\Back-End Technologies Basics - January 2024\\13.02.24 Code Coverage\\LibraryManagementSystem\\LibraryManagementTest\\bin\\Debug\\net6.0\\fine-code-coverage\\build-output\\LibraryManagementTest.dll","CodeFilePath":null,"LineNumber":0,"Properties":[{"Key":{"Id":"NUnit.Seed","Label":"Seed","Category":"","Description":"","Attributes":0,"ValueType":"System.String"},"Value":"330072099"}]},"Attachments":[],"Outcome":1,"ErrorMessage":null,"ErrorStackTrace":null,"DisplayName":"ReturnBook_ShouldReturnFalse_IfBookIsNotCheckedOut","Messages":[],"ComputerName":"LAPTOP-5AA2ROI9","Duration":"00:00:00.0001330","StartTime":"2024-02-17T11:18:42.9457753+00:00","EndTime":"2024-02-17T11:18:42.9459077+00:00","Properties":[{"Key":{"Id":"NUnit.Seed","Label":"Seed","Category":"","Description":"","Attributes":0,"ValueType":"System.String"},"Value":"330072099"}]},{"TestCase":{"Id":"b8758619-1c9b-1fb4-61bd-838783775275","FullyQualifiedName":"LibraryManagementTest.LibraryTests.ReturnBook_ShouldReturnTrue_IfBookCanBeCheckedOut","DisplayName":"ReturnBook_ShouldReturnTrue_IfBookCanBeCheckedOut","ExecutorUri":"executor://NUnit3TestExecutor","Source":"D:\\Visual Studio Projects\\Back-End Technologies Basics - January 2024\\13.02.24 Code Coverage\\LibraryManagementSystem\\LibraryManagementTest\\bin\\Debug\\net6.0\\fine-code-coverage\\build-output\\LibraryManagementTest.dll","CodeFilePath":null,"LineNumber":0,"Properties":[{"Key":{"Id":"NUnit.Seed","Label":"Seed","Category":"","Description":"","Attributes":0,"ValueType":"System.String"},"Value":"1511022516"}]},"Attachments":[],"Outcome":1,"ErrorMessage":null,"ErrorStackTrace":null,"DisplayName":"ReturnBook_ShouldReturnTrue_IfBookCanBeCheckedOut","Messages":[],"ComputerName":"LAPTOP-5AA2ROI9","Duration":"00:00:00.0001590","StartTime":"2024-02-17T11:18:42.9459186+00:00","EndTime":"2024-02-17T11:18:42.9460775+00:00","Properties":[{"Key":{"Id":"NUnit.Seed","Label":"Seed","Category":"","Description":"","Attributes":0,"ValueType":"System.String"},"Value":"1511022516"}]}],"TestRunStatistics":{"ExecutedTests":7,"Stats":{"Passed":7}},"ActiveTests":[]},"RunAttachments":[],"ExecutorUris":["executor://nunit3testexecutor/"]}}
TpTrace Verbose: 0 : 15096, 13, 2024/02/17, 13:18:43.089, 1440251703593, vstest.console.dll, TestRequestSender.EndSession: Sending end session.
TpTrace Verbose: 0 : 15096, 13, 2024/02/17, 13:18:43.090, 1440251706849, vstest.console.dll, ProxyOperationManager.Close: waiting for test host to exit for 100 ms
TpTrace Verbose: 0 : 15096, 11, 2024/02/17, 13:18:43.104, 1440251846722, vstest.console.dll, TestHostManagerCallbacks.ctor: Experimental forwarding output is disabled.
TpTrace Warning: 0 : 15096, 11, 2024/02/17, 13:18:43.104, 1440251848386, vstest.console.dll, TestHostManagerCallbacks.ErrorReceivedCallback Test host standard error line: 
TpTrace Verbose: 0 : 15096, 11, 2024/02/17, 13:18:43.114, 1440251943972, vstest.console.dll, TestHostProvider.ExitCallBack: Host exited starting callback.
TpTrace Information: 0 : 15096, 11, 2024/02/17, 13:18:43.114, 1440251945839, vstest.console.dll, TestHostManagerCallbacks.ExitCallBack: Testhost processId: 7768 exited with exitcode: 0 error: ''
TpTrace Verbose: 0 : 15096, 11, 2024/02/17, 13:18:43.114, 1440251946658, vstest.console.dll, DotnetTestHostManager.OnHostExited: invoking OnHostExited callback
TpTrace Verbose: 0 : 15096, 11, 2024/02/17, 13:18:43.114, 1440251947524, vstest.console.dll, CrossPlatEngine.TestHostManagerHostExited: calling on client process exit callback.
TpTrace Information: 0 : 15096, 11, 2024/02/17, 13:18:43.114, 1440251948482, vstest.console.dll, TestRequestSender.OnClientProcessExit: Test host process exited. Standard error: 
TpTrace Information: 0 : 15096, 13, 2024/02/17, 13:18:43.114, 1440251949182, vstest.console.dll, SocketServer.Stop: Stop server endPoint: 127.0.0.1:60004
TpTrace Information: 0 : 15096, 11, 2024/02/17, 13:18:43.114, 1440251949328, vstest.console.dll, SocketServer.Stop: Stop server endPoint: 127.0.0.1:60004
TpTrace Information: 0 : 15096, 13, 2024/02/17, 13:18:43.114, 1440251950030, vstest.console.dll, SocketServer.Stop: Cancellation requested. Stopping message loop.
TpTrace Information: 0 : 15096, 11, 2024/02/17, 13:18:43.114, 1440251950688, vstest.console.dll, SocketServer.Stop: Cancellation requested. Stopping message loop.
TpTrace Verbose: 0 : 15096, 11, 2024/02/17, 13:18:43.114, 1440251952173, vstest.console.dll, MulticastDelegateUtilities.SafeInvoke: HostProviderEvents.OnHostExited: Invoking callback 1/1 for Microsoft.VisualStudio.TestPlatform.CrossPlatEngine.Client.ProxyOperationManager., took 0 ms.
TpTrace Information: 0 : 15096, 13, 2024/02/17, 13:18:43.114, 1440251952706, vstest.console.dll, Closing the connection
TpTrace Verbose: 0 : 15096, 13, 2024/02/17, 13:18:43.115, 1440251955698, vstest.console.dll, ProxyDataCollectionManager.InvokeDataCollectionServiceAction: Starting.
TpTrace Information: 0 : 15096, 13, 2024/02/17, 13:18:43.115, 1440251956540, vstest.console.dll, ProxyDataCollectionManager.AfterTestRunEnd: Get attachment set and invoked data collectors processId: 3208 port: 59999
TpTrace Verbose: 0 : 15096, 13, 2024/02/17, 13:18:43.115, 1440251957429, vstest.console.dll, DataCollectionRequestSender.SendAfterTestRunStartAndGetResult: Send AfterTestRunEnd message with isCancelled: False
TpTrace Verbose: 0 : 15096, 13, 2024/02/17, 13:18:43.124, 1440252044171, vstest.console.dll, DataCollectionRequestSender.SendAfterTestRunStartAndGetResult: Received message: (DataCollection.AfterTestRunEndResult) -> {"MessageType":"DataCollection.AfterTestRunEndResult","Payload":{"AttachmentSets":[],"InvokedDataCollectors":[{"Uri":"datacollector://Microsoft/TestPlatform/Extensions/Blame/v1","FriendlyName":"Blame","AssemblyQualifiedName":"Microsoft.TestPlatform.Extensions.BlameDataCollector.BlameCollector, Microsoft.TestPlatform.Extensions.BlameDataCollector, Version=15.0.0.0, Culture=neutral, PublicKeyToken=b03f5f7f11d50a3a","FilePath":"C:\\Program Files\\dotnet\\sdk\\8.0.100\\Extensions\\Microsoft.TestPlatform.Extensions.BlameDataCollector.dll","HasAttachmentProcessor":false}],"Metrics":{}}}
TpTrace Warning: 0 : 15096, 10, 2024/02/17, 13:18:43.130, 1440252107004, vstest.console.dll, DataCollectionLauncher.ErrorReceivedCallback datacollector standard error line: 
TpTrace Information: 0 : 15096, 13, 2024/02/17, 13:18:43.134, 1440252147021, vstest.console.dll, ProxyDataCollectionManager.InvokeDataCollectionServiceAction: Completed.
TpTrace Information: 0 : 15096, 10, 2024/02/17, 13:18:43.138, 1440252188183, vstest.console.dll, DataCollectionLauncher.ExitCallBack: Data collector exited with exitcode: 0 error: ''
TpTrace Verbose: 0 : 15096, 13, 2024/02/17, 13:18:43.218, 1440252990456, vstest.console.dll, TestRunRequest:SendTestRunStatsChange: Starting.
TpTrace Verbose: 0 : 15096, 13, 2024/02/17, 13:18:43.219, 1440252993653, vstest.console.dll, MulticastDelegateUtilities.SafeInvoke: TestRun.RunStatsChanged: Invoking callbacks was skipped because there are no subscribers.
TpTrace Information: 0 : 15096, 13, 2024/02/17, 13:18:43.219, 1440252994365, vstest.console.dll, TestRunRequest:SendTestRunStatsChange: Completed.
TpTrace Verbose: 0 : 15096, 13, 2024/02/17, 13:18:43.219, 1440252997401, vstest.console.dll, ParallelProxyExecutionManager: HandlePartialRunComplete: Total workloads = 1, Total started clients = 1 Total completed clients = 1, Run complete = True, Run canceled: False.
TpTrace Verbose: 0 : 15096, 13, 2024/02/17, 13:18:43.219, 1440252998007, vstest.console.dll, ParallelProxyExecutionManager: HandlePartialRunComplete: All runs completed stopping all managers.
TpTrace Verbose: 0 : 15096, 13, 2024/02/17, 13:18:43.219, 1440252998540, vstest.console.dll, ParallelOperationManager.StopAllManagers: Stopping all managers.
TpTrace Verbose: 0 : 15096, 13, 2024/02/17, 13:18:43.219, 1440252998979, vstest.console.dll, ParallelOperationManager.ClearSlots: Clearing all slots. Slots should accept more work: False
TpTrace Verbose: 0 : 15096, 13, 2024/02/17, 13:18:43.219, 1440252999637, vstest.console.dll, ParallelOperationManager.SetOccupiedSlotCount: Setting slot counts AvailableSlotCount = 1, OccupiedSlotCount = 0.
TpTrace Verbose: 0 : 15096, 13, 2024/02/17, 13:18:43.219, 1440253000305, vstest.console.dll, Occupied slots:

TpTrace Verbose: 0 : 15096, 4, 2024/02/17, 13:18:43.220, 1440253008269, vstest.console.dll, MulticastDelegateUtilities.SafeInvoke: InternalTestLoggerEvents.SendTestResult: Invoking callback 1/1 for Microsoft.VisualStudio.TestPlatform.CommandLine.Internal.ConsoleLogger., took 1 ms.
TpTrace Verbose: 0 : 15096, 4, 2024/02/17, 13:18:43.220, 1440253011576, vstest.console.dll, MulticastDelegateUtilities.SafeInvoke: InternalTestLoggerEvents.SendTestResult: Invoking callback 1/1 for Microsoft.VisualStudio.TestPlatform.CommandLine.Internal.ConsoleLogger., took 0 ms.
TpTrace Verbose: 0 : 15096, 4, 2024/02/17, 13:18:43.220, 1440253012548, vstest.console.dll, MulticastDelegateUtilities.SafeInvoke: InternalTestLoggerEvents.SendTestResult: Invoking callback 1/1 for Microsoft.VisualStudio.TestPlatform.CommandLine.Internal.ConsoleLogger., took 0 ms.
TpTrace Verbose: 0 : 15096, 4, 2024/02/17, 13:18:43.220, 1440253013319, vstest.console.dll, MulticastDelegateUtilities.SafeInvoke: InternalTestLoggerEvents.SendTestResult: Invoking callback 1/1 for Microsoft.VisualStudio.TestPlatform.CommandLine.Internal.ConsoleLogger., took 0 ms.
TpTrace Verbose: 0 : 15096, 4, 2024/02/17, 13:18:43.221, 1440253013968, vstest.console.dll, MulticastDelegateUtilities.SafeInvoke: InternalTestLoggerEvents.SendTestResult: Invoking callback 1/1 for Microsoft.VisualStudio.TestPlatform.CommandLine.Internal.ConsoleLogger., took 0 ms.
TpTrace Verbose: 0 : 15096, 4, 2024/02/17, 13:18:43.221, 1440253014721, vstest.console.dll, MulticastDelegateUtilities.SafeInvoke: InternalTestLoggerEvents.SendTestResult: Invoking callback 1/1 for Microsoft.VisualStudio.TestPlatform.CommandLine.Internal.ConsoleLogger., took 0 ms.
TpTrace Verbose: 0 : 15096, 4, 2024/02/17, 13:18:43.221, 1440253015479, vstest.console.dll, MulticastDelegateUtilities.SafeInvoke: InternalTestLoggerEvents.SendTestResult: Invoking callback 1/1 for Microsoft.VisualStudio.TestPlatform.CommandLine.Internal.ConsoleLogger., took 0 ms.
TpTrace Verbose: 0 : 15096, 4, 2024/02/17, 13:18:43.228, 1440253089986, vstest.console.dll, MulticastDelegateUtilities.SafeInvoke: InternalTestLoggerEvents.SendTestRunComplete: Invoking callback 1/2 for Microsoft.TestPlatform.Extensions.BlameDataCollector.BlameLogger., took 0 ms.
TpTrace Verbose: 0 : 15096, 4, 2024/02/17, 13:18:43.234, 1440253147769, vstest.console.dll, MulticastDelegateUtilities.SafeInvoke: InternalTestLoggerEvents.SendTestRunComplete: Invoking callback 2/2 for Microsoft.VisualStudio.TestPlatform.CommandLine.Internal.ConsoleLogger., took 5 ms.
TpTrace Verbose: 0 : 15096, 13, 2024/02/17, 13:18:43.234, 1440253152685, vstest.console.dll, TestRunRequest:TestRunComplete: Starting. IsAborted:False IsCanceled:False.
TpTrace Verbose: 0 : 15096, 13, 2024/02/17, 13:18:43.235, 1440253154572, vstest.console.dll, ParallelOperationManager.DoActionOnAllManagers: Calling an action on all managers.
TpTrace Verbose: 0 : 15096, 13, 2024/02/17, 13:18:43.235, 1440253163126, vstest.console.dll, TestLoggerManager.HandleTestRunComplete: Ignoring as the object is disposed.
TpTrace Verbose: 0 : 15096, 13, 2024/02/17, 13:18:43.236, 1440253165444, vstest.console.dll, MulticastDelegateUtilities.SafeInvoke: TestRun.TestRunComplete: Invoking callback 1/2 for Microsoft.VisualStudio.TestPlatform.CommandLine.TestRunResultAggregator., took 0 ms.
TpTrace Verbose: 0 : 15096, 13, 2024/02/17, 13:18:43.236, 1440253166516, vstest.console.dll, MulticastDelegateUtilities.SafeInvoke: TestRun.TestRunComplete: Invoking callback 2/2 for Microsoft.VisualStudio.TestPlatform.CommandLine.Processors.RunTestsArgumentExecutor+TestRunRequestEventsRegistrar., took 0 ms.
TpTrace Information: 0 : 15096, 13, 2024/02/17, 13:18:43.236, 1440253167685, vstest.console.dll, TestRunRequest:TestRunComplete: Completed.
TpTrace Verbose: 0 : 15096, 1, 2024/02/17, 13:18:43.236, 1440253167859, vstest.console.dll, TestRunRequest.Dispose: Starting.
TpTrace Verbose: 0 : 15096, 13, 2024/02/17, 13:18:43.236, 1440253168300, vstest.console.dll, TestRequestSender.SetOperationComplete: Setting operation complete.
TpTrace Information: 0 : 15096, 1, 2024/02/17, 13:18:43.236, 1440253169007, vstest.console.dll, TestRunRequest.Dispose: Completed.
TpTrace Information: 0 : 15096, 13, 2024/02/17, 13:18:43.236, 1440253169518, vstest.console.dll, SocketServer.Stop: Stop server endPoint: 127.0.0.1:60004
TpTrace Information: 0 : 15096, 1, 2024/02/17, 13:18:43.236, 1440253170143, vstest.console.dll, TestRequestManager.RunTests: run tests completed.
TpTrace Information: 0 : 15096, 13, 2024/02/17, 13:18:43.236, 1440253170530, vstest.console.dll, SocketServer.Stop: Cancellation requested. Stopping message loop.
TpTrace Information: 0 : 15096, 1, 2024/02/17, 13:18:43.236, 1440253171392, vstest.console.dll, RunTestsArgumentProcessor:Execute: Test run is completed.
TpTrace Verbose: 0 : 15096, 13, 2024/02/17, 13:18:43.236, 1440253171563, vstest.console.dll, MulticastDelegateUtilities.SafeInvoke: LengthPrefixCommunicationChannel: MessageReceived: Invoking callback 1/1 for Microsoft.VisualStudio.TestPlatform.CommunicationUtilities.TestRequestSender+<>c__DisplayClass34_0., took 147 ms.
TpTrace Information: 0 : 15096, 13, 2024/02/17, 13:18:43.236, 1440253172485, vstest.console.dll, SocketServer.PrivateStop: Stopping server endPoint: 127.0.0.1:60004 error: 
TpTrace Verbose: 0 : 15096, 1, 2024/02/17, 13:18:43.237, 1440253173842, vstest.console.dll, Executor.Execute: Exiting with exit code of 0
TpTrace Verbose: 0 : 15096, 13, 2024/02/17, 13:18:43.237, 1440253177504, vstest.console.dll, LengthPrefixCommunicationChannel.Dispose: Dispose reader and writer.
